<!DOCTYPE html PUBLIC "-//W3C//DTD XHTML 1.1//EN" "https://www.w3.org/TR/xhtml11/DTD/xhtml11.dtd">
<html xmlns="https://www.w3.org/1999/xhtml">
<head>
<meta http-equiv="content-type" content="text/html; charset=UTF-8"/>
<title>TestNG Report</title>
<style type="text/css">table {margin-bottom:10px;border-collapse:collapse;empty-cells:show}th,td {border:1px solid #009;padding:.25em .5em}th {vertical-align:bottom}td {vertical-align:top}table a {font-weight:bold}.stripe td {background-color: #E6EBF9}.num {text-align:right}.passedodd td {background-color: #3F3}.passedeven td {background-color: #0A0}.skippedodd td {background-color: #DDD}.skippedeven td {background-color: #CCC}.failedodd td,.attn {background-color: #F33}.failedeven td,.stripe .attn {background-color: #D00}.stacktrace {white-space:pre;font-family:monospace}.totop {font-size:85%;text-align:center;border-bottom:2px solid #000}.invisible {display:none}</style>
</head>
<body>
<table>
<tr><th>Test</th><th># Passed</th><th># Skipped</th><th># Retried</th><th># Failed</th><th>Time (ms)</th><th>Included Groups</th><th>Excluded Groups</th></tr>
<tr><th colspan="8">IQsoft API Integration</th></tr>
<tr><td><a href="#t0">API Integration Automation Test</a></td><td class="num">13</td><td class="num">0</td><td class="num">0</td><td class="num attn">34</td><td class="num">43,529</td><td></td><td></td></tr>
</table>
<table id='summary'><thead><tr><th>Class</th><th>Method</th><th>Start</th><th>Time (ms)</th></tr></thead><tbody><tr><th colspan="4">IQsoft API Integration</th></tr></tbody><tbody id="t0"><tr><th colspan="4">API Integration Automation Test &#8212; failed</th></tr><tr class="failedeven"><td rowspan="3">testCases.IqSoft_API_2_Authorization_Negative_Test</td><td><a href="#m0">AuthorizationAPIValidateResponseWithExpiredToken</a></td><td rowspan="1">1667195900681</td><td rowspan="1">280</td></tr><tr class="failedeven"><td><a href="#m1">AuthorizationAPIValidateResponseWithInvalidProductID</a></td><td rowspan="1">1667195901237</td><td rowspan="1">285</td></tr><tr class="failedeven"><td><a href="#m2">AuthorizationAPIValidateResponseWithInvalidToken</a></td><td rowspan="1">1667195900964</td><td rowspan="1">271</td></tr><tr class="failedodd"><td rowspan="4">testCases.IqSoft_API_3_GetBalance_Negative_Test</td><td><a href="#m3">GetBalanceAPIValidateResponseWithExpiredToken</a></td><td rowspan="1">1667195901525</td><td rowspan="1">356</td></tr><tr class="failedodd"><td><a href="#m4">GetBalanceAPIValidateResponseWithInvalidCurrencyID</a></td><td rowspan="1">1667195902242</td><td rowspan="1">270</td></tr><tr class="failedodd"><td><a href="#m5">GetBalanceAPIValidateResponseWithInvalidToken</a></td><td rowspan="1">1667195901883</td><td rowspan="1">357</td></tr><tr class="failedodd"><td><a href="#m6">GetBalanceAPIValidateResponseWithOtherCurrencyID</a></td><td rowspan="1">1667195902516</td><td rowspan="1">559</td></tr><tr class="failedeven"><td rowspan="9">testCases.IqSoft_API_4_Credit_Negative_Test</td><td><a href="#m7">CreditAPIValidateResponseUsingAmountHigherThenBalance</a></td><td rowspan="1">1667195907042</td><td rowspan="1">834</td></tr><tr class="failedeven"><td><a href="#m8">CreditAPIValidateResponseWithExpiredToken</a></td><td rowspan="1">1667195903079</td><td rowspan="1">927</td></tr><tr class="failedeven"><td><a href="#m9">CreditAPIValidateResponseWithInvalidAmount</a></td><td rowspan="5">1667195908689</td><td rowspan="5">848</td></tr><tr class="failedeven"><td><a href="#m10">CreditAPIValidateResponseWithInvalidAmount</a></td></tr><tr class="failedeven"><td><a href="#m11">CreditAPIValidateResponseWithInvalidAmount</a></td></tr><tr class="failedeven"><td><a href="#m12">CreditAPIValidateResponseWithInvalidAmount</a></td></tr><tr class="failedeven"><td><a href="#m13">CreditAPIValidateResponseWithInvalidAmount</a></td></tr><tr class="failedeven"><td><a href="#m14">CreditAPIValidateResponseWithInvalidProductID</a></td><td rowspan="1">1667195904836</td><td rowspan="1">812</td></tr><tr class="failedeven"><td><a href="#m15">CreditAPIValidateResponseWithInvalidToken</a></td><td rowspan="1">1667195904009</td><td rowspan="1">824</td></tr><tr class="failedodd"><td rowspan="1">testCases.IqSoft_API_4_Credit_Positive_Test</td><td><a href="#m16">CreditAPIValidatePositiveResponse</a></td><td rowspan="1">1667195893522</td><td rowspan="1">8</td></tr><tr class="failedeven"><td rowspan="8">testCases.IqSoft_API_5_Debit_Negative_Test</td><td><a href="#m17">DebitAPIValidateResponseUsingInvalidAmount</a></td><td rowspan="4">1667195921240</td><td rowspan="4">2717</td></tr><tr class="failedeven"><td><a href="#m18">DebitAPIValidateResponseUsingInvalidAmount</a></td></tr><tr class="failedeven"><td><a href="#m19">DebitAPIValidateResponseUsingInvalidAmount</a></td></tr><tr class="failedeven"><td><a href="#m20">DebitAPIValidateResponseUsingInvalidAmount</a></td></tr><tr class="failedeven"><td><a href="#m21">DebitAPIValidateResponseUsingInvalidCreditTransactionID</a></td><td rowspan="1">1667195917554</td><td rowspan="1">821</td></tr><tr class="failedeven"><td><a href="#m22">DebitAPIValidateResponseUsingInvalidProductID</a></td><td rowspan="1">1667195913444</td><td rowspan="1">1440</td></tr><tr class="failedeven"><td><a href="#m23">DebitAPIValidateResponseUsingTransactionIDTwice</a></td><td rowspan="1">1667195914890</td><td rowspan="1">2661</td></tr><tr class="failedeven"><td><a href="#m24">DebitAPIValidateResponseWithInvalidToken</a></td><td rowspan="1">1667195912067</td><td rowspan="1">1375</td></tr><tr class="failedodd"><td rowspan="1">testCases.IqSoft_API_5_Debit_Positive_Test</td><td><a href="#m25">DebitAPIValidatePositiveResponse</a></td><td rowspan="1">1667195894707</td><td rowspan="1">4</td></tr><tr class="failedeven"><td rowspan="2">testCases.IqSoft_API_6_RollBackCreditWithDebit_Positive_Test</td><td><a href="#m26">RollBackAPIValidatePositiveResponse</a></td><td rowspan="1">1667195896924</td><td rowspan="1">3</td></tr><tr class="failedeven"><td><a href="#m27">RollBackAPIValidatePositiveResponseBalanceCorrection</a></td><td rowspan="1">1667195896930</td><td rowspan="1">2</td></tr><tr class="failedodd"><td rowspan="2">testCases.IqSoft_API_6_RollBackCreditWithoutDebit_Positive_Test</td><td><a href="#m28">RollBackAPIValidatePositiveResponse</a></td><td rowspan="1">1667195898559</td><td rowspan="1">2</td></tr><tr class="failedodd"><td><a href="#m29">RollBackAPIValidatePositiveResponseBalanceCorrection</a></td><td rowspan="1">1667195898564</td><td rowspan="1">1</td></tr><tr class="failedeven"><td rowspan="2">testCases.IqSoft_API_6_RollBackDebit_Positive_Test</td><td><a href="#m30">RollBackAPIValidatePositiveResponse</a></td><td rowspan="1">1667195900669</td><td rowspan="1">3</td></tr><tr class="failedeven"><td><a href="#m31">RollBackAPIValidatePositiveResponseBalanceCorrection</a></td><td rowspan="1">1667195900677</td><td rowspan="1">2</td></tr><tr class="failedodd"><td rowspan="2">testCases.IqSoft_API_6_RollBack_Negative_Test</td><td><a href="#m32">RollBackAPIValidateResponseUsingSameCreditTransactionIDTwice</a></td><td rowspan="1">1667195929872</td><td rowspan="1">2007</td></tr><tr class="failedodd"><td><a href="#m33">RollBackAPIValidateResponseUsingSameRollBackTransactionIDTwice</a></td><td rowspan="1">1667195931882</td><td rowspan="1">2606</td></tr><tr><th colspan="4">API Integration Automation Test &#8212; passed</th></tr><tr class="passedeven"><td rowspan="2">testCases.IqSoft_API_2_Authorization_Positive_Test</td><td><a href="#m34">AuthorizationAPIValidatePositiveResponse</a></td><td rowspan="1">1667195892048</td><td rowspan="1">6</td></tr><tr class="passedeven"><td><a href="#m35">AuthorizationAPIValidateStatusCod</a></td><td rowspan="1">1667195891949</td><td rowspan="1">40</td></tr><tr class="passedodd"><td rowspan="2">testCases.IqSoft_API_3_GetBalance_Positive_Test</td><td><a href="#m36">GetBalanceAPIValidatePositiveResponse</a></td><td rowspan="1">1667195892421</td><td rowspan="1">4</td></tr><tr class="passedodd"><td><a href="#m37">GetBalanceAPIValidateStatusCod</a></td><td rowspan="1">1667195892416</td><td rowspan="1">2</td></tr><tr class="passedeven"><td rowspan="1">testCases.IqSoft_API_4_Credit_Negative_Test</td><td><a href="#m38">CreditAPIValidateResponseUsingTransactionIDTwice</a></td><td rowspan="1">1667195905653</td><td rowspan="1">1386</td></tr><tr class="passedodd"><td rowspan="1">testCases.IqSoft_API_4_Credit_Positive_Test</td><td><a href="#m39">CreditAPIValidateStatusCod</a></td><td rowspan="1">1667195893515</td><td rowspan="1">3</td></tr><tr class="passedeven"><td rowspan="1">testCases.IqSoft_API_5_Debit_Positive_Test</td><td><a href="#m40">DebitAPIValidateStatusCod</a></td><td rowspan="1">1667195894701</td><td rowspan="1">3</td></tr><tr class="passedodd"><td rowspan="1">testCases.IqSoft_API_6_RollBackCreditWithDebit_Positive_Test</td><td><a href="#m41">RollBackAPIValidateStatusCod</a></td><td rowspan="1">1667195896920</td><td rowspan="1">1</td></tr><tr class="passedeven"><td rowspan="1">testCases.IqSoft_API_6_RollBackCreditWithoutDebit_Positive_Test</td><td><a href="#m42">RollBackAPIValidateStatusCod</a></td><td rowspan="1">1667195898554</td><td rowspan="1">2</td></tr><tr class="passedodd"><td rowspan="1">testCases.IqSoft_API_6_RollBackDebit_Positive_Test</td><td><a href="#m43">RollBackAPIValidateStatusCod</a></td><td rowspan="1">1667195900662</td><td rowspan="1">3</td></tr><tr class="passedeven"><td rowspan="3">testCases.IqSoft_API_6_RollBack_Negative_Test</td><td><a href="#m44">RollBackAPIValidateResponseUsingInvalidProductID</a></td><td rowspan="1">1667195927638</td><td rowspan="1">1398</td></tr><tr class="passedeven"><td><a href="#m45">RollBackAPIValidateResponseUsingSameTransactionIDForRollBackAndCredit</a></td><td rowspan="1">1667195929039</td><td rowspan="1">827</td></tr><tr class="passedeven"><td><a href="#m46">RollBackAPIValidateResponseWithInvalidToken</a></td><td rowspan="1">1667195926231</td><td rowspan="1">1404</td></tr></tbody>
</table>
<h2>API Integration Automation Test</h2><h3 id="m0">testCases.IqSoft_API_2_Authorization_Negative_Test#AuthorizationAPIValidateResponseWithExpiredToken</h3><table class="result"><tr><th>Exception</th></tr><tr><td><div class="stacktrace">java.lang.AssertionError: The following asserts failed:
	ResponseCode: 0 expected [29] but found [0],
	Error Description: null expected [SessionExpired] but found [null]
	at testCases.IqSoft_API_2_Authorization_Negative_Test.AuthorizationAPIValidateResponseWithExpiredToken(IqSoft_API_2_Authorization_Negative_Test.java:43)
	at java.base/java.util.ArrayList.forEach(ArrayList.java:1511)
... Removed 32 stack frames</div></td></tr></table><p class="totop"><a href="#summary">back to summary</a></p>
<h3 id="m1">testCases.IqSoft_API_2_Authorization_Negative_Test#AuthorizationAPIValidateResponseWithInvalidProductID</h3><table class="result"><tr><th>Exception</th></tr><tr><td><div class="stacktrace">java.lang.AssertionError: The following asserts failed:
	ResponseCode: 0 expected [43] but found [0],
	Error Description: null expected [ProductNotFound] but found [null]
	at testCases.IqSoft_API_2_Authorization_Negative_Test.AuthorizationAPIValidateResponseWithInvalidProductID(IqSoft_API_2_Authorization_Negative_Test.java:96)
	at java.base/java.util.ArrayList.forEach(ArrayList.java:1511)
... Removed 32 stack frames</div></td></tr></table><p class="totop"><a href="#summary">back to summary</a></p>
<h3 id="m2">testCases.IqSoft_API_2_Authorization_Negative_Test#AuthorizationAPIValidateResponseWithInvalidToken</h3><table class="result"><tr><th>Exception</th></tr><tr><td><div class="stacktrace">java.lang.AssertionError: The following asserts failed:
	ResponseCode: 0 expected [22] but found [0],
	Error Description: null expected [ClientNotFound] but found [null]
	at testCases.IqSoft_API_2_Authorization_Negative_Test.AuthorizationAPIValidateResponseWithInvalidToken(IqSoft_API_2_Authorization_Negative_Test.java:71)
	at java.base/java.util.ArrayList.forEach(ArrayList.java:1511)
... Removed 32 stack frames</div></td></tr></table><p class="totop"><a href="#summary">back to summary</a></p>
<h3 id="m3">testCases.IqSoft_API_3_GetBalance_Negative_Test#GetBalanceAPIValidateResponseWithExpiredToken</h3><table class="result"><tr><th>Exception</th></tr><tr><td><div class="stacktrace">java.lang.AssertionError: The following asserts failed:
	ResponseCode: 0 expected [29] but found [0],
	Error Description: null expected [SessionExpired] but found [null]
	at testCases.IqSoft_API_3_GetBalance_Negative_Test.GetBalanceAPIValidateResponseWithExpiredToken(IqSoft_API_3_GetBalance_Negative_Test.java:41)
	at java.base/java.util.ArrayList.forEach(ArrayList.java:1511)
... Removed 32 stack frames</div></td></tr></table><p class="totop"><a href="#summary">back to summary</a></p>
<h3 id="m4">testCases.IqSoft_API_3_GetBalance_Negative_Test#GetBalanceAPIValidateResponseWithInvalidCurrencyID</h3><table class="result"><tr><th>Exception</th></tr><tr><td><div class="stacktrace">java.lang.AssertionError: The following asserts failed:
	ResponseCode: 0 expected [20] but found [0],
	Error Description: null expected [CurrencyNotExists] but found [null]
	at testCases.IqSoft_API_3_GetBalance_Negative_Test.GetBalanceAPIValidateResponseWithInvalidCurrencyID(IqSoft_API_3_GetBalance_Negative_Test.java:89)
	at java.base/java.util.ArrayList.forEach(ArrayList.java:1511)
... Removed 32 stack frames</div></td></tr></table><p class="totop"><a href="#summary">back to summary</a></p>
<h3 id="m5">testCases.IqSoft_API_3_GetBalance_Negative_Test#GetBalanceAPIValidateResponseWithInvalidToken</h3><table class="result"><tr><th>Exception</th></tr><tr><td><div class="stacktrace">java.lang.AssertionError: The following asserts failed:
	ResponseCode: 0 expected [22] but found [0],
	Error Description: null expected [error login] but found [null]
	at testCases.IqSoft_API_3_GetBalance_Negative_Test.GetBalanceAPIValidateResponseWithInvalidToken(IqSoft_API_3_GetBalance_Negative_Test.java:65)
	at java.base/java.util.ArrayList.forEach(ArrayList.java:1511)
... Removed 32 stack frames</div></td></tr></table><p class="totop"><a href="#summary">back to summary</a></p>
<h3 id="m6">testCases.IqSoft_API_3_GetBalance_Negative_Test#GetBalanceAPIValidateResponseWithOtherCurrencyID</h3><table class="result"><tr><th>Exception</th></tr><tr><td><div class="stacktrace">java.lang.AssertionError: balanceUSD VS balanceEUR did not expect [61.1] but found [61.1]
	at testCases.IqSoft_API_3_GetBalance_Negative_Test.GetBalanceAPIValidateResponseWithOtherCurrencyID(IqSoft_API_3_GetBalance_Negative_Test.java:113)
	at java.base/java.util.ArrayList.forEach(ArrayList.java:1511)
... Removed 34 stack frames</div></td></tr></table><p class="totop"><a href="#summary">back to summary</a></p>
<h3 id="m7">testCases.IqSoft_API_4_Credit_Negative_Test#CreditAPIValidateResponseUsingAmountHigherThenBalance</h3><table class="result"><tr><th>Exception</th></tr><tr><td><div class="stacktrace">java.lang.AssertionError: The following asserts failed:
	ResponseCode: 21 expected [63] but found [21],
	Error Description: Insufficient funds expected [balance less then bet Amount] but found [Insufficient funds]
	at testCases.IqSoft_API_4_Credit_Negative_Test.CreditAPIValidateResponseUsingAmountHigherThenBalance(IqSoft_API_4_Credit_Negative_Test.java:236)
	at java.base/java.util.ArrayList.forEach(ArrayList.java:1511)
... Removed 32 stack frames</div></td></tr></table><p class="totop"><a href="#summary">back to summary</a></p>
<h3 id="m8">testCases.IqSoft_API_4_Credit_Negative_Test#CreditAPIValidateResponseWithExpiredToken</h3><table class="result"><tr><th>Exception</th></tr><tr><td><div class="stacktrace">java.lang.AssertionError: The following asserts failed:
	ResponseCode: 0 expected [29] but found [0],
	Error Description:  expected [SessionExpired] but found [],
	amountBeforeCredit = amountAfterCredit: 61.1 = 60.1 expected [60.1] but found [61.1]
	at testCases.IqSoft_API_4_Credit_Negative_Test.CreditAPIValidateResponseWithExpiredToken(IqSoft_API_4_Credit_Negative_Test.java:60)
	at java.base/java.util.ArrayList.forEach(ArrayList.java:1511)
... Removed 32 stack frames</div></td></tr></table><p class="totop"><a href="#summary">back to summary</a></p>
<h3 id="m9">testCases.IqSoft_API_4_Credit_Negative_Test#CreditAPIValidateResponseWithInvalidAmount</h3><table class="result"><tr class="param"><th>Parameter #1</th></tr><tr class="param stripe"><td>-1.0</td></tr><tr><th>Exception</th></tr><tr><td><div class="stacktrace">java.lang.AssertionError: The following asserts failed:
	ResponseCode: 21 expected [39] but found [21],
	Error Description: Invalid request params expected [WrongOperationAmount] but found [Invalid request params],
	AmountBeforeCredit: 57.1 = amountAfterCredit : 58.1 expected [58.1] but found [57.1]
	at testCases.IqSoft_API_4_Credit_Negative_Test.CreditAPIValidateResponseWithInvalidAmount(IqSoft_API_4_Credit_Negative_Test.java:280)
	at java.base/java.util.ArrayList.forEach(ArrayList.java:1511)
... Removed 32 stack frames</div></td></tr></table><p class="totop"><a href="#summary">back to summary</a></p>
<h3 id="m10">testCases.IqSoft_API_4_Credit_Negative_Test#CreditAPIValidateResponseWithInvalidAmount</h3><table class="result"><tr class="param"><th>Parameter #1</th></tr><tr class="param stripe"><td>-1.005</td></tr><tr><th>Exception</th></tr><tr><td><div class="stacktrace">java.lang.AssertionError: The following asserts failed:
	ResponseCode: 21 expected [39] but found [21],
	Error Description: Invalid request params expected [WrongOperationAmount] but found [Invalid request params],
	AmountBeforeCredit: 60.65 = amountAfterCredit : 61.66 expected [61.66] but found [60.65]
	at testCases.IqSoft_API_4_Credit_Negative_Test.CreditAPIValidateResponseWithInvalidAmount(IqSoft_API_4_Credit_Negative_Test.java:280)
	at java.base/java.util.ArrayList.forEach(ArrayList.java:1511)
... Removed 32 stack frames</div></td></tr></table><p class="totop"><a href="#summary">back to summary</a></p>
<h3 id="m11">testCases.IqSoft_API_4_Credit_Negative_Test#CreditAPIValidateResponseWithInvalidAmount</h3><table class="result"><tr class="param"><th>Parameter #1</th></tr><tr class="param stripe"><td>-1.05</td></tr><tr><th>Exception</th></tr><tr><td><div class="stacktrace">java.lang.AssertionError: The following asserts failed:
	ResponseCode: 21 expected [39] but found [21],
	Error Description: Invalid request params expected [WrongOperationAmount] but found [Invalid request params],
	AmountBeforeCredit: 59.6 = amountAfterCredit : 60.65 expected [60.65] but found [59.6]
	at testCases.IqSoft_API_4_Credit_Negative_Test.CreditAPIValidateResponseWithInvalidAmount(IqSoft_API_4_Credit_Negative_Test.java:280)
	at java.base/java.util.ArrayList.forEach(ArrayList.java:1511)
... Removed 32 stack frames</div></td></tr></table><p class="totop"><a href="#summary">back to summary</a></p>
<h3 id="m12">testCases.IqSoft_API_4_Credit_Negative_Test#CreditAPIValidateResponseWithInvalidAmount</h3><table class="result"><tr class="param"><th>Parameter #1</th></tr><tr class="param stripe"><td>0.0</td></tr><tr><th>Exception</th></tr><tr><td><div class="stacktrace">java.lang.AssertionError: The following asserts failed:
	ResponseCode: 21 expected [39] but found [21],
	Error Description: Invalid request params expected [WrongOperationAmount] but found [Invalid request params]
	at testCases.IqSoft_API_4_Credit_Negative_Test.CreditAPIValidateResponseWithInvalidAmount(IqSoft_API_4_Credit_Negative_Test.java:280)
	at java.base/java.util.ArrayList.forEach(ArrayList.java:1511)
... Removed 32 stack frames</div></td></tr></table><p class="totop"><a href="#summary">back to summary</a></p>
<h3 id="m13">testCases.IqSoft_API_4_Credit_Negative_Test#CreditAPIValidateResponseWithInvalidAmount</h3><table class="result"><tr class="param"><th>Parameter #1</th></tr><tr class="param stripe"><td>-1.5</td></tr><tr><th>Exception</th></tr><tr><td><div class="stacktrace">java.lang.AssertionError: The following asserts failed:
	ResponseCode: 21 expected [39] but found [21],
	Error Description: Invalid request params expected [WrongOperationAmount] but found [Invalid request params],
	AmountBeforeCredit: 58.1 = amountAfterCredit : 59.6 expected [59.6] but found [58.1]
	at testCases.IqSoft_API_4_Credit_Negative_Test.CreditAPIValidateResponseWithInvalidAmount(IqSoft_API_4_Credit_Negative_Test.java:280)
	at java.base/java.util.ArrayList.forEach(ArrayList.java:1511)
... Removed 32 stack frames</div></td></tr></table><p class="totop"><a href="#summary">back to summary</a></p>
<h3 id="m14">testCases.IqSoft_API_4_Credit_Negative_Test#CreditAPIValidateResponseWithInvalidProductID</h3><table class="result"><tr><th>Exception</th></tr><tr><td><div class="stacktrace">java.lang.AssertionError: The following asserts failed:
	ResponseCode: 0 expected [43] but found [0],
	Error Description:  expected [game not available] but found [],
	Amount BeforeCredit: 59.1Amount AfterCredit: 58.1 expected [58.1] but found [59.1]
	at testCases.IqSoft_API_4_Credit_Negative_Test.CreditAPIValidateResponseWithInvalidProductID(IqSoft_API_4_Credit_Negative_Test.java:143)
	at java.base/java.util.ArrayList.forEach(ArrayList.java:1511)
... Removed 32 stack frames</div></td></tr></table><p class="totop"><a href="#summary">back to summary</a></p>
<h3 id="m15">testCases.IqSoft_API_4_Credit_Negative_Test#CreditAPIValidateResponseWithInvalidToken</h3><table class="result"><tr><th>Exception</th></tr><tr><td><div class="stacktrace">java.lang.AssertionError: The following asserts failed:
	ResponseCode: 0 expected [22] but found [0],
	Error Description:  expected [error login] but found [],
	expected [59.1] but found [60.1]
	at testCases.IqSoft_API_4_Credit_Negative_Test.CreditAPIValidateResponseWithInvalidToken(IqSoft_API_4_Credit_Negative_Test.java:101)
	at java.base/java.util.ArrayList.forEach(ArrayList.java:1511)
... Removed 32 stack frames</div></td></tr></table><p class="totop"><a href="#summary">back to summary</a></p>
<h3 id="m16">testCases.IqSoft_API_4_Credit_Positive_Test#CreditAPIValidatePositiveResponse</h3><table class="result"><tr><th>Exception</th></tr><tr><td><div class="stacktrace">java.lang.AssertionError: The following asserts failed:
	Description:  expected [null] but found []
	at testCases.IqSoft_API_4_Credit_Positive_Test.CreditAPIValidatePositiveResponse(IqSoft_API_4_Credit_Positive_Test.java:110)
	at java.base/java.util.ArrayList.forEach(ArrayList.java:1511)
... Removed 32 stack frames</div></td></tr></table><p class="totop"><a href="#summary">back to summary</a></p>
<h3 id="m17">testCases.IqSoft_API_5_Debit_Negative_Test#DebitAPIValidateResponseUsingInvalidAmount</h3><table class="result"><tr class="param"><th>Parameter #1</th></tr><tr class="param stripe"><td>-1.05</td></tr><tr><th>Exception</th></tr><tr><td><div class="stacktrace">java.lang.AssertionError: The following asserts failed:
	ResponseCode: 21 expected [39] but found [21],
	Error Description: Invalid request params expected [WrongOperationAmount] but found [Invalid request params],
	expected [71.11] but found [72.16]
	at testCases.IqSoft_API_5_Debit_Negative_Test.DebitAPIValidateResponseUsingInvalidAmount(IqSoft_API_5_Debit_Negative_Test.java:279)
	at java.base/java.util.ArrayList.forEach(ArrayList.java:1511)
... Removed 32 stack frames</div></td></tr></table><p class="totop"><a href="#summary">back to summary</a></p>
<h3 id="m18">testCases.IqSoft_API_5_Debit_Negative_Test#DebitAPIValidateResponseUsingInvalidAmount</h3><table class="result"><tr class="param"><th>Parameter #1</th></tr><tr class="param stripe"><td>-1.0</td></tr><tr><th>Exception</th></tr><tr><td><div class="stacktrace">java.lang.AssertionError: The following asserts failed:
	ResponseCode: 21 expected [39] but found [21],
	Error Description: Invalid request params expected [WrongOperationAmount] but found [Invalid request params],
	expected [75.66] but found [76.66]
	at testCases.IqSoft_API_5_Debit_Negative_Test.DebitAPIValidateResponseUsingInvalidAmount(IqSoft_API_5_Debit_Negative_Test.java:279)
	at java.base/java.util.ArrayList.forEach(ArrayList.java:1511)
... Removed 32 stack frames</div></td></tr></table><p class="totop"><a href="#summary">back to summary</a></p>
<h3 id="m19">testCases.IqSoft_API_5_Debit_Negative_Test#DebitAPIValidateResponseUsingInvalidAmount</h3><table class="result"><tr class="param"><th>Parameter #1</th></tr><tr class="param stripe"><td>-1.5</td></tr><tr><th>Exception</th></tr><tr><td><div class="stacktrace">java.lang.AssertionError: The following asserts failed:
	ResponseCode: 21 expected [39] but found [21],
	Error Description: Invalid request params expected [WrongOperationAmount] but found [Invalid request params],
	expected [73.16] but found [74.66]
	at testCases.IqSoft_API_5_Debit_Negative_Test.DebitAPIValidateResponseUsingInvalidAmount(IqSoft_API_5_Debit_Negative_Test.java:279)
	at java.base/java.util.ArrayList.forEach(ArrayList.java:1511)
... Removed 32 stack frames</div></td></tr></table><p class="totop"><a href="#summary">back to summary</a></p>
<h3 id="m20">testCases.IqSoft_API_5_Debit_Negative_Test#DebitAPIValidateResponseUsingInvalidAmount</h3><table class="result"><tr class="param"><th>Parameter #1</th></tr><tr class="param stripe"><td>-1.005</td></tr><tr><th>Exception</th></tr><tr><td><div class="stacktrace">java.lang.AssertionError: The following asserts failed:
	ResponseCode: 21 expected [39] but found [21],
	Error Description: Invalid request params expected [WrongOperationAmount] but found [Invalid request params],
	expected [69.11] but found [70.11]
	at testCases.IqSoft_API_5_Debit_Negative_Test.DebitAPIValidateResponseUsingInvalidAmount(IqSoft_API_5_Debit_Negative_Test.java:279)
	at java.base/java.util.ArrayList.forEach(ArrayList.java:1511)
... Removed 32 stack frames</div></td></tr></table><p class="totop"><a href="#summary">back to summary</a></p>
<h3 id="m21">testCases.IqSoft_API_5_Debit_Negative_Test#DebitAPIValidateResponseUsingInvalidCreditTransactionID</h3><table class="result"><tr><th>Exception</th></tr><tr><td><div class="stacktrace">java.lang.AssertionError: The following asserts failed:
	ResponseCode: 0 expected [50] but found [0],
	Error Description:  expected [CanNotConnectCreditAndDebit] but found [],
	amountAfterDebit: 77.66 = amountBeforeDebit: 72.66 expected [72.66] but found [77.66]
	at testCases.IqSoft_API_5_Debit_Negative_Test.DebitAPIValidateResponseUsingInvalidCreditTransactionID(IqSoft_API_5_Debit_Negative_Test.java:230)
	at java.base/java.util.ArrayList.forEach(ArrayList.java:1511)
... Removed 32 stack frames</div></td></tr></table><p class="totop"><a href="#summary">back to summary</a></p>
<h3 id="m22">testCases.IqSoft_API_5_Debit_Negative_Test#DebitAPIValidateResponseUsingInvalidProductID</h3><table class="result"><tr><th>Exception</th></tr><tr><td><div class="stacktrace">java.lang.AssertionError: The following asserts failed:
	ResponseCode: 0 expected [43] but found [0],
	Error Description:  expected [game not available] but found [],
	amountAfterCredit = amountAfterDebit 64.66  =  69.66 expected [69.66] but found [64.66]
	at testCases.IqSoft_API_5_Debit_Negative_Test.DebitAPIValidateResponseUsingInvalidProductID(IqSoft_API_5_Debit_Negative_Test.java:120)
	at java.base/java.util.ArrayList.forEach(ArrayList.java:1511)
... Removed 32 stack frames</div></td></tr></table><p class="totop"><a href="#summary">back to summary</a></p>
<h3 id="m23">testCases.IqSoft_API_5_Debit_Negative_Test#DebitAPIValidateResponseUsingTransactionIDTwice</h3><table class="result"><tr><th>Exception</th></tr><tr><td><div class="stacktrace">java.lang.AssertionError: The following asserts failed:
	ResponseCode: 21 expected [0] but found [21],
	Error Description: Transaction is already processed expected [null] but found [Transaction is already processed]
	at testCases.IqSoft_API_5_Debit_Negative_Test.DebitAPIValidateResponseUsingTransactionIDTwice(IqSoft_API_5_Debit_Negative_Test.java:192)
	at java.base/java.util.ArrayList.forEach(ArrayList.java:1511)
... Removed 32 stack frames</div></td></tr></table><p class="totop"><a href="#summary">back to summary</a></p>
<h3 id="m24">testCases.IqSoft_API_5_Debit_Negative_Test#DebitAPIValidateResponseWithInvalidToken</h3><table class="result"><tr><th>Exception</th></tr><tr><td><div class="stacktrace">java.lang.AssertionError: The following asserts failed:
	ResponseCode: 0 expected [22] but found [0],
	Error Description:  expected [error login] but found [],
	amountAfterCredit = amountAfterDebit60.66 != 65.66 expected [65.66] but found [60.66]
	at testCases.IqSoft_API_5_Debit_Negative_Test.DebitAPIValidateResponseWithInvalidToken(IqSoft_API_5_Debit_Negative_Test.java:68)
	at java.base/java.util.ArrayList.forEach(ArrayList.java:1511)
... Removed 32 stack frames</div></td></tr></table><p class="totop"><a href="#summary">back to summary</a></p>
<h3 id="m25">testCases.IqSoft_API_5_Debit_Positive_Test#DebitAPIValidatePositiveResponse</h3><table class="result"><tr><th>Exception</th></tr><tr><td><div class="stacktrace">java.lang.AssertionError: The following asserts failed:
	Description:  expected [null] but found []
	at testCases.IqSoft_API_5_Debit_Positive_Test.DebitAPIValidatePositiveResponse(IqSoft_API_5_Debit_Positive_Test.java:121)
	at java.base/java.util.ArrayList.forEach(ArrayList.java:1511)
... Removed 32 stack frames</div></td></tr></table><p class="totop"><a href="#summary">back to summary</a></p>
<h3 id="m26">testCases.IqSoft_API_6_RollBackCreditWithDebit_Positive_Test#RollBackAPIValidatePositiveResponse</h3><table class="result"><tr><th>Exception</th></tr><tr><td><div class="stacktrace">java.lang.AssertionError: The following asserts failed:
	ResponseCode: 21 expected [0] but found [21],
	Description: RollbackTransactionId Not Found expected [null] but found [RollbackTransactionId Not Found]
	at testCases.IqSoft_API_6_RollBackCreditWithDebit_Positive_Test.RollBackAPIValidatePositiveResponse(IqSoft_API_6_RollBackCreditWithDebit_Positive_Test.java:90)
	at java.base/java.util.ArrayList.forEach(ArrayList.java:1511)
... Removed 32 stack frames</div></td></tr></table><p class="totop"><a href="#summary">back to summary</a></p>
<h3 id="m27">testCases.IqSoft_API_6_RollBackCreditWithDebit_Positive_Test#RollBackAPIValidatePositiveResponseBalanceCorrection</h3><table class="result"><tr><th>Exception</th></tr><tr><td><div class="stacktrace">java.lang.AssertionError: The following asserts failed:
	afterRollBackCredit: 58.1 = beforeAll: 54.1 expected [54.1] but found [58.1]
	at testCases.IqSoft_API_6_RollBackCreditWithDebit_Positive_Test.RollBackAPIValidatePositiveResponseBalanceCorrection(IqSoft_API_6_RollBackCreditWithDebit_Positive_Test.java:106)
	at java.base/java.util.ArrayList.forEach(ArrayList.java:1511)
... Removed 32 stack frames</div></td></tr></table><p class="totop"><a href="#summary">back to summary</a></p>
<h3 id="m28">testCases.IqSoft_API_6_RollBackCreditWithoutDebit_Positive_Test#RollBackAPIValidatePositiveResponse</h3><table class="result"><tr><th>Exception</th></tr><tr><td><div class="stacktrace">java.lang.AssertionError: The following asserts failed:
	ResponseCode: 21 expected [0] but found [21],
	Description: RollbackTransactionId Not Found expected [null] but found [RollbackTransactionId Not Found]
	at testCases.IqSoft_API_6_RollBackCreditWithoutDebit_Positive_Test.RollBackAPIValidatePositiveResponse(IqSoft_API_6_RollBackCreditWithoutDebit_Positive_Test.java:80)
	at java.base/java.util.ArrayList.forEach(ArrayList.java:1511)
... Removed 32 stack frames</div></td></tr></table><p class="totop"><a href="#summary">back to summary</a></p>
<h3 id="m29">testCases.IqSoft_API_6_RollBackCreditWithoutDebit_Positive_Test#RollBackAPIValidatePositiveResponseBalanceCorrection</h3><table class="result"><tr><th>Exception</th></tr><tr><td><div class="stacktrace">java.lang.AssertionError: The following asserts failed:
	afterRollBackCredit: 57.1 = beforeAll: 58.1 expected [58.1] but found [57.1]
	at testCases.IqSoft_API_6_RollBackCreditWithoutDebit_Positive_Test.RollBackAPIValidatePositiveResponseBalanceCorrection(IqSoft_API_6_RollBackCreditWithoutDebit_Positive_Test.java:94)
	at java.base/java.util.ArrayList.forEach(ArrayList.java:1511)
... Removed 32 stack frames</div></td></tr></table><p class="totop"><a href="#summary">back to summary</a></p>
<h3 id="m30">testCases.IqSoft_API_6_RollBackDebit_Positive_Test#RollBackAPIValidatePositiveResponse</h3><table class="result"><tr><th>Exception</th></tr><tr><td><div class="stacktrace">java.lang.AssertionError: The following asserts failed:
	ResponseCode: 21 expected [0] but found [21],
	Description: RollbackTransactionId Not Found expected [null] but found [RollbackTransactionId Not Found]
	at testCases.IqSoft_API_6_RollBackDebit_Positive_Test.RollBackAPIValidatePositiveResponse(IqSoft_API_6_RollBackDebit_Positive_Test.java:90)
	at java.base/java.util.ArrayList.forEach(ArrayList.java:1511)
... Removed 32 stack frames</div></td></tr></table><p class="totop"><a href="#summary">back to summary</a></p>
<h3 id="m31">testCases.IqSoft_API_6_RollBackDebit_Positive_Test#RollBackAPIValidatePositiveResponseBalanceCorrection</h3><table class="result"><tr><th>Exception</th></tr><tr><td><div class="stacktrace">java.lang.AssertionError: The following asserts failed:
	afterRollBackDebit: 61.1 = afterCredit: 56.1 expected [56.1] but found [61.1]
	at testCases.IqSoft_API_6_RollBackDebit_Positive_Test.RollBackAPIValidatePositiveResponseBalanceCorrection(IqSoft_API_6_RollBackDebit_Positive_Test.java:106)
	at java.base/java.util.ArrayList.forEach(ArrayList.java:1511)
... Removed 32 stack frames</div></td></tr></table><p class="totop"><a href="#summary">back to summary</a></p>
<h3 id="m32">testCases.IqSoft_API_6_RollBack_Negative_Test#RollBackAPIValidateResponseUsingSameCreditTransactionIDTwice</h3><table class="result"><tr><th>Exception</th></tr><tr><td><div class="stacktrace">java.lang.AssertionError: The following asserts failed:
	amountAfterRollBack1: 66.11 = amountBeforeCredit : 67.11 expected [67.11] but found [66.11]
	at testCases.IqSoft_API_6_RollBack_Negative_Test.RollBackAPIValidateResponseUsingSameCreditTransactionIDTwice(IqSoft_API_6_RollBack_Negative_Test.java:218)
	at java.base/java.util.ArrayList.forEach(ArrayList.java:1511)
... Removed 32 stack frames</div></td></tr></table><p class="totop"><a href="#summary">back to summary</a></p>
<h3 id="m33">testCases.IqSoft_API_6_RollBack_Negative_Test#RollBackAPIValidateResponseUsingSameRollBackTransactionIDTwice</h3><table class="result"><tr><th>Exception</th></tr><tr><td><div class="stacktrace">java.lang.AssertionError: The following asserts failed:
	amountAfterRollBack1: 64.11 = amountAfterCredit2 : 64.11 + betAmountCreditConfig : 1.0 expected [65.11] but found [64.11]
	at testCases.IqSoft_API_6_RollBack_Negative_Test.RollBackAPIValidateResponseUsingSameRollBackTransactionIDTwice(IqSoft_API_6_RollBack_Negative_Test.java:292)
	at java.base/java.util.ArrayList.forEach(ArrayList.java:1511)
... Removed 32 stack frames</div></td></tr></table><p class="totop"><a href="#summary">back to summary</a></p>
<h3 id="m34">testCases.IqSoft_API_2_Authorization_Positive_Test#AuthorizationAPIValidatePositiveResponse</h3><table class="result"><tr><th class="invisible"/></tr></table><p class="totop"><a href="#summary">back to summary</a></p>
<h3 id="m35">testCases.IqSoft_API_2_Authorization_Positive_Test#AuthorizationAPIValidateStatusCod</h3><table class="result"><tr><th class="invisible"/></tr></table><p class="totop"><a href="#summary">back to summary</a></p>
<h3 id="m36">testCases.IqSoft_API_3_GetBalance_Positive_Test#GetBalanceAPIValidatePositiveResponse</h3><table class="result"><tr><th class="invisible"/></tr></table><p class="totop"><a href="#summary">back to summary</a></p>
<h3 id="m37">testCases.IqSoft_API_3_GetBalance_Positive_Test#GetBalanceAPIValidateStatusCod</h3><table class="result"><tr><th class="invisible"/></tr></table><p class="totop"><a href="#summary">back to summary</a></p>
<h3 id="m38">testCases.IqSoft_API_4_Credit_Negative_Test#CreditAPIValidateResponseUsingTransactionIDTwice</h3><table class="result"><tr><th class="invisible"/></tr></table><p class="totop"><a href="#summary">back to summary</a></p>
<h3 id="m39">testCases.IqSoft_API_4_Credit_Positive_Test#CreditAPIValidateStatusCod</h3><table class="result"><tr><th class="invisible"/></tr></table><p class="totop"><a href="#summary">back to summary</a></p>
<h3 id="m40">testCases.IqSoft_API_5_Debit_Positive_Test#DebitAPIValidateStatusCod</h3><table class="result"><tr><th class="invisible"/></tr></table><p class="totop"><a href="#summary">back to summary</a></p>
<h3 id="m41">testCases.IqSoft_API_6_RollBackCreditWithDebit_Positive_Test#RollBackAPIValidateStatusCod</h3><table class="result"><tr><th class="invisible"/></tr></table><p class="totop"><a href="#summary">back to summary</a></p>
<h3 id="m42">testCases.IqSoft_API_6_RollBackCreditWithoutDebit_Positive_Test#RollBackAPIValidateStatusCod</h3><table class="result"><tr><th class="invisible"/></tr></table><p class="totop"><a href="#summary">back to summary</a></p>
<h3 id="m43">testCases.IqSoft_API_6_RollBackDebit_Positive_Test#RollBackAPIValidateStatusCod</h3><table class="result"><tr><th class="invisible"/></tr></table><p class="totop"><a href="#summary">back to summary</a></p>
<h3 id="m44">testCases.IqSoft_API_6_RollBack_Negative_Test#RollBackAPIValidateResponseUsingInvalidProductID</h3><table class="result"><tr><th class="invisible"/></tr></table><p class="totop"><a href="#summary">back to summary</a></p>
<h3 id="m45">testCases.IqSoft_API_6_RollBack_Negative_Test#RollBackAPIValidateResponseUsingSameTransactionIDForRollBackAndCredit</h3><table class="result"><tr><th class="invisible"/></tr></table><p class="totop"><a href="#summary">back to summary</a></p>
<h3 id="m46">testCases.IqSoft_API_6_RollBack_Negative_Test#RollBackAPIValidateResponseWithInvalidToken</h3><table class="result"><tr><th class="invisible"/></tr></table><p class="totop"><a href="#summary">back to summary</a></p>
</body>
</html>
