{
  "uid" : "1c9814b25f06b980",
  "name" : "DebitAPIValidateResponseUsingInvalidProductID",
  "fullName" : "testCases.IqSoft_API_5_Debit_Negative_Test.DebitAPIValidateResponseUsingInvalidProductID",
  "historyId" : "2c75192783b3f12b4a770ef2891c6dd7",
  "time" : {
    "start" : 1665476262938,
    "stop" : 1665476263879,
    "duration" : 941
  },
  "description" : "Verify Debit API_s response with Invalid ProductID",
  "descriptionHtml" : "<p>Verify Debit API_s response with Invalid ProductID</p>\n",
  "status" : "failed",
  "statusMessage" : "The following asserts failed:\n\tError Description: game not avaible expected [game not available] but found [game not avaible]",
  "statusTrace" : "java.lang.AssertionError: The following asserts failed:\n\tError Description: game not avaible expected [game not available] but found [game not avaible]\r\n\tat org.testng.asserts.SoftAssert.assertAll(SoftAssert.java:46)\r\n\tat org.testng.asserts.SoftAssert.assertAll(SoftAssert.java:30)\r\n\tat testCases.IqSoft_API_5_Debit_Negative_Test.DebitAPIValidateResponseUsingInvalidProductID(IqSoft_API_5_Debit_Negative_Test.java:126)\r\n\tat java.base/jdk.internal.reflect.NativeMethodAccessorImpl.invoke0(Native Method)\r\n\tat java.base/jdk.internal.reflect.NativeMethodAccessorImpl.invoke(NativeMethodAccessorImpl.java:77)\r\n\tat java.base/jdk.internal.reflect.DelegatingMethodAccessorImpl.invoke(DelegatingMethodAccessorImpl.java:43)\r\n\tat java.base/java.lang.reflect.Method.invoke(Method.java:568)\r\n\tat org.testng.internal.invokers.MethodInvocationHelper.invokeMethod(MethodInvocationHelper.java:139)\r\n\tat org.testng.internal.invokers.TestInvoker.invokeMethod(TestInvoker.java:677)\r\n\tat org.testng.internal.invokers.TestInvoker.invokeTestMethod(TestInvoker.java:221)\r\n\tat org.testng.internal.invokers.MethodRunner.runInSequence(MethodRunner.java:50)\r\n\tat org.testng.internal.invokers.TestInvoker$MethodInvocationAgent.invoke(TestInvoker.java:962)\r\n\tat org.testng.internal.invokers.TestInvoker.invokeTestMethods(TestInvoker.java:194)\r\n\tat org.testng.internal.invokers.TestMethodWorker.invokeTestMethods(TestMethodWorker.java:148)\r\n\tat org.testng.internal.invokers.TestMethodWorker.run(TestMethodWorker.java:128)\r\n\tat java.base/java.util.ArrayList.forEach(ArrayList.java:1511)\r\n\tat org.testng.TestRunner.privateRun(TestRunner.java:806)\r\n\tat org.testng.TestRunner.run(TestRunner.java:601)\r\n\tat org.testng.SuiteRunner.runTest(SuiteRunner.java:433)\r\n\tat org.testng.SuiteRunner.runSequentially(SuiteRunner.java:427)\r\n\tat org.testng.SuiteRunner.privateRun(SuiteRunner.java:387)\r\n\tat org.testng.SuiteRunner.run(SuiteRunner.java:330)\r\n\tat org.testng.SuiteRunnerWorker.runSuite(SuiteRunnerWorker.java:52)\r\n\tat org.testng.SuiteRunnerWorker.run(SuiteRunnerWorker.java:95)\r\n\tat org.testng.TestNG.runSuitesSequentially(TestNG.java:1256)\r\n\tat org.testng.TestNG.runSuitesLocally(TestNG.java:1176)\r\n\tat org.testng.TestNG.runSuites(TestNG.java:1099)\r\n\tat org.testng.TestNG.run(TestNG.java:1067)\r\n\tat org.apache.maven.surefire.testng.TestNGExecutor.run(TestNGExecutor.java:295)\r\n\tat org.apache.maven.surefire.testng.TestNGXmlTestSuite.execute(TestNGXmlTestSuite.java:84)\r\n\tat org.apache.maven.surefire.testng.TestNGProvider.invoke(TestNGProvider.java:90)\r\n\tat org.apache.maven.surefire.booter.ForkedBooter.invokeProviderInSameClassLoader(ForkedBooter.java:203)\r\n\tat org.apache.maven.surefire.booter.ForkedBooter.runSuitesInProcess(ForkedBooter.java:155)\r\n\tat org.apache.maven.surefire.booter.ForkedBooter.main(ForkedBooter.java:103)\r\n",
  "flaky" : false,
  "newFailed" : false,
  "newBroken" : false,
  "newPassed" : false,
  "retriesCount" : 0,
  "retriesStatusChange" : false,
  "beforeStages" : [ {
    "name" : "setupSuite",
    "time" : {
      "start" : 1665476245177,
      "stop" : 1665476245246,
      "duration" : 69
    },
    "description" : "",
    "status" : "passed",
    "steps" : [ ],
    "attachments" : [ ],
    "parameters" : [ ],
    "shouldDisplayMessage" : false,
    "attachmentsCount" : 0,
    "stepsCount" : 0,
    "hasContent" : false
  } ],
  "testStage" : {
    "description" : "Verify Debit API_s response with Invalid ProductID",
    "status" : "failed",
    "statusMessage" : "The following asserts failed:\n\tError Description: game not avaible expected [game not available] but found [game not avaible]",
    "statusTrace" : "java.lang.AssertionError: The following asserts failed:\n\tError Description: game not avaible expected [game not available] but found [game not avaible]\r\n\tat org.testng.asserts.SoftAssert.assertAll(SoftAssert.java:46)\r\n\tat org.testng.asserts.SoftAssert.assertAll(SoftAssert.java:30)\r\n\tat testCases.IqSoft_API_5_Debit_Negative_Test.DebitAPIValidateResponseUsingInvalidProductID(IqSoft_API_5_Debit_Negative_Test.java:126)\r\n\tat java.base/jdk.internal.reflect.NativeMethodAccessorImpl.invoke0(Native Method)\r\n\tat java.base/jdk.internal.reflect.NativeMethodAccessorImpl.invoke(NativeMethodAccessorImpl.java:77)\r\n\tat java.base/jdk.internal.reflect.DelegatingMethodAccessorImpl.invoke(DelegatingMethodAccessorImpl.java:43)\r\n\tat java.base/java.lang.reflect.Method.invoke(Method.java:568)\r\n\tat org.testng.internal.invokers.MethodInvocationHelper.invokeMethod(MethodInvocationHelper.java:139)\r\n\tat org.testng.internal.invokers.TestInvoker.invokeMethod(TestInvoker.java:677)\r\n\tat org.testng.internal.invokers.TestInvoker.invokeTestMethod(TestInvoker.java:221)\r\n\tat org.testng.internal.invokers.MethodRunner.runInSequence(MethodRunner.java:50)\r\n\tat org.testng.internal.invokers.TestInvoker$MethodInvocationAgent.invoke(TestInvoker.java:962)\r\n\tat org.testng.internal.invokers.TestInvoker.invokeTestMethods(TestInvoker.java:194)\r\n\tat org.testng.internal.invokers.TestMethodWorker.invokeTestMethods(TestMethodWorker.java:148)\r\n\tat org.testng.internal.invokers.TestMethodWorker.run(TestMethodWorker.java:128)\r\n\tat java.base/java.util.ArrayList.forEach(ArrayList.java:1511)\r\n\tat org.testng.TestRunner.privateRun(TestRunner.java:806)\r\n\tat org.testng.TestRunner.run(TestRunner.java:601)\r\n\tat org.testng.SuiteRunner.runTest(SuiteRunner.java:433)\r\n\tat org.testng.SuiteRunner.runSequentially(SuiteRunner.java:427)\r\n\tat org.testng.SuiteRunner.privateRun(SuiteRunner.java:387)\r\n\tat org.testng.SuiteRunner.run(SuiteRunner.java:330)\r\n\tat org.testng.SuiteRunnerWorker.runSuite(SuiteRunnerWorker.java:52)\r\n\tat org.testng.SuiteRunnerWorker.run(SuiteRunnerWorker.java:95)\r\n\tat org.testng.TestNG.runSuitesSequentially(TestNG.java:1256)\r\n\tat org.testng.TestNG.runSuitesLocally(TestNG.java:1176)\r\n\tat org.testng.TestNG.runSuites(TestNG.java:1099)\r\n\tat org.testng.TestNG.run(TestNG.java:1067)\r\n\tat org.apache.maven.surefire.testng.TestNGExecutor.run(TestNGExecutor.java:295)\r\n\tat org.apache.maven.surefire.testng.TestNGXmlTestSuite.execute(TestNGXmlTestSuite.java:84)\r\n\tat org.apache.maven.surefire.testng.TestNGProvider.invoke(TestNGProvider.java:90)\r\n\tat org.apache.maven.surefire.booter.ForkedBooter.invokeProviderInSameClassLoader(ForkedBooter.java:203)\r\n\tat org.apache.maven.surefire.booter.ForkedBooter.runSuitesInProcess(ForkedBooter.java:155)\r\n\tat org.apache.maven.surefire.booter.ForkedBooter.main(ForkedBooter.java:103)\r\n",
    "steps" : [ ],
    "attachments" : [ {
      "uid" : "6a2d2c8282c1aa37",
      "name" : "GetBalanceAPI RequestBody",
      "source" : "6a2d2c8282c1aa37.txt",
      "type" : "text/plain",
      "size" : 67
    }, {
      "uid" : "557d175517a141a9",
      "name" : "GetBalanceAPI ResponseBody",
      "source" : "557d175517a141a9.txt",
      "type" : "text/plain",
      "size" : 82
    }, {
      "uid" : "64bef60f3c077eca",
      "name" : "CreditAPI RequestBody",
      "source" : "64bef60f3c077eca.txt",
      "type" : "text/plain",
      "size" : 177
    }, {
      "uid" : "858032a23074365f",
      "name" : "CreditAPI ResponseBody",
      "source" : "858032a23074365f.txt",
      "type" : "text/plain",
      "size" : 132
    }, {
      "uid" : "855d3d6085844e80",
      "name" : "GetBalanceAPI RequestBody",
      "source" : "855d3d6085844e80.txt",
      "type" : "text/plain",
      "size" : 67
    }, {
      "uid" : "84ff9a15e60a1403",
      "name" : "GetBalanceAPI ResponseBody",
      "source" : "84ff9a15e60a1403.txt",
      "type" : "text/plain",
      "size" : 82
    }, {
      "uid" : "1af4c8fbc40dca10",
      "name" : "DebitAPI RequestBody",
      "source" : "1af4c8fbc40dca10.txt",
      "type" : "text/plain",
      "size" : 257
    }, {
      "uid" : "e25a6c0ca7a60994",
      "name" : "DebitAPI ResponseBody",
      "source" : "e25a6c0ca7a60994.txt",
      "type" : "text/plain",
      "size" : 54
    }, {
      "uid" : "a550e3ed5d1f4230",
      "name" : "GetBalanceAPI RequestBody",
      "source" : "a550e3ed5d1f4230.txt",
      "type" : "text/plain",
      "size" : 67
    }, {
      "uid" : "b4a1f244d7adedcc",
      "name" : "GetBalanceAPI ResponseBody",
      "source" : "b4a1f244d7adedcc.txt",
      "type" : "text/plain",
      "size" : 82
    } ],
    "parameters" : [ ],
    "shouldDisplayMessage" : true,
    "attachmentsCount" : 10,
    "stepsCount" : 0,
    "hasContent" : true
  },
  "afterStages" : [ {
    "name" : "tearDownSuite",
    "time" : {
      "start" : 1665476276076,
      "stop" : 1665476276077,
      "duration" : 1
    },
    "description" : "",
    "status" : "passed",
    "steps" : [ ],
    "attachments" : [ ],
    "parameters" : [ ],
    "shouldDisplayMessage" : false,
    "attachmentsCount" : 0,
    "stepsCount" : 0,
    "hasContent" : false
  } ],
  "labels" : [ {
    "name" : "package",
    "value" : "testCases.IqSoft_API_5_Debit_Negative_Test"
  }, {
    "name" : "testClass",
    "value" : "testCases.IqSoft_API_5_Debit_Negative_Test"
  }, {
    "name" : "testMethod",
    "value" : "DebitAPIValidateResponseUsingInvalidProductID"
  }, {
    "name" : "parentSuite",
    "value" : "IQsoft API Integration"
  }, {
    "name" : "suite",
    "value" : "API Integration Automation Test"
  }, {
    "name" : "subSuite",
    "value" : "testCases.IqSoft_API_5_Debit_Negative_Test"
  }, {
    "name" : "host",
    "value" : "DESKTOP-PO3T4V3"
  }, {
    "name" : "thread",
    "value" : "10040@DESKTOP-PO3T4V3.main(1)"
  }, {
    "name" : "framework",
    "value" : "testng"
  }, {
    "name" : "language",
    "value" : "java"
  }, {
    "name" : "severity",
    "value" : "blocker"
  }, {
    "name" : "resultFormat",
    "value" : "allure2"
  } ],
  "parameters" : [ ],
  "links" : [ ],
  "hidden" : false,
  "retry" : false,
  "extra" : {
    "severity" : "blocker",
    "retries" : [ ],
    "categories" : [ {
      "name" : "Product defects",
      "matchedStatuses" : [ ],
      "flaky" : false
    } ],
    "tags" : [ ]
  },
  "source" : "1c9814b25f06b980.json",
  "parameterValues" : [ ]
}