{
  "uid" : "2ccc7bd9c7571ed8",
  "name" : "CreditAPIValidateResponseWithExpiredToken",
  "fullName" : "testCases.IqSoft_API_4_Credit_Negative_Test.CreditAPIValidateResponseWithExpiredToken",
  "historyId" : "af7f128b0732a7a827f0dd43f9edaad",
  "time" : {
    "start" : 1666984247057,
    "stop" : 1666984247601,
    "duration" : 544
  },
  "description" : "Verify Credit API_s response with Expired Token",
  "descriptionHtml" : "<p>Verify Credit API_s response with Expired Token</p>\n",
  "status" : "failed",
  "statusMessage" : "The following asserts failed:\n\tResponseCode: 0 expected [29] but found [0],\n\tError Description:  expected [SessionExpired] but found [],\n\tamountBeforeCredit = amountAfterCredit: 1043.21 = 1042.21 expected [1042.21] but found [1043.21]",
  "statusTrace" : "java.lang.AssertionError: The following asserts failed:\n\tResponseCode: 0 expected [29] but found [0],\n\tError Description:  expected [SessionExpired] but found [],\n\tamountBeforeCredit = amountAfterCredit: 1043.21 = 1042.21 expected [1042.21] but found [1043.21]\r\n\tat org.testng.asserts.SoftAssert.assertAll(SoftAssert.java:46)\r\n\tat org.testng.asserts.SoftAssert.assertAll(SoftAssert.java:30)\r\n\tat testCases.IqSoft_API_4_Credit_Negative_Test.CreditAPIValidateResponseWithExpiredToken(IqSoft_API_4_Credit_Negative_Test.java:60)\r\n\tat java.base/jdk.internal.reflect.NativeMethodAccessorImpl.invoke0(Native Method)\r\n\tat java.base/jdk.internal.reflect.NativeMethodAccessorImpl.invoke(NativeMethodAccessorImpl.java:77)\r\n\tat java.base/jdk.internal.reflect.DelegatingMethodAccessorImpl.invoke(DelegatingMethodAccessorImpl.java:43)\r\n\tat java.base/java.lang.reflect.Method.invoke(Method.java:568)\r\n\tat org.testng.internal.invokers.MethodInvocationHelper.invokeMethod(MethodInvocationHelper.java:139)\r\n\tat org.testng.internal.invokers.TestInvoker.invokeMethod(TestInvoker.java:677)\r\n\tat org.testng.internal.invokers.TestInvoker.invokeTestMethod(TestInvoker.java:221)\r\n\tat org.testng.internal.invokers.MethodRunner.runInSequence(MethodRunner.java:50)\r\n\tat org.testng.internal.invokers.TestInvoker$MethodInvocationAgent.invoke(TestInvoker.java:962)\r\n\tat org.testng.internal.invokers.TestInvoker.invokeTestMethods(TestInvoker.java:194)\r\n\tat org.testng.internal.invokers.TestMethodWorker.invokeTestMethods(TestMethodWorker.java:148)\r\n\tat org.testng.internal.invokers.TestMethodWorker.run(TestMethodWorker.java:128)\r\n\tat java.base/java.util.ArrayList.forEach(ArrayList.java:1511)\r\n\tat org.testng.TestRunner.privateRun(TestRunner.java:806)\r\n\tat org.testng.TestRunner.run(TestRunner.java:601)\r\n\tat org.testng.SuiteRunner.runTest(SuiteRunner.java:433)\r\n\tat org.testng.SuiteRunner.runSequentially(SuiteRunner.java:427)\r\n\tat org.testng.SuiteRunner.privateRun(SuiteRunner.java:387)\r\n\tat org.testng.SuiteRunner.run(SuiteRunner.java:330)\r\n\tat org.testng.SuiteRunnerWorker.runSuite(SuiteRunnerWorker.java:52)\r\n\tat org.testng.SuiteRunnerWorker.run(SuiteRunnerWorker.java:95)\r\n\tat org.testng.TestNG.runSuitesSequentially(TestNG.java:1256)\r\n\tat org.testng.TestNG.runSuitesLocally(TestNG.java:1176)\r\n\tat org.testng.TestNG.runSuites(TestNG.java:1099)\r\n\tat org.testng.TestNG.run(TestNG.java:1067)\r\n\tat com.intellij.rt.testng.IDEARemoteTestNG.run(IDEARemoteTestNG.java:66)\r\n\tat com.intellij.rt.testng.RemoteTestNGStarter.main(RemoteTestNGStarter.java:109)\r\n",
  "flaky" : false,
  "newFailed" : false,
  "newBroken" : false,
  "newPassed" : false,
  "retriesCount" : 0,
  "retriesStatusChange" : false,
  "beforeStages" : [ {
    "name" : "setupSuite",
    "time" : {
      "start" : 1666984239704,
      "stop" : 1666984239738,
      "duration" : 34
    },
    "description" : "",
    "status" : "passed",
    "steps" : [ ],
    "attachments" : [ ],
    "parameters" : [ ],
    "attachmentsCount" : 0,
    "shouldDisplayMessage" : false,
    "hasContent" : false,
    "stepsCount" : 0
  } ],
  "testStage" : {
    "description" : "Verify Credit API_s response with Expired Token",
    "status" : "failed",
    "statusMessage" : "The following asserts failed:\n\tResponseCode: 0 expected [29] but found [0],\n\tError Description:  expected [SessionExpired] but found [],\n\tamountBeforeCredit = amountAfterCredit: 1043.21 = 1042.21 expected [1042.21] but found [1043.21]",
    "statusTrace" : "java.lang.AssertionError: The following asserts failed:\n\tResponseCode: 0 expected [29] but found [0],\n\tError Description:  expected [SessionExpired] but found [],\n\tamountBeforeCredit = amountAfterCredit: 1043.21 = 1042.21 expected [1042.21] but found [1043.21]\r\n\tat org.testng.asserts.SoftAssert.assertAll(SoftAssert.java:46)\r\n\tat org.testng.asserts.SoftAssert.assertAll(SoftAssert.java:30)\r\n\tat testCases.IqSoft_API_4_Credit_Negative_Test.CreditAPIValidateResponseWithExpiredToken(IqSoft_API_4_Credit_Negative_Test.java:60)\r\n\tat java.base/jdk.internal.reflect.NativeMethodAccessorImpl.invoke0(Native Method)\r\n\tat java.base/jdk.internal.reflect.NativeMethodAccessorImpl.invoke(NativeMethodAccessorImpl.java:77)\r\n\tat java.base/jdk.internal.reflect.DelegatingMethodAccessorImpl.invoke(DelegatingMethodAccessorImpl.java:43)\r\n\tat java.base/java.lang.reflect.Method.invoke(Method.java:568)\r\n\tat org.testng.internal.invokers.MethodInvocationHelper.invokeMethod(MethodInvocationHelper.java:139)\r\n\tat org.testng.internal.invokers.TestInvoker.invokeMethod(TestInvoker.java:677)\r\n\tat org.testng.internal.invokers.TestInvoker.invokeTestMethod(TestInvoker.java:221)\r\n\tat org.testng.internal.invokers.MethodRunner.runInSequence(MethodRunner.java:50)\r\n\tat org.testng.internal.invokers.TestInvoker$MethodInvocationAgent.invoke(TestInvoker.java:962)\r\n\tat org.testng.internal.invokers.TestInvoker.invokeTestMethods(TestInvoker.java:194)\r\n\tat org.testng.internal.invokers.TestMethodWorker.invokeTestMethods(TestMethodWorker.java:148)\r\n\tat org.testng.internal.invokers.TestMethodWorker.run(TestMethodWorker.java:128)\r\n\tat java.base/java.util.ArrayList.forEach(ArrayList.java:1511)\r\n\tat org.testng.TestRunner.privateRun(TestRunner.java:806)\r\n\tat org.testng.TestRunner.run(TestRunner.java:601)\r\n\tat org.testng.SuiteRunner.runTest(SuiteRunner.java:433)\r\n\tat org.testng.SuiteRunner.runSequentially(SuiteRunner.java:427)\r\n\tat org.testng.SuiteRunner.privateRun(SuiteRunner.java:387)\r\n\tat org.testng.SuiteRunner.run(SuiteRunner.java:330)\r\n\tat org.testng.SuiteRunnerWorker.runSuite(SuiteRunnerWorker.java:52)\r\n\tat org.testng.SuiteRunnerWorker.run(SuiteRunnerWorker.java:95)\r\n\tat org.testng.TestNG.runSuitesSequentially(TestNG.java:1256)\r\n\tat org.testng.TestNG.runSuitesLocally(TestNG.java:1176)\r\n\tat org.testng.TestNG.runSuites(TestNG.java:1099)\r\n\tat org.testng.TestNG.run(TestNG.java:1067)\r\n\tat com.intellij.rt.testng.IDEARemoteTestNG.run(IDEARemoteTestNG.java:66)\r\n\tat com.intellij.rt.testng.RemoteTestNGStarter.main(RemoteTestNGStarter.java:109)\r\n",
    "steps" : [ ],
    "attachments" : [ {
      "uid" : "521ab1155c3e2946",
      "name" : "GetBalanceAPI:  Url:  https://gobet.tn/iapi/iq/GetBalance        RequestBody",
      "source" : "521ab1155c3e2946.txt",
      "type" : "text/plain",
      "size" : 50
    }, {
      "uid" : "5b9b9f3a46f7e17",
      "name" : "GetBalanceAPI:  ResponseTime  170ms        ResponseBody",
      "source" : "5b9b9f3a46f7e17.txt",
      "type" : "text/plain",
      "size" : 83
    }, {
      "uid" : "361d25c605f560c7",
      "name" : "CreditAPI:  Url:  https://gobet.tn/iapi/iq/Credit        RequestBody",
      "source" : "361d25c605f560c7.txt",
      "type" : "text/plain",
      "size" : 166
    }, {
      "uid" : "10ae6821b9491fa4",
      "name" : "CreditAPI:  ResponseTime  188ms        ResponseBody",
      "source" : "10ae6821b9491fa4.txt",
      "type" : "text/plain",
      "size" : 218
    }, {
      "uid" : "b462f29f621c7f9b",
      "name" : "GetBalanceAPI:  Url:  https://gobet.tn/iapi/iq/GetBalance        RequestBody",
      "source" : "b462f29f621c7f9b.txt",
      "type" : "text/plain",
      "size" : 50
    }, {
      "uid" : "330de5975376b6df",
      "name" : "GetBalanceAPI:  ResponseTime  171ms        ResponseBody",
      "source" : "330de5975376b6df.txt",
      "type" : "text/plain",
      "size" : 83
    } ],
    "parameters" : [ ],
    "attachmentsCount" : 6,
    "shouldDisplayMessage" : true,
    "hasContent" : true,
    "stepsCount" : 0
  },
  "afterStages" : [ {
    "name" : "tearDownSuite",
    "time" : {
      "start" : 1666984267260,
      "stop" : 1666984267260,
      "duration" : 0
    },
    "description" : "",
    "status" : "passed",
    "steps" : [ ],
    "attachments" : [ ],
    "parameters" : [ ],
    "attachmentsCount" : 0,
    "shouldDisplayMessage" : false,
    "hasContent" : false,
    "stepsCount" : 0
  } ],
  "labels" : [ {
    "name" : "package",
    "value" : "testCases.IqSoft_API_4_Credit_Negative_Test"
  }, {
    "name" : "testClass",
    "value" : "testCases.IqSoft_API_4_Credit_Negative_Test"
  }, {
    "name" : "testMethod",
    "value" : "CreditAPIValidateResponseWithExpiredToken"
  }, {
    "name" : "parentSuite",
    "value" : "IQsoft API Integration"
  }, {
    "name" : "suite",
    "value" : "API Integration Automation Test"
  }, {
    "name" : "subSuite",
    "value" : "testCases.IqSoft_API_4_Credit_Negative_Test"
  }, {
    "name" : "host",
    "value" : "DESKTOP-52C1ANV"
  }, {
    "name" : "thread",
    "value" : "21028@DESKTOP-52C1ANV.main(1)"
  }, {
    "name" : "framework",
    "value" : "testng"
  }, {
    "name" : "language",
    "value" : "java"
  }, {
    "name" : "severity",
    "value" : "blocker"
  }, {
    "name" : "resultFormat",
    "value" : "allure2"
  } ],
  "parameters" : [ ],
  "links" : [ ],
  "hidden" : false,
  "retry" : false,
  "extra" : {
    "severity" : "blocker",
    "retries" : [ ],
    "categories" : [ {
      "name" : "Product defects",
      "matchedStatuses" : [ ],
      "flaky" : false
    } ],
    "tags" : [ ]
  },
  "source" : "2ccc7bd9c7571ed8.json",
  "parameterValues" : [ ]
}