{
  "uid" : "31902037a18ef8cd",
  "name" : "DebitAPIValidateResponseUsingInvalidAmount",
  "fullName" : "testCases.IqSoft_API_5_Debit_Negative_Test.DebitAPIValidateResponseUsingInvalidAmount",
  "historyId" : "1a402c25926a00fba801bcfa8176a453",
  "time" : {
    "start" : 1665667786080,
    "stop" : 1665667790138,
    "duration" : 4058
  },
  "description" : "Verify Debit API_s response using Invalid Amount",
  "descriptionHtml" : "<p>Verify Debit API_s response using Invalid Amount</p>\n",
  "status" : "failed",
  "statusMessage" : "The following asserts failed:\n\tResponseCode: 0 expected [39] but found [0],\n\tError Description: null expected [WrongOperationAmount] but found [null]",
  "statusTrace" : "java.lang.AssertionError: The following asserts failed:\n\tResponseCode: 0 expected [39] but found [0],\n\tError Description: null expected [WrongOperationAmount] but found [null]\r\n\tat org.testng.asserts.SoftAssert.assertAll(SoftAssert.java:46)\r\n\tat org.testng.asserts.SoftAssert.assertAll(SoftAssert.java:30)\r\n\tat testCases.IqSoft_API_5_Debit_Negative_Test.DebitAPIValidateResponseUsingInvalidAmount(IqSoft_API_5_Debit_Negative_Test.java:294)\r\n\tat java.base/jdk.internal.reflect.NativeMethodAccessorImpl.invoke0(Native Method)\r\n\tat java.base/jdk.internal.reflect.NativeMethodAccessorImpl.invoke(NativeMethodAccessorImpl.java:77)\r\n\tat java.base/jdk.internal.reflect.DelegatingMethodAccessorImpl.invoke(DelegatingMethodAccessorImpl.java:43)\r\n\tat java.base/java.lang.reflect.Method.invoke(Method.java:568)\r\n\tat org.testng.internal.invokers.MethodInvocationHelper.invokeMethod(MethodInvocationHelper.java:139)\r\n\tat org.testng.internal.invokers.TestInvoker.invokeMethod(TestInvoker.java:677)\r\n\tat org.testng.internal.invokers.TestInvoker.invokeTestMethod(TestInvoker.java:221)\r\n\tat org.testng.internal.invokers.MethodRunner.runInSequence(MethodRunner.java:50)\r\n\tat org.testng.internal.invokers.TestInvoker$MethodInvocationAgent.invoke(TestInvoker.java:962)\r\n\tat org.testng.internal.invokers.TestInvoker.invokeTestMethods(TestInvoker.java:194)\r\n\tat org.testng.internal.invokers.TestMethodWorker.invokeTestMethods(TestMethodWorker.java:148)\r\n\tat org.testng.internal.invokers.TestMethodWorker.run(TestMethodWorker.java:128)\r\n\tat java.base/java.util.ArrayList.forEach(ArrayList.java:1511)\r\n\tat org.testng.TestRunner.privateRun(TestRunner.java:806)\r\n\tat org.testng.TestRunner.run(TestRunner.java:601)\r\n\tat org.testng.SuiteRunner.runTest(SuiteRunner.java:433)\r\n\tat org.testng.SuiteRunner.runSequentially(SuiteRunner.java:427)\r\n\tat org.testng.SuiteRunner.privateRun(SuiteRunner.java:387)\r\n\tat org.testng.SuiteRunner.run(SuiteRunner.java:330)\r\n\tat org.testng.SuiteRunnerWorker.runSuite(SuiteRunnerWorker.java:52)\r\n\tat org.testng.SuiteRunnerWorker.run(SuiteRunnerWorker.java:95)\r\n\tat org.testng.TestNG.runSuitesSequentially(TestNG.java:1256)\r\n\tat org.testng.TestNG.runSuitesLocally(TestNG.java:1176)\r\n\tat org.testng.TestNG.runSuites(TestNG.java:1099)\r\n\tat org.testng.TestNG.run(TestNG.java:1067)\r\n\tat org.apache.maven.surefire.testng.TestNGExecutor.run(TestNGExecutor.java:295)\r\n\tat org.apache.maven.surefire.testng.TestNGXmlTestSuite.execute(TestNGXmlTestSuite.java:84)\r\n\tat org.apache.maven.surefire.testng.TestNGProvider.invoke(TestNGProvider.java:90)\r\n\tat org.apache.maven.surefire.booter.ForkedBooter.invokeProviderInSameClassLoader(ForkedBooter.java:203)\r\n\tat org.apache.maven.surefire.booter.ForkedBooter.runSuitesInProcess(ForkedBooter.java:155)\r\n\tat org.apache.maven.surefire.booter.ForkedBooter.main(ForkedBooter.java:103)\r\n",
  "flaky" : false,
  "newFailed" : false,
  "newBroken" : false,
  "newPassed" : false,
  "retriesCount" : 0,
  "retriesStatusChange" : false,
  "beforeStages" : [ {
    "name" : "setupSuite",
    "time" : {
      "start" : 1665667716183,
      "stop" : 1665667716235,
      "duration" : 52
    },
    "description" : "",
    "status" : "passed",
    "steps" : [ ],
    "attachments" : [ ],
    "parameters" : [ ],
    "hasContent" : false,
    "stepsCount" : 0,
    "shouldDisplayMessage" : false,
    "attachmentsCount" : 0
  } ],
  "testStage" : {
    "description" : "Verify Debit API_s response using Invalid Amount",
    "status" : "failed",
    "statusMessage" : "The following asserts failed:\n\tResponseCode: 0 expected [39] but found [0],\n\tError Description: null expected [WrongOperationAmount] but found [null]",
    "statusTrace" : "java.lang.AssertionError: The following asserts failed:\n\tResponseCode: 0 expected [39] but found [0],\n\tError Description: null expected [WrongOperationAmount] but found [null]\r\n\tat org.testng.asserts.SoftAssert.assertAll(SoftAssert.java:46)\r\n\tat org.testng.asserts.SoftAssert.assertAll(SoftAssert.java:30)\r\n\tat testCases.IqSoft_API_5_Debit_Negative_Test.DebitAPIValidateResponseUsingInvalidAmount(IqSoft_API_5_Debit_Negative_Test.java:294)\r\n\tat java.base/jdk.internal.reflect.NativeMethodAccessorImpl.invoke0(Native Method)\r\n\tat java.base/jdk.internal.reflect.NativeMethodAccessorImpl.invoke(NativeMethodAccessorImpl.java:77)\r\n\tat java.base/jdk.internal.reflect.DelegatingMethodAccessorImpl.invoke(DelegatingMethodAccessorImpl.java:43)\r\n\tat java.base/java.lang.reflect.Method.invoke(Method.java:568)\r\n\tat org.testng.internal.invokers.MethodInvocationHelper.invokeMethod(MethodInvocationHelper.java:139)\r\n\tat org.testng.internal.invokers.TestInvoker.invokeMethod(TestInvoker.java:677)\r\n\tat org.testng.internal.invokers.TestInvoker.invokeTestMethod(TestInvoker.java:221)\r\n\tat org.testng.internal.invokers.MethodRunner.runInSequence(MethodRunner.java:50)\r\n\tat org.testng.internal.invokers.TestInvoker$MethodInvocationAgent.invoke(TestInvoker.java:962)\r\n\tat org.testng.internal.invokers.TestInvoker.invokeTestMethods(TestInvoker.java:194)\r\n\tat org.testng.internal.invokers.TestMethodWorker.invokeTestMethods(TestMethodWorker.java:148)\r\n\tat org.testng.internal.invokers.TestMethodWorker.run(TestMethodWorker.java:128)\r\n\tat java.base/java.util.ArrayList.forEach(ArrayList.java:1511)\r\n\tat org.testng.TestRunner.privateRun(TestRunner.java:806)\r\n\tat org.testng.TestRunner.run(TestRunner.java:601)\r\n\tat org.testng.SuiteRunner.runTest(SuiteRunner.java:433)\r\n\tat org.testng.SuiteRunner.runSequentially(SuiteRunner.java:427)\r\n\tat org.testng.SuiteRunner.privateRun(SuiteRunner.java:387)\r\n\tat org.testng.SuiteRunner.run(SuiteRunner.java:330)\r\n\tat org.testng.SuiteRunnerWorker.runSuite(SuiteRunnerWorker.java:52)\r\n\tat org.testng.SuiteRunnerWorker.run(SuiteRunnerWorker.java:95)\r\n\tat org.testng.TestNG.runSuitesSequentially(TestNG.java:1256)\r\n\tat org.testng.TestNG.runSuitesLocally(TestNG.java:1176)\r\n\tat org.testng.TestNG.runSuites(TestNG.java:1099)\r\n\tat org.testng.TestNG.run(TestNG.java:1067)\r\n\tat org.apache.maven.surefire.testng.TestNGExecutor.run(TestNGExecutor.java:295)\r\n\tat org.apache.maven.surefire.testng.TestNGXmlTestSuite.execute(TestNGXmlTestSuite.java:84)\r\n\tat org.apache.maven.surefire.testng.TestNGProvider.invoke(TestNGProvider.java:90)\r\n\tat org.apache.maven.surefire.booter.ForkedBooter.invokeProviderInSameClassLoader(ForkedBooter.java:203)\r\n\tat org.apache.maven.surefire.booter.ForkedBooter.runSuitesInProcess(ForkedBooter.java:155)\r\n\tat org.apache.maven.surefire.booter.ForkedBooter.main(ForkedBooter.java:103)\r\n",
    "steps" : [ ],
    "attachments" : [ {
      "uid" : "ce0569317403764",
      "name" : "GetBalanceAPI RequestBody",
      "source" : "ce0569317403764.txt",
      "type" : "text/plain",
      "size" : 67
    }, {
      "uid" : "a7139778cda01ce2",
      "name" : "GetBalanceAPI ResponseBody",
      "source" : "a7139778cda01ce2.txt",
      "type" : "text/plain",
      "size" : 103
    }, {
      "uid" : "93d969e3dab8d85d",
      "name" : "CreditAPI RequestBody",
      "source" : "93d969e3dab8d85d.txt",
      "type" : "text/plain",
      "size" : 177
    }, {
      "uid" : "67a4f66cb834962d",
      "name" : "CreditAPI ResponseBody",
      "source" : "67a4f66cb834962d.txt",
      "type" : "text/plain",
      "size" : 155
    }, {
      "uid" : "d733d29e646a51bc",
      "name" : "GetBalanceAPI RequestBody",
      "source" : "d733d29e646a51bc.txt",
      "type" : "text/plain",
      "size" : 67
    }, {
      "uid" : "85a9bc38d1810858",
      "name" : "GetBalanceAPI ResponseBody",
      "source" : "85a9bc38d1810858.txt",
      "type" : "text/plain",
      "size" : 103
    }, {
      "uid" : "c14a69004ef4431d",
      "name" : "DebitAPI RequestBody",
      "source" : "c14a69004ef4431d.txt",
      "type" : "text/plain",
      "size" : 259
    }, {
      "uid" : "8146f948547cf8b7",
      "name" : "DebitAPI ResponseBody",
      "source" : "8146f948547cf8b7.txt",
      "type" : "text/plain",
      "size" : 158
    }, {
      "uid" : "36d85bfc35ee5ba5",
      "name" : "GetBalanceAPI RequestBody",
      "source" : "36d85bfc35ee5ba5.txt",
      "type" : "text/plain",
      "size" : 67
    }, {
      "uid" : "59cd83238f8fa4dc",
      "name" : "GetBalanceAPI ResponseBody",
      "source" : "59cd83238f8fa4dc.txt",
      "type" : "text/plain",
      "size" : 103
    } ],
    "parameters" : [ ],
    "hasContent" : true,
    "stepsCount" : 0,
    "shouldDisplayMessage" : true,
    "attachmentsCount" : 10
  },
  "afterStages" : [ {
    "name" : "tearDownSuite",
    "time" : {
      "start" : 1665667825891,
      "stop" : 1665667825892,
      "duration" : 1
    },
    "description" : "",
    "status" : "passed",
    "steps" : [ ],
    "attachments" : [ ],
    "parameters" : [ ],
    "hasContent" : false,
    "stepsCount" : 0,
    "shouldDisplayMessage" : false,
    "attachmentsCount" : 0
  } ],
  "labels" : [ {
    "name" : "package",
    "value" : "testCases.IqSoft_API_5_Debit_Negative_Test"
  }, {
    "name" : "testClass",
    "value" : "testCases.IqSoft_API_5_Debit_Negative_Test"
  }, {
    "name" : "testMethod",
    "value" : "DebitAPIValidateResponseUsingInvalidAmount"
  }, {
    "name" : "parentSuite",
    "value" : "IQsoft API Integration"
  }, {
    "name" : "suite",
    "value" : "API Integration Automation Test"
  }, {
    "name" : "subSuite",
    "value" : "testCases.IqSoft_API_5_Debit_Negative_Test"
  }, {
    "name" : "host",
    "value" : "DESKTOP-PO3T4V3"
  }, {
    "name" : "thread",
    "value" : "16864@DESKTOP-PO3T4V3.main(1)"
  }, {
    "name" : "framework",
    "value" : "testng"
  }, {
    "name" : "language",
    "value" : "java"
  }, {
    "name" : "severity",
    "value" : "blocker"
  }, {
    "name" : "resultFormat",
    "value" : "allure2"
  } ],
  "parameters" : [ {
    "name" : "arg0",
    "value" : "0.0"
  } ],
  "links" : [ ],
  "hidden" : false,
  "retry" : false,
  "extra" : {
    "severity" : "blocker",
    "retries" : [ ],
    "categories" : [ {
      "name" : "Product defects",
      "matchedStatuses" : [ ],
      "flaky" : false
    } ],
    "tags" : [ ]
  },
  "source" : "31902037a18ef8cd.json",
  "parameterValues" : [ "0.0" ]
}