{
  "uid" : "414f838c0078072a",
  "name" : "DebitAPIValidateResponseUsingInvalidProductID",
  "fullName" : "testCases.IqSoft_API_5_Debit_Negative_Test.DebitAPIValidateResponseUsingInvalidProductID",
  "historyId" : "2c75192783b3f12b4a770ef2891c6dd7",
  "time" : {
    "start" : 1665737873907,
    "stop" : 1665737877298,
    "duration" : 3391
  },
  "description" : "Verify Debit API_s response with Invalid ProductID",
  "descriptionHtml" : "<p>Verify Debit API_s response with Invalid ProductID</p>\n",
  "status" : "failed",
  "statusMessage" : "The following asserts failed:\n\tError Description: game not avaible expected [game not available] but found [game not avaible]",
  "statusTrace" : "java.lang.AssertionError: The following asserts failed:\n\tError Description: game not avaible expected [game not available] but found [game not avaible]\r\n\tat org.testng.asserts.SoftAssert.assertAll(SoftAssert.java:46)\r\n\tat org.testng.asserts.SoftAssert.assertAll(SoftAssert.java:30)\r\n\tat testCases.IqSoft_API_5_Debit_Negative_Test.DebitAPIValidateResponseUsingInvalidProductID(IqSoft_API_5_Debit_Negative_Test.java:119)\r\n\tat java.base/jdk.internal.reflect.NativeMethodAccessorImpl.invoke0(Native Method)\r\n\tat java.base/jdk.internal.reflect.NativeMethodAccessorImpl.invoke(NativeMethodAccessorImpl.java:77)\r\n\tat java.base/jdk.internal.reflect.DelegatingMethodAccessorImpl.invoke(DelegatingMethodAccessorImpl.java:43)\r\n\tat java.base/java.lang.reflect.Method.invoke(Method.java:568)\r\n\tat org.testng.internal.invokers.MethodInvocationHelper.invokeMethod(MethodInvocationHelper.java:139)\r\n\tat org.testng.internal.invokers.TestInvoker.invokeMethod(TestInvoker.java:677)\r\n\tat org.testng.internal.invokers.TestInvoker.invokeTestMethod(TestInvoker.java:221)\r\n\tat org.testng.internal.invokers.MethodRunner.runInSequence(MethodRunner.java:50)\r\n\tat org.testng.internal.invokers.TestInvoker$MethodInvocationAgent.invoke(TestInvoker.java:962)\r\n\tat org.testng.internal.invokers.TestInvoker.invokeTestMethods(TestInvoker.java:194)\r\n\tat org.testng.internal.invokers.TestMethodWorker.invokeTestMethods(TestMethodWorker.java:148)\r\n\tat org.testng.internal.invokers.TestMethodWorker.run(TestMethodWorker.java:128)\r\n\tat java.base/java.util.ArrayList.forEach(ArrayList.java:1511)\r\n\tat org.testng.TestRunner.privateRun(TestRunner.java:806)\r\n\tat org.testng.TestRunner.run(TestRunner.java:601)\r\n\tat org.testng.SuiteRunner.runTest(SuiteRunner.java:433)\r\n\tat org.testng.SuiteRunner.runSequentially(SuiteRunner.java:427)\r\n\tat org.testng.SuiteRunner.privateRun(SuiteRunner.java:387)\r\n\tat org.testng.SuiteRunner.run(SuiteRunner.java:330)\r\n\tat org.testng.SuiteRunnerWorker.runSuite(SuiteRunnerWorker.java:52)\r\n\tat org.testng.SuiteRunnerWorker.run(SuiteRunnerWorker.java:95)\r\n\tat org.testng.TestNG.runSuitesSequentially(TestNG.java:1256)\r\n\tat org.testng.TestNG.runSuitesLocally(TestNG.java:1176)\r\n\tat org.testng.TestNG.runSuites(TestNG.java:1099)\r\n\tat org.testng.TestNG.run(TestNG.java:1067)\r\n\tat org.apache.maven.surefire.testng.TestNGExecutor.run(TestNGExecutor.java:295)\r\n\tat org.apache.maven.surefire.testng.TestNGXmlTestSuite.execute(TestNGXmlTestSuite.java:84)\r\n\tat org.apache.maven.surefire.testng.TestNGProvider.invoke(TestNGProvider.java:90)\r\n\tat org.apache.maven.surefire.booter.ForkedBooter.invokeProviderInSameClassLoader(ForkedBooter.java:203)\r\n\tat org.apache.maven.surefire.booter.ForkedBooter.runSuitesInProcess(ForkedBooter.java:155)\r\n\tat org.apache.maven.surefire.booter.ForkedBooter.main(ForkedBooter.java:103)\r\n",
  "flaky" : false,
  "newFailed" : false,
  "newBroken" : false,
  "newPassed" : false,
  "retriesCount" : 0,
  "retriesStatusChange" : false,
  "beforeStages" : [ {
    "name" : "setupSuite",
    "time" : {
      "start" : 1665737819473,
      "stop" : 1665737819566,
      "duration" : 93
    },
    "description" : "",
    "status" : "passed",
    "steps" : [ ],
    "attachments" : [ ],
    "parameters" : [ ],
    "shouldDisplayMessage" : false,
    "attachmentsCount" : 0,
    "hasContent" : false,
    "stepsCount" : 0
  } ],
  "testStage" : {
    "description" : "Verify Debit API_s response with Invalid ProductID",
    "status" : "failed",
    "statusMessage" : "The following asserts failed:\n\tError Description: game not avaible expected [game not available] but found [game not avaible]",
    "statusTrace" : "java.lang.AssertionError: The following asserts failed:\n\tError Description: game not avaible expected [game not available] but found [game not avaible]\r\n\tat org.testng.asserts.SoftAssert.assertAll(SoftAssert.java:46)\r\n\tat org.testng.asserts.SoftAssert.assertAll(SoftAssert.java:30)\r\n\tat testCases.IqSoft_API_5_Debit_Negative_Test.DebitAPIValidateResponseUsingInvalidProductID(IqSoft_API_5_Debit_Negative_Test.java:119)\r\n\tat java.base/jdk.internal.reflect.NativeMethodAccessorImpl.invoke0(Native Method)\r\n\tat java.base/jdk.internal.reflect.NativeMethodAccessorImpl.invoke(NativeMethodAccessorImpl.java:77)\r\n\tat java.base/jdk.internal.reflect.DelegatingMethodAccessorImpl.invoke(DelegatingMethodAccessorImpl.java:43)\r\n\tat java.base/java.lang.reflect.Method.invoke(Method.java:568)\r\n\tat org.testng.internal.invokers.MethodInvocationHelper.invokeMethod(MethodInvocationHelper.java:139)\r\n\tat org.testng.internal.invokers.TestInvoker.invokeMethod(TestInvoker.java:677)\r\n\tat org.testng.internal.invokers.TestInvoker.invokeTestMethod(TestInvoker.java:221)\r\n\tat org.testng.internal.invokers.MethodRunner.runInSequence(MethodRunner.java:50)\r\n\tat org.testng.internal.invokers.TestInvoker$MethodInvocationAgent.invoke(TestInvoker.java:962)\r\n\tat org.testng.internal.invokers.TestInvoker.invokeTestMethods(TestInvoker.java:194)\r\n\tat org.testng.internal.invokers.TestMethodWorker.invokeTestMethods(TestMethodWorker.java:148)\r\n\tat org.testng.internal.invokers.TestMethodWorker.run(TestMethodWorker.java:128)\r\n\tat java.base/java.util.ArrayList.forEach(ArrayList.java:1511)\r\n\tat org.testng.TestRunner.privateRun(TestRunner.java:806)\r\n\tat org.testng.TestRunner.run(TestRunner.java:601)\r\n\tat org.testng.SuiteRunner.runTest(SuiteRunner.java:433)\r\n\tat org.testng.SuiteRunner.runSequentially(SuiteRunner.java:427)\r\n\tat org.testng.SuiteRunner.privateRun(SuiteRunner.java:387)\r\n\tat org.testng.SuiteRunner.run(SuiteRunner.java:330)\r\n\tat org.testng.SuiteRunnerWorker.runSuite(SuiteRunnerWorker.java:52)\r\n\tat org.testng.SuiteRunnerWorker.run(SuiteRunnerWorker.java:95)\r\n\tat org.testng.TestNG.runSuitesSequentially(TestNG.java:1256)\r\n\tat org.testng.TestNG.runSuitesLocally(TestNG.java:1176)\r\n\tat org.testng.TestNG.runSuites(TestNG.java:1099)\r\n\tat org.testng.TestNG.run(TestNG.java:1067)\r\n\tat org.apache.maven.surefire.testng.TestNGExecutor.run(TestNGExecutor.java:295)\r\n\tat org.apache.maven.surefire.testng.TestNGXmlTestSuite.execute(TestNGXmlTestSuite.java:84)\r\n\tat org.apache.maven.surefire.testng.TestNGProvider.invoke(TestNGProvider.java:90)\r\n\tat org.apache.maven.surefire.booter.ForkedBooter.invokeProviderInSameClassLoader(ForkedBooter.java:203)\r\n\tat org.apache.maven.surefire.booter.ForkedBooter.runSuitesInProcess(ForkedBooter.java:155)\r\n\tat org.apache.maven.surefire.booter.ForkedBooter.main(ForkedBooter.java:103)\r\n",
    "steps" : [ ],
    "attachments" : [ {
      "uid" : "b5d4fa052e6a44e5",
      "name" : "GetBalanceAPI:  Url:  https://iqs.dazzabet.com/api/endpoint/GetBalance        RequestBody",
      "source" : "b5d4fa052e6a44e5.txt",
      "type" : "text/plain",
      "size" : 67
    }, {
      "uid" : "e53468ed5516b18c",
      "name" : "GetBalanceAPI:  ResponseBody",
      "source" : "e53468ed5516b18c.txt",
      "type" : "text/plain",
      "size" : 103
    }, {
      "uid" : "a66dbe738b70be0c",
      "name" : "CreditAPI  Url:  https://iqs.dazzabet.com/api/endpoint/Credit        RequestBody",
      "source" : "a66dbe738b70be0c.txt",
      "type" : "text/plain",
      "size" : 177
    }, {
      "uid" : "fed6fd512da0de87",
      "name" : "CreditAPI  ResponseBody",
      "source" : "fed6fd512da0de87.txt",
      "type" : "text/plain",
      "size" : 155
    }, {
      "uid" : "31654ef24098937e",
      "name" : "GetBalanceAPI:  Url:  https://iqs.dazzabet.com/api/endpoint/GetBalance        RequestBody",
      "source" : "31654ef24098937e.txt",
      "type" : "text/plain",
      "size" : 67
    }, {
      "uid" : "9e5cfb09fc15e1d4",
      "name" : "GetBalanceAPI:  ResponseBody",
      "source" : "9e5cfb09fc15e1d4.txt",
      "type" : "text/plain",
      "size" : 103
    }, {
      "uid" : "a09dd63d8d4ddf39",
      "name" : "DebitAPI  Url:  https://iqs.dazzabet.com/api/endpoint/Debit        RequestBody",
      "source" : "a09dd63d8d4ddf39.txt",
      "type" : "text/plain",
      "size" : 257
    }, {
      "uid" : "816b6adb69b87466",
      "name" : "DebitAPI  ResponseBody",
      "source" : "816b6adb69b87466.txt",
      "type" : "text/plain",
      "size" : 75
    }, {
      "uid" : "2590c80271e835f8",
      "name" : "GetBalanceAPI:  Url:  https://iqs.dazzabet.com/api/endpoint/GetBalance        RequestBody",
      "source" : "2590c80271e835f8.txt",
      "type" : "text/plain",
      "size" : 67
    }, {
      "uid" : "aecebe0f03b5bb10",
      "name" : "GetBalanceAPI:  ResponseBody",
      "source" : "aecebe0f03b5bb10.txt",
      "type" : "text/plain",
      "size" : 103
    } ],
    "parameters" : [ ],
    "shouldDisplayMessage" : true,
    "attachmentsCount" : 10,
    "hasContent" : true,
    "stepsCount" : 0
  },
  "afterStages" : [ {
    "name" : "tearDownSuite",
    "time" : {
      "start" : 1665737915402,
      "stop" : 1665737915402,
      "duration" : 0
    },
    "description" : "",
    "status" : "passed",
    "steps" : [ ],
    "attachments" : [ ],
    "parameters" : [ ],
    "shouldDisplayMessage" : false,
    "attachmentsCount" : 0,
    "hasContent" : false,
    "stepsCount" : 0
  } ],
  "labels" : [ {
    "name" : "package",
    "value" : "testCases.IqSoft_API_5_Debit_Negative_Test"
  }, {
    "name" : "testClass",
    "value" : "testCases.IqSoft_API_5_Debit_Negative_Test"
  }, {
    "name" : "testMethod",
    "value" : "DebitAPIValidateResponseUsingInvalidProductID"
  }, {
    "name" : "parentSuite",
    "value" : "IQsoft API Integration"
  }, {
    "name" : "suite",
    "value" : "API Integration Automation Test"
  }, {
    "name" : "subSuite",
    "value" : "testCases.IqSoft_API_5_Debit_Negative_Test"
  }, {
    "name" : "host",
    "value" : "DESKTOP-PO3T4V3"
  }, {
    "name" : "thread",
    "value" : "16640@DESKTOP-PO3T4V3.main(1)"
  }, {
    "name" : "framework",
    "value" : "testng"
  }, {
    "name" : "language",
    "value" : "java"
  }, {
    "name" : "severity",
    "value" : "normal"
  }, {
    "name" : "resultFormat",
    "value" : "allure2"
  } ],
  "parameters" : [ ],
  "links" : [ ],
  "hidden" : false,
  "retry" : false,
  "extra" : {
    "severity" : "normal",
    "retries" : [ ],
    "categories" : [ {
      "name" : "Product defects",
      "matchedStatuses" : [ ],
      "flaky" : false
    } ],
    "tags" : [ ]
  },
  "source" : "414f838c0078072a.json",
  "parameterValues" : [ ]
}