{
  "uid" : "646fe234b45df5a9",
  "name" : "RollBackAPIValidateResponseWithInvalidToken",
  "fullName" : "testCases.IqSoft_API_6_RollBack_Negative_Test.RollBackAPIValidateResponseWithInvalidToken",
  "historyId" : "862603de78c00916407b08539cebcc50",
  "time" : {
    "start" : 1665667802075,
    "stop" : 1665667805114,
    "duration" : 3039
  },
  "description" : "Verify RollBack API_s response with Invalid Token",
  "descriptionHtml" : "<p>Verify RollBack API_s response with Invalid Token</p>\n",
  "status" : "failed",
  "statusMessage" : "The following asserts failed:\n\tamountAfterRollBack: 9525.5 = amountAfterCredit: 9524.5 expected [9524.5] but found [9525.5]",
  "statusTrace" : "java.lang.AssertionError: The following asserts failed:\n\tamountAfterRollBack: 9525.5 = amountAfterCredit: 9524.5 expected [9524.5] but found [9525.5]\r\n\tat org.testng.asserts.SoftAssert.assertAll(SoftAssert.java:46)\r\n\tat org.testng.asserts.SoftAssert.assertAll(SoftAssert.java:30)\r\n\tat testCases.IqSoft_API_6_RollBack_Negative_Test.RollBackAPIValidateResponseWithInvalidToken(IqSoft_API_6_RollBack_Negative_Test.java:71)\r\n\tat java.base/jdk.internal.reflect.NativeMethodAccessorImpl.invoke0(Native Method)\r\n\tat java.base/jdk.internal.reflect.NativeMethodAccessorImpl.invoke(NativeMethodAccessorImpl.java:77)\r\n\tat java.base/jdk.internal.reflect.DelegatingMethodAccessorImpl.invoke(DelegatingMethodAccessorImpl.java:43)\r\n\tat java.base/java.lang.reflect.Method.invoke(Method.java:568)\r\n\tat org.testng.internal.invokers.MethodInvocationHelper.invokeMethod(MethodInvocationHelper.java:139)\r\n\tat org.testng.internal.invokers.TestInvoker.invokeMethod(TestInvoker.java:677)\r\n\tat org.testng.internal.invokers.TestInvoker.invokeTestMethod(TestInvoker.java:221)\r\n\tat org.testng.internal.invokers.MethodRunner.runInSequence(MethodRunner.java:50)\r\n\tat org.testng.internal.invokers.TestInvoker$MethodInvocationAgent.invoke(TestInvoker.java:962)\r\n\tat org.testng.internal.invokers.TestInvoker.invokeTestMethods(TestInvoker.java:194)\r\n\tat org.testng.internal.invokers.TestMethodWorker.invokeTestMethods(TestMethodWorker.java:148)\r\n\tat org.testng.internal.invokers.TestMethodWorker.run(TestMethodWorker.java:128)\r\n\tat java.base/java.util.ArrayList.forEach(ArrayList.java:1511)\r\n\tat org.testng.TestRunner.privateRun(TestRunner.java:806)\r\n\tat org.testng.TestRunner.run(TestRunner.java:601)\r\n\tat org.testng.SuiteRunner.runTest(SuiteRunner.java:433)\r\n\tat org.testng.SuiteRunner.runSequentially(SuiteRunner.java:427)\r\n\tat org.testng.SuiteRunner.privateRun(SuiteRunner.java:387)\r\n\tat org.testng.SuiteRunner.run(SuiteRunner.java:330)\r\n\tat org.testng.SuiteRunnerWorker.runSuite(SuiteRunnerWorker.java:52)\r\n\tat org.testng.SuiteRunnerWorker.run(SuiteRunnerWorker.java:95)\r\n\tat org.testng.TestNG.runSuitesSequentially(TestNG.java:1256)\r\n\tat org.testng.TestNG.runSuitesLocally(TestNG.java:1176)\r\n\tat org.testng.TestNG.runSuites(TestNG.java:1099)\r\n\tat org.testng.TestNG.run(TestNG.java:1067)\r\n\tat org.apache.maven.surefire.testng.TestNGExecutor.run(TestNGExecutor.java:295)\r\n\tat org.apache.maven.surefire.testng.TestNGXmlTestSuite.execute(TestNGXmlTestSuite.java:84)\r\n\tat org.apache.maven.surefire.testng.TestNGProvider.invoke(TestNGProvider.java:90)\r\n\tat org.apache.maven.surefire.booter.ForkedBooter.invokeProviderInSameClassLoader(ForkedBooter.java:203)\r\n\tat org.apache.maven.surefire.booter.ForkedBooter.runSuitesInProcess(ForkedBooter.java:155)\r\n\tat org.apache.maven.surefire.booter.ForkedBooter.main(ForkedBooter.java:103)\r\n",
  "flaky" : false,
  "newFailed" : false,
  "newBroken" : false,
  "newPassed" : false,
  "retriesCount" : 0,
  "retriesStatusChange" : false,
  "beforeStages" : [ {
    "name" : "setupSuite",
    "time" : {
      "start" : 1665667716183,
      "stop" : 1665667716235,
      "duration" : 52
    },
    "description" : "",
    "status" : "passed",
    "steps" : [ ],
    "attachments" : [ ],
    "parameters" : [ ],
    "hasContent" : false,
    "stepsCount" : 0,
    "shouldDisplayMessage" : false,
    "attachmentsCount" : 0
  } ],
  "testStage" : {
    "description" : "Verify RollBack API_s response with Invalid Token",
    "status" : "failed",
    "statusMessage" : "The following asserts failed:\n\tamountAfterRollBack: 9525.5 = amountAfterCredit: 9524.5 expected [9524.5] but found [9525.5]",
    "statusTrace" : "java.lang.AssertionError: The following asserts failed:\n\tamountAfterRollBack: 9525.5 = amountAfterCredit: 9524.5 expected [9524.5] but found [9525.5]\r\n\tat org.testng.asserts.SoftAssert.assertAll(SoftAssert.java:46)\r\n\tat org.testng.asserts.SoftAssert.assertAll(SoftAssert.java:30)\r\n\tat testCases.IqSoft_API_6_RollBack_Negative_Test.RollBackAPIValidateResponseWithInvalidToken(IqSoft_API_6_RollBack_Negative_Test.java:71)\r\n\tat java.base/jdk.internal.reflect.NativeMethodAccessorImpl.invoke0(Native Method)\r\n\tat java.base/jdk.internal.reflect.NativeMethodAccessorImpl.invoke(NativeMethodAccessorImpl.java:77)\r\n\tat java.base/jdk.internal.reflect.DelegatingMethodAccessorImpl.invoke(DelegatingMethodAccessorImpl.java:43)\r\n\tat java.base/java.lang.reflect.Method.invoke(Method.java:568)\r\n\tat org.testng.internal.invokers.MethodInvocationHelper.invokeMethod(MethodInvocationHelper.java:139)\r\n\tat org.testng.internal.invokers.TestInvoker.invokeMethod(TestInvoker.java:677)\r\n\tat org.testng.internal.invokers.TestInvoker.invokeTestMethod(TestInvoker.java:221)\r\n\tat org.testng.internal.invokers.MethodRunner.runInSequence(MethodRunner.java:50)\r\n\tat org.testng.internal.invokers.TestInvoker$MethodInvocationAgent.invoke(TestInvoker.java:962)\r\n\tat org.testng.internal.invokers.TestInvoker.invokeTestMethods(TestInvoker.java:194)\r\n\tat org.testng.internal.invokers.TestMethodWorker.invokeTestMethods(TestMethodWorker.java:148)\r\n\tat org.testng.internal.invokers.TestMethodWorker.run(TestMethodWorker.java:128)\r\n\tat java.base/java.util.ArrayList.forEach(ArrayList.java:1511)\r\n\tat org.testng.TestRunner.privateRun(TestRunner.java:806)\r\n\tat org.testng.TestRunner.run(TestRunner.java:601)\r\n\tat org.testng.SuiteRunner.runTest(SuiteRunner.java:433)\r\n\tat org.testng.SuiteRunner.runSequentially(SuiteRunner.java:427)\r\n\tat org.testng.SuiteRunner.privateRun(SuiteRunner.java:387)\r\n\tat org.testng.SuiteRunner.run(SuiteRunner.java:330)\r\n\tat org.testng.SuiteRunnerWorker.runSuite(SuiteRunnerWorker.java:52)\r\n\tat org.testng.SuiteRunnerWorker.run(SuiteRunnerWorker.java:95)\r\n\tat org.testng.TestNG.runSuitesSequentially(TestNG.java:1256)\r\n\tat org.testng.TestNG.runSuitesLocally(TestNG.java:1176)\r\n\tat org.testng.TestNG.runSuites(TestNG.java:1099)\r\n\tat org.testng.TestNG.run(TestNG.java:1067)\r\n\tat org.apache.maven.surefire.testng.TestNGExecutor.run(TestNGExecutor.java:295)\r\n\tat org.apache.maven.surefire.testng.TestNGXmlTestSuite.execute(TestNGXmlTestSuite.java:84)\r\n\tat org.apache.maven.surefire.testng.TestNGProvider.invoke(TestNGProvider.java:90)\r\n\tat org.apache.maven.surefire.booter.ForkedBooter.invokeProviderInSameClassLoader(ForkedBooter.java:203)\r\n\tat org.apache.maven.surefire.booter.ForkedBooter.runSuitesInProcess(ForkedBooter.java:155)\r\n\tat org.apache.maven.surefire.booter.ForkedBooter.main(ForkedBooter.java:103)\r\n",
    "steps" : [ ],
    "attachments" : [ {
      "uid" : "be72aeb5cfc355da",
      "name" : "GetBalanceAPI RequestBody",
      "source" : "be72aeb5cfc355da.txt",
      "type" : "text/plain",
      "size" : 67
    }, {
      "uid" : "fb66d4bea7b56b32",
      "name" : "GetBalanceAPI ResponseBody",
      "source" : "fb66d4bea7b56b32.txt",
      "type" : "text/plain",
      "size" : 103
    }, {
      "uid" : "d0227e3a95a0075e",
      "name" : "CreditAPI RequestBody",
      "source" : "d0227e3a95a0075e.txt",
      "type" : "text/plain",
      "size" : 177
    }, {
      "uid" : "8a573a02d157ef64",
      "name" : "CreditAPI ResponseBody",
      "source" : "8a573a02d157ef64.txt",
      "type" : "text/plain",
      "size" : 155
    }, {
      "uid" : "27f30e7aafb2a83d",
      "name" : "GetBalanceAPI RequestBody",
      "source" : "27f30e7aafb2a83d.txt",
      "type" : "text/plain",
      "size" : 67
    }, {
      "uid" : "76010707c7517d20",
      "name" : "GetBalanceAPI ResponseBody",
      "source" : "76010707c7517d20.txt",
      "type" : "text/plain",
      "size" : 103
    }, {
      "uid" : "fa779c04f623b20b",
      "name" : "RollBackAPI RequestBody",
      "source" : "fa779c04f623b20b.txt",
      "type" : "text/plain",
      "size" : 216
    }, {
      "uid" : "54122743203c612b",
      "name" : "RollBackAPI ResponseBody",
      "source" : "54122743203c612b.txt",
      "type" : "text/plain",
      "size" : 58
    }, {
      "uid" : "f266a628a04ca983",
      "name" : "GetBalanceAPI RequestBody",
      "source" : "f266a628a04ca983.txt",
      "type" : "text/plain",
      "size" : 67
    }, {
      "uid" : "4b78fe717f7a3cce",
      "name" : "GetBalanceAPI ResponseBody",
      "source" : "4b78fe717f7a3cce.txt",
      "type" : "text/plain",
      "size" : 103
    } ],
    "parameters" : [ ],
    "hasContent" : true,
    "stepsCount" : 0,
    "shouldDisplayMessage" : true,
    "attachmentsCount" : 10
  },
  "afterStages" : [ {
    "name" : "tearDownSuite",
    "time" : {
      "start" : 1665667825891,
      "stop" : 1665667825892,
      "duration" : 1
    },
    "description" : "",
    "status" : "passed",
    "steps" : [ ],
    "attachments" : [ ],
    "parameters" : [ ],
    "hasContent" : false,
    "stepsCount" : 0,
    "shouldDisplayMessage" : false,
    "attachmentsCount" : 0
  } ],
  "labels" : [ {
    "name" : "package",
    "value" : "testCases.IqSoft_API_6_RollBack_Negative_Test"
  }, {
    "name" : "testClass",
    "value" : "testCases.IqSoft_API_6_RollBack_Negative_Test"
  }, {
    "name" : "testMethod",
    "value" : "RollBackAPIValidateResponseWithInvalidToken"
  }, {
    "name" : "parentSuite",
    "value" : "IQsoft API Integration"
  }, {
    "name" : "suite",
    "value" : "API Integration Automation Test"
  }, {
    "name" : "subSuite",
    "value" : "testCases.IqSoft_API_6_RollBack_Negative_Test"
  }, {
    "name" : "host",
    "value" : "DESKTOP-PO3T4V3"
  }, {
    "name" : "thread",
    "value" : "16864@DESKTOP-PO3T4V3.main(1)"
  }, {
    "name" : "framework",
    "value" : "testng"
  }, {
    "name" : "language",
    "value" : "java"
  }, {
    "name" : "severity",
    "value" : "blocker"
  }, {
    "name" : "resultFormat",
    "value" : "allure2"
  } ],
  "parameters" : [ ],
  "links" : [ ],
  "hidden" : false,
  "retry" : false,
  "extra" : {
    "severity" : "blocker",
    "retries" : [ ],
    "categories" : [ {
      "name" : "Product defects",
      "matchedStatuses" : [ ],
      "flaky" : false
    } ],
    "tags" : [ ]
  },
  "source" : "646fe234b45df5a9.json",
  "parameterValues" : [ ]
}