{
  "uid" : "652224f95fd0ffb7",
  "name" : "RollBackAPIValidateResponseWithInvalidToken",
  "fullName" : "testCases.IqSoft_API_6_RollBack_Negative_Test.RollBackAPIValidateResponseWithInvalidToken",
  "historyId" : "862603de78c00916407b08539cebcc50",
  "time" : {
    "start" : 1665411224150,
    "stop" : 1665411225127,
    "duration" : 977
  },
  "description" : "Verify RollBack API_s response with Invalid Token",
  "descriptionHtml" : "<p>Verify RollBack API_s response with Invalid Token</p>\n",
  "status" : "failed",
  "statusMessage" : "The following asserts failed:\n\tamountAfterCredit: 9674.0 = amountAfterRollBack : 9675.0 expected [9675.0] but found [9674.0]",
  "statusTrace" : "java.lang.AssertionError: The following asserts failed:\n\tamountAfterCredit: 9674.0 = amountAfterRollBack : 9675.0 expected [9675.0] but found [9674.0]\r\n\tat org.testng.asserts.SoftAssert.assertAll(SoftAssert.java:46)\r\n\tat org.testng.asserts.SoftAssert.assertAll(SoftAssert.java:30)\r\n\tat testCases.IqSoft_API_6_RollBack_Negative_Test.RollBackAPIValidateResponseWithInvalidToken(IqSoft_API_6_RollBack_Negative_Test.java:70)\r\n\tat java.base/jdk.internal.reflect.NativeMethodAccessorImpl.invoke0(Native Method)\r\n\tat java.base/jdk.internal.reflect.NativeMethodAccessorImpl.invoke(NativeMethodAccessorImpl.java:77)\r\n\tat java.base/jdk.internal.reflect.DelegatingMethodAccessorImpl.invoke(DelegatingMethodAccessorImpl.java:43)\r\n\tat java.base/java.lang.reflect.Method.invoke(Method.java:568)\r\n\tat org.testng.internal.invokers.MethodInvocationHelper.invokeMethod(MethodInvocationHelper.java:139)\r\n\tat org.testng.internal.invokers.TestInvoker.invokeMethod(TestInvoker.java:677)\r\n\tat org.testng.internal.invokers.TestInvoker.invokeTestMethod(TestInvoker.java:221)\r\n\tat org.testng.internal.invokers.MethodRunner.runInSequence(MethodRunner.java:50)\r\n\tat org.testng.internal.invokers.TestInvoker$MethodInvocationAgent.invoke(TestInvoker.java:962)\r\n\tat org.testng.internal.invokers.TestInvoker.invokeTestMethods(TestInvoker.java:194)\r\n\tat org.testng.internal.invokers.TestMethodWorker.invokeTestMethods(TestMethodWorker.java:148)\r\n\tat org.testng.internal.invokers.TestMethodWorker.run(TestMethodWorker.java:128)\r\n\tat java.base/java.util.ArrayList.forEach(ArrayList.java:1511)\r\n\tat org.testng.TestRunner.privateRun(TestRunner.java:806)\r\n\tat org.testng.TestRunner.run(TestRunner.java:601)\r\n\tat org.testng.SuiteRunner.runTest(SuiteRunner.java:433)\r\n\tat org.testng.SuiteRunner.runSequentially(SuiteRunner.java:427)\r\n\tat org.testng.SuiteRunner.privateRun(SuiteRunner.java:387)\r\n\tat org.testng.SuiteRunner.run(SuiteRunner.java:330)\r\n\tat org.testng.SuiteRunnerWorker.runSuite(SuiteRunnerWorker.java:52)\r\n\tat org.testng.SuiteRunnerWorker.run(SuiteRunnerWorker.java:95)\r\n\tat org.testng.TestNG.runSuitesSequentially(TestNG.java:1256)\r\n\tat org.testng.TestNG.runSuitesLocally(TestNG.java:1176)\r\n\tat org.testng.TestNG.runSuites(TestNG.java:1099)\r\n\tat org.testng.TestNG.run(TestNG.java:1067)\r\n\tat org.apache.maven.surefire.testng.TestNGExecutor.run(TestNGExecutor.java:295)\r\n\tat org.apache.maven.surefire.testng.TestNGXmlTestSuite.execute(TestNGXmlTestSuite.java:84)\r\n\tat org.apache.maven.surefire.testng.TestNGProvider.invoke(TestNGProvider.java:90)\r\n\tat org.apache.maven.surefire.booter.ForkedBooter.invokeProviderInSameClassLoader(ForkedBooter.java:203)\r\n\tat org.apache.maven.surefire.booter.ForkedBooter.runSuitesInProcess(ForkedBooter.java:155)\r\n\tat org.apache.maven.surefire.booter.ForkedBooter.main(ForkedBooter.java:103)\r\n",
  "flaky" : false,
  "newFailed" : false,
  "newBroken" : false,
  "newPassed" : false,
  "retriesCount" : 1,
  "retriesStatusChange" : false,
  "beforeStages" : [ {
    "name" : "setupSuite",
    "time" : {
      "start" : 1665411198122,
      "stop" : 1665411198179,
      "duration" : 57
    },
    "description" : "",
    "status" : "passed",
    "steps" : [ ],
    "attachments" : [ ],
    "parameters" : [ ],
    "attachmentsCount" : 0,
    "shouldDisplayMessage" : false,
    "stepsCount" : 0,
    "hasContent" : false
  } ],
  "testStage" : {
    "description" : "Verify RollBack API_s response with Invalid Token",
    "status" : "failed",
    "statusMessage" : "The following asserts failed:\n\tamountAfterCredit: 9674.0 = amountAfterRollBack : 9675.0 expected [9675.0] but found [9674.0]",
    "statusTrace" : "java.lang.AssertionError: The following asserts failed:\n\tamountAfterCredit: 9674.0 = amountAfterRollBack : 9675.0 expected [9675.0] but found [9674.0]\r\n\tat org.testng.asserts.SoftAssert.assertAll(SoftAssert.java:46)\r\n\tat org.testng.asserts.SoftAssert.assertAll(SoftAssert.java:30)\r\n\tat testCases.IqSoft_API_6_RollBack_Negative_Test.RollBackAPIValidateResponseWithInvalidToken(IqSoft_API_6_RollBack_Negative_Test.java:70)\r\n\tat java.base/jdk.internal.reflect.NativeMethodAccessorImpl.invoke0(Native Method)\r\n\tat java.base/jdk.internal.reflect.NativeMethodAccessorImpl.invoke(NativeMethodAccessorImpl.java:77)\r\n\tat java.base/jdk.internal.reflect.DelegatingMethodAccessorImpl.invoke(DelegatingMethodAccessorImpl.java:43)\r\n\tat java.base/java.lang.reflect.Method.invoke(Method.java:568)\r\n\tat org.testng.internal.invokers.MethodInvocationHelper.invokeMethod(MethodInvocationHelper.java:139)\r\n\tat org.testng.internal.invokers.TestInvoker.invokeMethod(TestInvoker.java:677)\r\n\tat org.testng.internal.invokers.TestInvoker.invokeTestMethod(TestInvoker.java:221)\r\n\tat org.testng.internal.invokers.MethodRunner.runInSequence(MethodRunner.java:50)\r\n\tat org.testng.internal.invokers.TestInvoker$MethodInvocationAgent.invoke(TestInvoker.java:962)\r\n\tat org.testng.internal.invokers.TestInvoker.invokeTestMethods(TestInvoker.java:194)\r\n\tat org.testng.internal.invokers.TestMethodWorker.invokeTestMethods(TestMethodWorker.java:148)\r\n\tat org.testng.internal.invokers.TestMethodWorker.run(TestMethodWorker.java:128)\r\n\tat java.base/java.util.ArrayList.forEach(ArrayList.java:1511)\r\n\tat org.testng.TestRunner.privateRun(TestRunner.java:806)\r\n\tat org.testng.TestRunner.run(TestRunner.java:601)\r\n\tat org.testng.SuiteRunner.runTest(SuiteRunner.java:433)\r\n\tat org.testng.SuiteRunner.runSequentially(SuiteRunner.java:427)\r\n\tat org.testng.SuiteRunner.privateRun(SuiteRunner.java:387)\r\n\tat org.testng.SuiteRunner.run(SuiteRunner.java:330)\r\n\tat org.testng.SuiteRunnerWorker.runSuite(SuiteRunnerWorker.java:52)\r\n\tat org.testng.SuiteRunnerWorker.run(SuiteRunnerWorker.java:95)\r\n\tat org.testng.TestNG.runSuitesSequentially(TestNG.java:1256)\r\n\tat org.testng.TestNG.runSuitesLocally(TestNG.java:1176)\r\n\tat org.testng.TestNG.runSuites(TestNG.java:1099)\r\n\tat org.testng.TestNG.run(TestNG.java:1067)\r\n\tat org.apache.maven.surefire.testng.TestNGExecutor.run(TestNGExecutor.java:295)\r\n\tat org.apache.maven.surefire.testng.TestNGXmlTestSuite.execute(TestNGXmlTestSuite.java:84)\r\n\tat org.apache.maven.surefire.testng.TestNGProvider.invoke(TestNGProvider.java:90)\r\n\tat org.apache.maven.surefire.booter.ForkedBooter.invokeProviderInSameClassLoader(ForkedBooter.java:203)\r\n\tat org.apache.maven.surefire.booter.ForkedBooter.runSuitesInProcess(ForkedBooter.java:155)\r\n\tat org.apache.maven.surefire.booter.ForkedBooter.main(ForkedBooter.java:103)\r\n",
    "steps" : [ ],
    "attachments" : [ {
      "uid" : "7aea5bcd1fcc39d3",
      "name" : "GetBalanceAPI RequestBody",
      "source" : "7aea5bcd1fcc39d3.txt",
      "type" : "text/plain",
      "size" : 67
    }, {
      "uid" : "510aa40eacd4e76e",
      "name" : "GetBalanceAPI ResponseBody",
      "source" : "510aa40eacd4e76e.txt",
      "type" : "text/plain",
      "size" : 82
    }, {
      "uid" : "14c6d03103490453",
      "name" : "CreditAPI RequestBody",
      "source" : "14c6d03103490453.txt",
      "type" : "text/plain",
      "size" : 177
    }, {
      "uid" : "a8981d2a14d6013b",
      "name" : "CreditAPI ResponseBody",
      "source" : "a8981d2a14d6013b.txt",
      "type" : "text/plain",
      "size" : 132
    }, {
      "uid" : "f6cffdc3ef38747a",
      "name" : "GetBalanceAPI RequestBody",
      "source" : "f6cffdc3ef38747a.txt",
      "type" : "text/plain",
      "size" : 67
    }, {
      "uid" : "8adcc85ab10aa512",
      "name" : "GetBalanceAPI ResponseBody",
      "source" : "8adcc85ab10aa512.txt",
      "type" : "text/plain",
      "size" : 82
    }, {
      "uid" : "74b97c30f0c93922",
      "name" : "RollBackAPI RequestBody",
      "source" : "74b97c30f0c93922.txt",
      "type" : "text/plain",
      "size" : 216
    }, {
      "uid" : "9aaf97ecc88a43fb",
      "name" : "RollBackAPI ResponseBody",
      "source" : "9aaf97ecc88a43fb.txt",
      "type" : "text/plain",
      "size" : 37
    }, {
      "uid" : "b2c8aafd0175ad60",
      "name" : "GetBalanceAPI RequestBody",
      "source" : "b2c8aafd0175ad60.txt",
      "type" : "text/plain",
      "size" : 67
    }, {
      "uid" : "b8280e1569c7fdaa",
      "name" : "GetBalanceAPI ResponseBody",
      "source" : "b8280e1569c7fdaa.txt",
      "type" : "text/plain",
      "size" : 82
    } ],
    "parameters" : [ ],
    "attachmentsCount" : 10,
    "shouldDisplayMessage" : true,
    "stepsCount" : 0,
    "hasContent" : true
  },
  "afterStages" : [ {
    "name" : "tearDownSuite",
    "time" : {
      "start" : 1665411229807,
      "stop" : 1665411229807,
      "duration" : 0
    },
    "description" : "",
    "status" : "passed",
    "steps" : [ ],
    "attachments" : [ ],
    "parameters" : [ ],
    "attachmentsCount" : 0,
    "shouldDisplayMessage" : false,
    "stepsCount" : 0,
    "hasContent" : false
  } ],
  "labels" : [ {
    "name" : "package",
    "value" : "testCases.IqSoft_API_6_RollBack_Negative_Test"
  }, {
    "name" : "testClass",
    "value" : "testCases.IqSoft_API_6_RollBack_Negative_Test"
  }, {
    "name" : "testMethod",
    "value" : "RollBackAPIValidateResponseWithInvalidToken"
  }, {
    "name" : "parentSuite",
    "value" : "IQsoft API Integration"
  }, {
    "name" : "suite",
    "value" : "API Integration Automation Test"
  }, {
    "name" : "subSuite",
    "value" : "testCases.IqSoft_API_6_RollBack_Negative_Test"
  }, {
    "name" : "host",
    "value" : "DESKTOP-PO3T4V3"
  }, {
    "name" : "thread",
    "value" : "7328@DESKTOP-PO3T4V3.main(1)"
  }, {
    "name" : "framework",
    "value" : "testng"
  }, {
    "name" : "language",
    "value" : "java"
  }, {
    "name" : "severity",
    "value" : "blocker"
  }, {
    "name" : "resultFormat",
    "value" : "allure2"
  } ],
  "parameters" : [ ],
  "links" : [ ],
  "hidden" : false,
  "retry" : false,
  "extra" : {
    "severity" : "blocker",
    "retries" : [ {
      "uid" : "e78a774843a29dec",
      "status" : "failed",
      "statusDetails" : "The following asserts failed:\n\tamountAfterCredit: 9681.0 = amountAfterRollBack : 9682.0 expected [9682.0] but found [9681.0]",
      "time" : {
        "start" : 1665411036801,
        "stop" : 1665411037775,
        "duration" : 974
      }
    } ],
    "categories" : [ {
      "name" : "Product defects",
      "matchedStatuses" : [ ],
      "flaky" : false
    } ],
    "tags" : [ ]
  },
  "source" : "652224f95fd0ffb7.json",
  "parameterValues" : [ ]
}