{
  "uid" : "6d2c41479006a618",
  "name" : "CreditAPIValidateResponseWithExpiredToken",
  "fullName" : "testCases.IqSoft_API_4_Credit_Negative_Test.CreditAPIValidateResponseWithExpiredToken",
  "historyId" : "af7f128b0732a7a827f0dd43f9edaad",
  "time" : {
    "start" : 1665497109950,
    "stop" : 1665497110523,
    "duration" : 573
  },
  "description" : "Verify Credit API_s response with Expired Token",
  "descriptionHtml" : "<p>Verify Credit API_s response with Expired Token</p>\n",
  "status" : "failed",
  "statusMessage" : "The following asserts failed:\n\tResponseCode: 0 expected [29] but found [0],\n\tError Description: null expected [SessionExpired] but found [null],\n\tamountBeforeCredit = amountAfterCredit: 9600.0 = 9599.0 expected [9599.0] but found [9600.0]",
  "statusTrace" : "java.lang.AssertionError: The following asserts failed:\n\tResponseCode: 0 expected [29] but found [0],\n\tError Description: null expected [SessionExpired] but found [null],\n\tamountBeforeCredit = amountAfterCredit: 9600.0 = 9599.0 expected [9599.0] but found [9600.0]\r\n\tat org.testng.asserts.SoftAssert.assertAll(SoftAssert.java:46)\r\n\tat org.testng.asserts.SoftAssert.assertAll(SoftAssert.java:30)\r\n\tat testCases.IqSoft_API_4_Credit_Negative_Test.CreditAPIValidateResponseWithExpiredToken(IqSoft_API_4_Credit_Negative_Test.java:63)\r\n\tat java.base/jdk.internal.reflect.NativeMethodAccessorImpl.invoke0(Native Method)\r\n\tat java.base/jdk.internal.reflect.NativeMethodAccessorImpl.invoke(NativeMethodAccessorImpl.java:77)\r\n\tat java.base/jdk.internal.reflect.DelegatingMethodAccessorImpl.invoke(DelegatingMethodAccessorImpl.java:43)\r\n\tat java.base/java.lang.reflect.Method.invoke(Method.java:568)\r\n\tat org.testng.internal.invokers.MethodInvocationHelper.invokeMethod(MethodInvocationHelper.java:139)\r\n\tat org.testng.internal.invokers.TestInvoker.invokeMethod(TestInvoker.java:677)\r\n\tat org.testng.internal.invokers.TestInvoker.invokeTestMethod(TestInvoker.java:221)\r\n\tat org.testng.internal.invokers.MethodRunner.runInSequence(MethodRunner.java:50)\r\n\tat org.testng.internal.invokers.TestInvoker$MethodInvocationAgent.invoke(TestInvoker.java:962)\r\n\tat org.testng.internal.invokers.TestInvoker.invokeTestMethods(TestInvoker.java:194)\r\n\tat org.testng.internal.invokers.TestMethodWorker.invokeTestMethods(TestMethodWorker.java:148)\r\n\tat org.testng.internal.invokers.TestMethodWorker.run(TestMethodWorker.java:128)\r\n\tat java.base/java.util.ArrayList.forEach(ArrayList.java:1511)\r\n\tat org.testng.TestRunner.privateRun(TestRunner.java:806)\r\n\tat org.testng.TestRunner.run(TestRunner.java:601)\r\n\tat org.testng.SuiteRunner.runTest(SuiteRunner.java:433)\r\n\tat org.testng.SuiteRunner.runSequentially(SuiteRunner.java:427)\r\n\tat org.testng.SuiteRunner.privateRun(SuiteRunner.java:387)\r\n\tat org.testng.SuiteRunner.run(SuiteRunner.java:330)\r\n\tat org.testng.SuiteRunnerWorker.runSuite(SuiteRunnerWorker.java:52)\r\n\tat org.testng.SuiteRunnerWorker.run(SuiteRunnerWorker.java:95)\r\n\tat org.testng.TestNG.runSuitesSequentially(TestNG.java:1256)\r\n\tat org.testng.TestNG.runSuitesLocally(TestNG.java:1176)\r\n\tat org.testng.TestNG.runSuites(TestNG.java:1099)\r\n\tat org.testng.TestNG.run(TestNG.java:1067)\r\n\tat org.apache.maven.surefire.testng.TestNGExecutor.run(TestNGExecutor.java:295)\r\n\tat org.apache.maven.surefire.testng.TestNGXmlTestSuite.execute(TestNGXmlTestSuite.java:84)\r\n\tat org.apache.maven.surefire.testng.TestNGProvider.invoke(TestNGProvider.java:90)\r\n\tat org.apache.maven.surefire.booter.ForkedBooter.invokeProviderInSameClassLoader(ForkedBooter.java:203)\r\n\tat org.apache.maven.surefire.booter.ForkedBooter.runSuitesInProcess(ForkedBooter.java:155)\r\n\tat org.apache.maven.surefire.booter.ForkedBooter.main(ForkedBooter.java:103)\r\n",
  "flaky" : false,
  "newFailed" : false,
  "newBroken" : false,
  "newPassed" : false,
  "retriesCount" : 0,
  "retriesStatusChange" : false,
  "beforeStages" : [ {
    "name" : "setupSuite",
    "time" : {
      "start" : 1665497099359,
      "stop" : 1665497099417,
      "duration" : 58
    },
    "description" : "",
    "status" : "passed",
    "steps" : [ ],
    "attachments" : [ ],
    "parameters" : [ ],
    "stepsCount" : 0,
    "hasContent" : false,
    "shouldDisplayMessage" : false,
    "attachmentsCount" : 0
  } ],
  "testStage" : {
    "description" : "Verify Credit API_s response with Expired Token",
    "status" : "failed",
    "statusMessage" : "The following asserts failed:\n\tResponseCode: 0 expected [29] but found [0],\n\tError Description: null expected [SessionExpired] but found [null],\n\tamountBeforeCredit = amountAfterCredit: 9600.0 = 9599.0 expected [9599.0] but found [9600.0]",
    "statusTrace" : "java.lang.AssertionError: The following asserts failed:\n\tResponseCode: 0 expected [29] but found [0],\n\tError Description: null expected [SessionExpired] but found [null],\n\tamountBeforeCredit = amountAfterCredit: 9600.0 = 9599.0 expected [9599.0] but found [9600.0]\r\n\tat org.testng.asserts.SoftAssert.assertAll(SoftAssert.java:46)\r\n\tat org.testng.asserts.SoftAssert.assertAll(SoftAssert.java:30)\r\n\tat testCases.IqSoft_API_4_Credit_Negative_Test.CreditAPIValidateResponseWithExpiredToken(IqSoft_API_4_Credit_Negative_Test.java:63)\r\n\tat java.base/jdk.internal.reflect.NativeMethodAccessorImpl.invoke0(Native Method)\r\n\tat java.base/jdk.internal.reflect.NativeMethodAccessorImpl.invoke(NativeMethodAccessorImpl.java:77)\r\n\tat java.base/jdk.internal.reflect.DelegatingMethodAccessorImpl.invoke(DelegatingMethodAccessorImpl.java:43)\r\n\tat java.base/java.lang.reflect.Method.invoke(Method.java:568)\r\n\tat org.testng.internal.invokers.MethodInvocationHelper.invokeMethod(MethodInvocationHelper.java:139)\r\n\tat org.testng.internal.invokers.TestInvoker.invokeMethod(TestInvoker.java:677)\r\n\tat org.testng.internal.invokers.TestInvoker.invokeTestMethod(TestInvoker.java:221)\r\n\tat org.testng.internal.invokers.MethodRunner.runInSequence(MethodRunner.java:50)\r\n\tat org.testng.internal.invokers.TestInvoker$MethodInvocationAgent.invoke(TestInvoker.java:962)\r\n\tat org.testng.internal.invokers.TestInvoker.invokeTestMethods(TestInvoker.java:194)\r\n\tat org.testng.internal.invokers.TestMethodWorker.invokeTestMethods(TestMethodWorker.java:148)\r\n\tat org.testng.internal.invokers.TestMethodWorker.run(TestMethodWorker.java:128)\r\n\tat java.base/java.util.ArrayList.forEach(ArrayList.java:1511)\r\n\tat org.testng.TestRunner.privateRun(TestRunner.java:806)\r\n\tat org.testng.TestRunner.run(TestRunner.java:601)\r\n\tat org.testng.SuiteRunner.runTest(SuiteRunner.java:433)\r\n\tat org.testng.SuiteRunner.runSequentially(SuiteRunner.java:427)\r\n\tat org.testng.SuiteRunner.privateRun(SuiteRunner.java:387)\r\n\tat org.testng.SuiteRunner.run(SuiteRunner.java:330)\r\n\tat org.testng.SuiteRunnerWorker.runSuite(SuiteRunnerWorker.java:52)\r\n\tat org.testng.SuiteRunnerWorker.run(SuiteRunnerWorker.java:95)\r\n\tat org.testng.TestNG.runSuitesSequentially(TestNG.java:1256)\r\n\tat org.testng.TestNG.runSuitesLocally(TestNG.java:1176)\r\n\tat org.testng.TestNG.runSuites(TestNG.java:1099)\r\n\tat org.testng.TestNG.run(TestNG.java:1067)\r\n\tat org.apache.maven.surefire.testng.TestNGExecutor.run(TestNGExecutor.java:295)\r\n\tat org.apache.maven.surefire.testng.TestNGXmlTestSuite.execute(TestNGXmlTestSuite.java:84)\r\n\tat org.apache.maven.surefire.testng.TestNGProvider.invoke(TestNGProvider.java:90)\r\n\tat org.apache.maven.surefire.booter.ForkedBooter.invokeProviderInSameClassLoader(ForkedBooter.java:203)\r\n\tat org.apache.maven.surefire.booter.ForkedBooter.runSuitesInProcess(ForkedBooter.java:155)\r\n\tat org.apache.maven.surefire.booter.ForkedBooter.main(ForkedBooter.java:103)\r\n",
    "steps" : [ ],
    "attachments" : [ {
      "uid" : "c5417ed9d7c531b2",
      "name" : "GetBalanceAPI ResponseTime",
      "source" : "c5417ed9d7c531b2.txt",
      "type" : "text/plain",
      "size" : 6
    }, {
      "uid" : "8cd686632ac62eed",
      "name" : "GetBalanceAPI RequestBody",
      "source" : "8cd686632ac62eed.txt",
      "type" : "text/plain",
      "size" : 67
    }, {
      "uid" : "337bb244b7338fcb",
      "name" : "GetBalanceAPI ResponseBody",
      "source" : "337bb244b7338fcb.txt",
      "type" : "text/plain",
      "size" : 82
    }, {
      "uid" : "7a46a47bfbf4c07c",
      "name" : "CreditAPI ResponseTime",
      "source" : "7a46a47bfbf4c07c.txt",
      "type" : "text/plain",
      "size" : 6
    }, {
      "uid" : "be455c02c58eb9b3",
      "name" : "CreditAPI RequestBody",
      "source" : "be455c02c58eb9b3.txt",
      "type" : "text/plain",
      "size" : 177
    }, {
      "uid" : "6175a3ba49c04408",
      "name" : "CreditAPI ResponseBody",
      "source" : "6175a3ba49c04408.txt",
      "type" : "text/plain",
      "size" : 134
    }, {
      "uid" : "e84dd45fdcd4fbf5",
      "name" : "GetBalanceAPI ResponseTime",
      "source" : "e84dd45fdcd4fbf5.txt",
      "type" : "text/plain",
      "size" : 6
    }, {
      "uid" : "fd039c885817071c",
      "name" : "GetBalanceAPI RequestBody",
      "source" : "fd039c885817071c.txt",
      "type" : "text/plain",
      "size" : 67
    }, {
      "uid" : "8a40163040932ba8",
      "name" : "GetBalanceAPI ResponseBody",
      "source" : "8a40163040932ba8.txt",
      "type" : "text/plain",
      "size" : 82
    } ],
    "parameters" : [ ],
    "stepsCount" : 0,
    "hasContent" : true,
    "shouldDisplayMessage" : true,
    "attachmentsCount" : 9
  },
  "afterStages" : [ {
    "name" : "tearDownSuite",
    "time" : {
      "start" : 1665497130153,
      "stop" : 1665497130154,
      "duration" : 1
    },
    "description" : "",
    "status" : "passed",
    "steps" : [ ],
    "attachments" : [ ],
    "parameters" : [ ],
    "stepsCount" : 0,
    "hasContent" : false,
    "shouldDisplayMessage" : false,
    "attachmentsCount" : 0
  } ],
  "labels" : [ {
    "name" : "package",
    "value" : "testCases.IqSoft_API_4_Credit_Negative_Test"
  }, {
    "name" : "testClass",
    "value" : "testCases.IqSoft_API_4_Credit_Negative_Test"
  }, {
    "name" : "testMethod",
    "value" : "CreditAPIValidateResponseWithExpiredToken"
  }, {
    "name" : "parentSuite",
    "value" : "IQsoft API Integration"
  }, {
    "name" : "suite",
    "value" : "API Integration Automation Test"
  }, {
    "name" : "subSuite",
    "value" : "testCases.IqSoft_API_4_Credit_Negative_Test"
  }, {
    "name" : "host",
    "value" : "DESKTOP-PO3T4V3"
  }, {
    "name" : "thread",
    "value" : "15084@DESKTOP-PO3T4V3.main(1)"
  }, {
    "name" : "framework",
    "value" : "testng"
  }, {
    "name" : "language",
    "value" : "java"
  }, {
    "name" : "severity",
    "value" : "blocker"
  }, {
    "name" : "resultFormat",
    "value" : "allure2"
  } ],
  "parameters" : [ ],
  "links" : [ ],
  "hidden" : true,
  "retry" : true,
  "extra" : {
    "categories" : [ ],
    "tags" : [ ]
  },
  "source" : "6d2c41479006a618.json",
  "parameterValues" : [ ]
}