{
  "uid" : "7708ff4a3d4f46e0",
  "name" : "RollBackAPIValidateResponseWithInvalidToken",
  "fullName" : "testCases.IqSoft_API_6_RollBack_Negative_Test.RollBackAPIValidateResponseWithInvalidToken",
  "historyId" : "862603de78c00916407b08539cebcc50",
  "time" : {
    "start" : 1665488806454,
    "stop" : 1665488807392,
    "duration" : 938
  },
  "description" : "Verify RollBack API_s response with Invalid Token",
  "descriptionHtml" : "<p>Verify RollBack API_s response with Invalid Token</p>\n",
  "status" : "failed",
  "statusMessage" : "The following asserts failed:\n\tamountAfterCredit: 9606.0 = amountAfterRollBack : 9607.0 expected [9607.0] but found [9606.0]",
  "statusTrace" : "java.lang.AssertionError: The following asserts failed:\n\tamountAfterCredit: 9606.0 = amountAfterRollBack : 9607.0 expected [9607.0] but found [9606.0]\r\n\tat org.testng.asserts.SoftAssert.assertAll(SoftAssert.java:46)\r\n\tat org.testng.asserts.SoftAssert.assertAll(SoftAssert.java:30)\r\n\tat testCases.IqSoft_API_6_RollBack_Negative_Test.RollBackAPIValidateResponseWithInvalidToken(IqSoft_API_6_RollBack_Negative_Test.java:70)\r\n\tat java.base/jdk.internal.reflect.NativeMethodAccessorImpl.invoke0(Native Method)\r\n\tat java.base/jdk.internal.reflect.NativeMethodAccessorImpl.invoke(NativeMethodAccessorImpl.java:77)\r\n\tat java.base/jdk.internal.reflect.DelegatingMethodAccessorImpl.invoke(DelegatingMethodAccessorImpl.java:43)\r\n\tat java.base/java.lang.reflect.Method.invoke(Method.java:568)\r\n\tat org.testng.internal.invokers.MethodInvocationHelper.invokeMethod(MethodInvocationHelper.java:139)\r\n\tat org.testng.internal.invokers.TestInvoker.invokeMethod(TestInvoker.java:677)\r\n\tat org.testng.internal.invokers.TestInvoker.invokeTestMethod(TestInvoker.java:221)\r\n\tat org.testng.internal.invokers.MethodRunner.runInSequence(MethodRunner.java:50)\r\n\tat org.testng.internal.invokers.TestInvoker$MethodInvocationAgent.invoke(TestInvoker.java:962)\r\n\tat org.testng.internal.invokers.TestInvoker.invokeTestMethods(TestInvoker.java:194)\r\n\tat org.testng.internal.invokers.TestMethodWorker.invokeTestMethods(TestMethodWorker.java:148)\r\n\tat org.testng.internal.invokers.TestMethodWorker.run(TestMethodWorker.java:128)\r\n\tat java.base/java.util.ArrayList.forEach(ArrayList.java:1511)\r\n\tat org.testng.TestRunner.privateRun(TestRunner.java:806)\r\n\tat org.testng.TestRunner.run(TestRunner.java:601)\r\n\tat org.testng.SuiteRunner.runTest(SuiteRunner.java:433)\r\n\tat org.testng.SuiteRunner.runSequentially(SuiteRunner.java:427)\r\n\tat org.testng.SuiteRunner.privateRun(SuiteRunner.java:387)\r\n\tat org.testng.SuiteRunner.run(SuiteRunner.java:330)\r\n\tat org.testng.SuiteRunnerWorker.runSuite(SuiteRunnerWorker.java:52)\r\n\tat org.testng.SuiteRunnerWorker.run(SuiteRunnerWorker.java:95)\r\n\tat org.testng.TestNG.runSuitesSequentially(TestNG.java:1256)\r\n\tat org.testng.TestNG.runSuitesLocally(TestNG.java:1176)\r\n\tat org.testng.TestNG.runSuites(TestNG.java:1099)\r\n\tat org.testng.TestNG.run(TestNG.java:1067)\r\n\tat org.apache.maven.surefire.testng.TestNGExecutor.run(TestNGExecutor.java:295)\r\n\tat org.apache.maven.surefire.testng.TestNGXmlTestSuite.execute(TestNGXmlTestSuite.java:84)\r\n\tat org.apache.maven.surefire.testng.TestNGProvider.invoke(TestNGProvider.java:90)\r\n\tat org.apache.maven.surefire.booter.ForkedBooter.invokeProviderInSameClassLoader(ForkedBooter.java:203)\r\n\tat org.apache.maven.surefire.booter.ForkedBooter.runSuitesInProcess(ForkedBooter.java:155)\r\n\tat org.apache.maven.surefire.booter.ForkedBooter.main(ForkedBooter.java:103)\r\n",
  "flaky" : false,
  "newFailed" : false,
  "newBroken" : false,
  "newPassed" : false,
  "retriesCount" : 0,
  "retriesStatusChange" : false,
  "beforeStages" : [ {
    "name" : "setupSuite",
    "time" : {
      "start" : 1665488780941,
      "stop" : 1665488781003,
      "duration" : 62
    },
    "description" : "",
    "status" : "passed",
    "steps" : [ ],
    "attachments" : [ ],
    "parameters" : [ ],
    "stepsCount" : 0,
    "hasContent" : false,
    "shouldDisplayMessage" : false,
    "attachmentsCount" : 0
  } ],
  "testStage" : {
    "description" : "Verify RollBack API_s response with Invalid Token",
    "status" : "failed",
    "statusMessage" : "The following asserts failed:\n\tamountAfterCredit: 9606.0 = amountAfterRollBack : 9607.0 expected [9607.0] but found [9606.0]",
    "statusTrace" : "java.lang.AssertionError: The following asserts failed:\n\tamountAfterCredit: 9606.0 = amountAfterRollBack : 9607.0 expected [9607.0] but found [9606.0]\r\n\tat org.testng.asserts.SoftAssert.assertAll(SoftAssert.java:46)\r\n\tat org.testng.asserts.SoftAssert.assertAll(SoftAssert.java:30)\r\n\tat testCases.IqSoft_API_6_RollBack_Negative_Test.RollBackAPIValidateResponseWithInvalidToken(IqSoft_API_6_RollBack_Negative_Test.java:70)\r\n\tat java.base/jdk.internal.reflect.NativeMethodAccessorImpl.invoke0(Native Method)\r\n\tat java.base/jdk.internal.reflect.NativeMethodAccessorImpl.invoke(NativeMethodAccessorImpl.java:77)\r\n\tat java.base/jdk.internal.reflect.DelegatingMethodAccessorImpl.invoke(DelegatingMethodAccessorImpl.java:43)\r\n\tat java.base/java.lang.reflect.Method.invoke(Method.java:568)\r\n\tat org.testng.internal.invokers.MethodInvocationHelper.invokeMethod(MethodInvocationHelper.java:139)\r\n\tat org.testng.internal.invokers.TestInvoker.invokeMethod(TestInvoker.java:677)\r\n\tat org.testng.internal.invokers.TestInvoker.invokeTestMethod(TestInvoker.java:221)\r\n\tat org.testng.internal.invokers.MethodRunner.runInSequence(MethodRunner.java:50)\r\n\tat org.testng.internal.invokers.TestInvoker$MethodInvocationAgent.invoke(TestInvoker.java:962)\r\n\tat org.testng.internal.invokers.TestInvoker.invokeTestMethods(TestInvoker.java:194)\r\n\tat org.testng.internal.invokers.TestMethodWorker.invokeTestMethods(TestMethodWorker.java:148)\r\n\tat org.testng.internal.invokers.TestMethodWorker.run(TestMethodWorker.java:128)\r\n\tat java.base/java.util.ArrayList.forEach(ArrayList.java:1511)\r\n\tat org.testng.TestRunner.privateRun(TestRunner.java:806)\r\n\tat org.testng.TestRunner.run(TestRunner.java:601)\r\n\tat org.testng.SuiteRunner.runTest(SuiteRunner.java:433)\r\n\tat org.testng.SuiteRunner.runSequentially(SuiteRunner.java:427)\r\n\tat org.testng.SuiteRunner.privateRun(SuiteRunner.java:387)\r\n\tat org.testng.SuiteRunner.run(SuiteRunner.java:330)\r\n\tat org.testng.SuiteRunnerWorker.runSuite(SuiteRunnerWorker.java:52)\r\n\tat org.testng.SuiteRunnerWorker.run(SuiteRunnerWorker.java:95)\r\n\tat org.testng.TestNG.runSuitesSequentially(TestNG.java:1256)\r\n\tat org.testng.TestNG.runSuitesLocally(TestNG.java:1176)\r\n\tat org.testng.TestNG.runSuites(TestNG.java:1099)\r\n\tat org.testng.TestNG.run(TestNG.java:1067)\r\n\tat org.apache.maven.surefire.testng.TestNGExecutor.run(TestNGExecutor.java:295)\r\n\tat org.apache.maven.surefire.testng.TestNGXmlTestSuite.execute(TestNGXmlTestSuite.java:84)\r\n\tat org.apache.maven.surefire.testng.TestNGProvider.invoke(TestNGProvider.java:90)\r\n\tat org.apache.maven.surefire.booter.ForkedBooter.invokeProviderInSameClassLoader(ForkedBooter.java:203)\r\n\tat org.apache.maven.surefire.booter.ForkedBooter.runSuitesInProcess(ForkedBooter.java:155)\r\n\tat org.apache.maven.surefire.booter.ForkedBooter.main(ForkedBooter.java:103)\r\n",
    "steps" : [ ],
    "attachments" : [ {
      "uid" : "b869783890414a61",
      "name" : "GetBalanceAPI RequestBody",
      "source" : "b869783890414a61.txt",
      "type" : "text/plain",
      "size" : 67
    }, {
      "uid" : "bcbac236c8b2b50f",
      "name" : "GetBalanceAPI ResponseBody",
      "source" : "bcbac236c8b2b50f.txt",
      "type" : "text/plain",
      "size" : 82
    }, {
      "uid" : "b1847db16f65ec1c",
      "name" : "CreditAPI RequestBody",
      "source" : "b1847db16f65ec1c.txt",
      "type" : "text/plain",
      "size" : 177
    }, {
      "uid" : "e3874023040326f3",
      "name" : "CreditAPI ResponseBody",
      "source" : "e3874023040326f3.txt",
      "type" : "text/plain",
      "size" : 134
    }, {
      "uid" : "4e41054d23bc4217",
      "name" : "GetBalanceAPI RequestBody",
      "source" : "4e41054d23bc4217.txt",
      "type" : "text/plain",
      "size" : 67
    }, {
      "uid" : "ec0d819e9dc7faf5",
      "name" : "GetBalanceAPI ResponseBody",
      "source" : "ec0d819e9dc7faf5.txt",
      "type" : "text/plain",
      "size" : 82
    }, {
      "uid" : "872ce250a462b0f",
      "name" : "RollBackAPI RequestBody",
      "source" : "872ce250a462b0f.txt",
      "type" : "text/plain",
      "size" : 216
    }, {
      "uid" : "11bc91f16ba4c25a",
      "name" : "RollBackAPI ResponseBody",
      "source" : "11bc91f16ba4c25a.txt",
      "type" : "text/plain",
      "size" : 37
    }, {
      "uid" : "4f25129900138901",
      "name" : "GetBalanceAPI RequestBody",
      "source" : "4f25129900138901.txt",
      "type" : "text/plain",
      "size" : 67
    }, {
      "uid" : "be5480e3603facf5",
      "name" : "GetBalanceAPI ResponseBody",
      "source" : "be5480e3603facf5.txt",
      "type" : "text/plain",
      "size" : 82
    } ],
    "parameters" : [ ],
    "stepsCount" : 0,
    "hasContent" : true,
    "shouldDisplayMessage" : true,
    "attachmentsCount" : 10
  },
  "afterStages" : [ {
    "name" : "tearDownSuite",
    "time" : {
      "start" : 1665488811937,
      "stop" : 1665488811938,
      "duration" : 1
    },
    "description" : "",
    "status" : "passed",
    "steps" : [ ],
    "attachments" : [ ],
    "parameters" : [ ],
    "stepsCount" : 0,
    "hasContent" : false,
    "shouldDisplayMessage" : false,
    "attachmentsCount" : 0
  } ],
  "labels" : [ {
    "name" : "package",
    "value" : "testCases.IqSoft_API_6_RollBack_Negative_Test"
  }, {
    "name" : "testClass",
    "value" : "testCases.IqSoft_API_6_RollBack_Negative_Test"
  }, {
    "name" : "testMethod",
    "value" : "RollBackAPIValidateResponseWithInvalidToken"
  }, {
    "name" : "parentSuite",
    "value" : "IQsoft API Integration"
  }, {
    "name" : "suite",
    "value" : "API Integration Automation Test"
  }, {
    "name" : "subSuite",
    "value" : "testCases.IqSoft_API_6_RollBack_Negative_Test"
  }, {
    "name" : "host",
    "value" : "DESKTOP-PO3T4V3"
  }, {
    "name" : "thread",
    "value" : "3312@DESKTOP-PO3T4V3.main(1)"
  }, {
    "name" : "framework",
    "value" : "testng"
  }, {
    "name" : "language",
    "value" : "java"
  }, {
    "name" : "severity",
    "value" : "blocker"
  }, {
    "name" : "resultFormat",
    "value" : "allure2"
  } ],
  "parameters" : [ ],
  "links" : [ ],
  "hidden" : false,
  "retry" : false,
  "extra" : {
    "severity" : "blocker",
    "retries" : [ ],
    "categories" : [ {
      "name" : "Product defects",
      "matchedStatuses" : [ ],
      "flaky" : false
    } ],
    "tags" : [ ]
  },
  "source" : "7708ff4a3d4f46e0.json",
  "parameterValues" : [ ]
}