{
  "uid" : "95f3fc2eb7c926f9",
  "name" : "CreditAPIValidateResponseWithInvalidAmount",
  "fullName" : "testCases.IqSoft_API_4_Credit_Negative_Test.CreditAPIValidateResponseWithInvalidAmount",
  "historyId" : "b25309c987608a3a10d4e909ded5df84",
  "time" : {
    "start" : 1666984252617,
    "stop" : 1666984253172,
    "duration" : 555
  },
  "description" : "Verify Credit API_s response with invalid Amount",
  "descriptionHtml" : "<p>Verify Credit API_s response with invalid Amount</p>\n",
  "status" : "failed",
  "statusMessage" : "The following asserts failed:\n\tResponseCode: 21 expected [39] but found [21],\n\tError Description: Invalid request params expected [WrongOperationAmount] but found [Invalid request params],\n\tAmountBeforeCredit: 1042.76 = amountAfterCredit : 1043.77 expected [1043.77] but found [1042.76]",
  "statusTrace" : "java.lang.AssertionError: The following asserts failed:\n\tResponseCode: 21 expected [39] but found [21],\n\tError Description: Invalid request params expected [WrongOperationAmount] but found [Invalid request params],\n\tAmountBeforeCredit: 1042.76 = amountAfterCredit : 1043.77 expected [1043.77] but found [1042.76]\r\n\tat org.testng.asserts.SoftAssert.assertAll(SoftAssert.java:46)\r\n\tat org.testng.asserts.SoftAssert.assertAll(SoftAssert.java:30)\r\n\tat testCases.IqSoft_API_4_Credit_Negative_Test.CreditAPIValidateResponseWithInvalidAmount(IqSoft_API_4_Credit_Negative_Test.java:280)\r\n\tat java.base/jdk.internal.reflect.NativeMethodAccessorImpl.invoke0(Native Method)\r\n\tat java.base/jdk.internal.reflect.NativeMethodAccessorImpl.invoke(NativeMethodAccessorImpl.java:77)\r\n\tat java.base/jdk.internal.reflect.DelegatingMethodAccessorImpl.invoke(DelegatingMethodAccessorImpl.java:43)\r\n\tat java.base/java.lang.reflect.Method.invoke(Method.java:568)\r\n\tat org.testng.internal.invokers.MethodInvocationHelper.invokeMethod(MethodInvocationHelper.java:139)\r\n\tat org.testng.internal.invokers.TestInvoker.invokeMethod(TestInvoker.java:677)\r\n\tat org.testng.internal.invokers.TestInvoker.invokeTestMethod(TestInvoker.java:221)\r\n\tat org.testng.internal.invokers.MethodRunner.runInSequence(MethodRunner.java:50)\r\n\tat org.testng.internal.invokers.TestInvoker$MethodInvocationAgent.invoke(TestInvoker.java:962)\r\n\tat org.testng.internal.invokers.TestInvoker.invokeTestMethods(TestInvoker.java:194)\r\n\tat org.testng.internal.invokers.TestMethodWorker.invokeTestMethods(TestMethodWorker.java:148)\r\n\tat org.testng.internal.invokers.TestMethodWorker.run(TestMethodWorker.java:128)\r\n\tat java.base/java.util.ArrayList.forEach(ArrayList.java:1511)\r\n\tat org.testng.TestRunner.privateRun(TestRunner.java:806)\r\n\tat org.testng.TestRunner.run(TestRunner.java:601)\r\n\tat org.testng.SuiteRunner.runTest(SuiteRunner.java:433)\r\n\tat org.testng.SuiteRunner.runSequentially(SuiteRunner.java:427)\r\n\tat org.testng.SuiteRunner.privateRun(SuiteRunner.java:387)\r\n\tat org.testng.SuiteRunner.run(SuiteRunner.java:330)\r\n\tat org.testng.SuiteRunnerWorker.runSuite(SuiteRunnerWorker.java:52)\r\n\tat org.testng.SuiteRunnerWorker.run(SuiteRunnerWorker.java:95)\r\n\tat org.testng.TestNG.runSuitesSequentially(TestNG.java:1256)\r\n\tat org.testng.TestNG.runSuitesLocally(TestNG.java:1176)\r\n\tat org.testng.TestNG.runSuites(TestNG.java:1099)\r\n\tat org.testng.TestNG.run(TestNG.java:1067)\r\n\tat com.intellij.rt.testng.IDEARemoteTestNG.run(IDEARemoteTestNG.java:66)\r\n\tat com.intellij.rt.testng.RemoteTestNGStarter.main(RemoteTestNGStarter.java:109)\r\n",
  "flaky" : false,
  "newFailed" : false,
  "newBroken" : false,
  "newPassed" : false,
  "retriesCount" : 0,
  "retriesStatusChange" : false,
  "beforeStages" : [ {
    "name" : "setupSuite",
    "time" : {
      "start" : 1666984239704,
      "stop" : 1666984239738,
      "duration" : 34
    },
    "description" : "",
    "status" : "passed",
    "steps" : [ ],
    "attachments" : [ ],
    "parameters" : [ ],
    "attachmentsCount" : 0,
    "shouldDisplayMessage" : false,
    "hasContent" : false,
    "stepsCount" : 0
  } ],
  "testStage" : {
    "description" : "Verify Credit API_s response with invalid Amount",
    "status" : "failed",
    "statusMessage" : "The following asserts failed:\n\tResponseCode: 21 expected [39] but found [21],\n\tError Description: Invalid request params expected [WrongOperationAmount] but found [Invalid request params],\n\tAmountBeforeCredit: 1042.76 = amountAfterCredit : 1043.77 expected [1043.77] but found [1042.76]",
    "statusTrace" : "java.lang.AssertionError: The following asserts failed:\n\tResponseCode: 21 expected [39] but found [21],\n\tError Description: Invalid request params expected [WrongOperationAmount] but found [Invalid request params],\n\tAmountBeforeCredit: 1042.76 = amountAfterCredit : 1043.77 expected [1043.77] but found [1042.76]\r\n\tat org.testng.asserts.SoftAssert.assertAll(SoftAssert.java:46)\r\n\tat org.testng.asserts.SoftAssert.assertAll(SoftAssert.java:30)\r\n\tat testCases.IqSoft_API_4_Credit_Negative_Test.CreditAPIValidateResponseWithInvalidAmount(IqSoft_API_4_Credit_Negative_Test.java:280)\r\n\tat java.base/jdk.internal.reflect.NativeMethodAccessorImpl.invoke0(Native Method)\r\n\tat java.base/jdk.internal.reflect.NativeMethodAccessorImpl.invoke(NativeMethodAccessorImpl.java:77)\r\n\tat java.base/jdk.internal.reflect.DelegatingMethodAccessorImpl.invoke(DelegatingMethodAccessorImpl.java:43)\r\n\tat java.base/java.lang.reflect.Method.invoke(Method.java:568)\r\n\tat org.testng.internal.invokers.MethodInvocationHelper.invokeMethod(MethodInvocationHelper.java:139)\r\n\tat org.testng.internal.invokers.TestInvoker.invokeMethod(TestInvoker.java:677)\r\n\tat org.testng.internal.invokers.TestInvoker.invokeTestMethod(TestInvoker.java:221)\r\n\tat org.testng.internal.invokers.MethodRunner.runInSequence(MethodRunner.java:50)\r\n\tat org.testng.internal.invokers.TestInvoker$MethodInvocationAgent.invoke(TestInvoker.java:962)\r\n\tat org.testng.internal.invokers.TestInvoker.invokeTestMethods(TestInvoker.java:194)\r\n\tat org.testng.internal.invokers.TestMethodWorker.invokeTestMethods(TestMethodWorker.java:148)\r\n\tat org.testng.internal.invokers.TestMethodWorker.run(TestMethodWorker.java:128)\r\n\tat java.base/java.util.ArrayList.forEach(ArrayList.java:1511)\r\n\tat org.testng.TestRunner.privateRun(TestRunner.java:806)\r\n\tat org.testng.TestRunner.run(TestRunner.java:601)\r\n\tat org.testng.SuiteRunner.runTest(SuiteRunner.java:433)\r\n\tat org.testng.SuiteRunner.runSequentially(SuiteRunner.java:427)\r\n\tat org.testng.SuiteRunner.privateRun(SuiteRunner.java:387)\r\n\tat org.testng.SuiteRunner.run(SuiteRunner.java:330)\r\n\tat org.testng.SuiteRunnerWorker.runSuite(SuiteRunnerWorker.java:52)\r\n\tat org.testng.SuiteRunnerWorker.run(SuiteRunnerWorker.java:95)\r\n\tat org.testng.TestNG.runSuitesSequentially(TestNG.java:1256)\r\n\tat org.testng.TestNG.runSuitesLocally(TestNG.java:1176)\r\n\tat org.testng.TestNG.runSuites(TestNG.java:1099)\r\n\tat org.testng.TestNG.run(TestNG.java:1067)\r\n\tat com.intellij.rt.testng.IDEARemoteTestNG.run(IDEARemoteTestNG.java:66)\r\n\tat com.intellij.rt.testng.RemoteTestNGStarter.main(RemoteTestNGStarter.java:109)\r\n",
    "steps" : [ ],
    "attachments" : [ {
      "uid" : "57102d67cb9c800a",
      "name" : "GetBalanceAPI:  Url:  https://gobet.tn/iapi/iq/GetBalance        RequestBody",
      "source" : "57102d67cb9c800a.txt",
      "type" : "text/plain",
      "size" : 50
    }, {
      "uid" : "286455faca6722ff",
      "name" : "GetBalanceAPI:  ResponseTime  179ms        ResponseBody",
      "source" : "286455faca6722ff.txt",
      "type" : "text/plain",
      "size" : 83
    }, {
      "uid" : "b55a9c6bdcbc74b2",
      "name" : "CreditAPI:  Url:  https://gobet.tn/iapi/iq/Credit        RequestBody",
      "source" : "b55a9c6bdcbc74b2.txt",
      "type" : "text/plain",
      "size" : 163
    }, {
      "uid" : "2aa8669808779493",
      "name" : "CreditAPI:  ResponseTime  180ms        ResponseBody",
      "source" : "2aa8669808779493.txt",
      "type" : "text/plain",
      "size" : 58
    }, {
      "uid" : "42e242b5bdb335c1",
      "name" : "GetBalanceAPI:  Url:  https://gobet.tn/iapi/iq/GetBalance        RequestBody",
      "source" : "42e242b5bdb335c1.txt",
      "type" : "text/plain",
      "size" : 50
    }, {
      "uid" : "eddbf97e55f4c9c5",
      "name" : "GetBalanceAPI:  ResponseTime  176ms        ResponseBody",
      "source" : "eddbf97e55f4c9c5.txt",
      "type" : "text/plain",
      "size" : 83
    } ],
    "parameters" : [ ],
    "attachmentsCount" : 6,
    "shouldDisplayMessage" : true,
    "hasContent" : true,
    "stepsCount" : 0
  },
  "afterStages" : [ {
    "name" : "tearDownSuite",
    "time" : {
      "start" : 1666984267260,
      "stop" : 1666984267260,
      "duration" : 0
    },
    "description" : "",
    "status" : "passed",
    "steps" : [ ],
    "attachments" : [ ],
    "parameters" : [ ],
    "attachmentsCount" : 0,
    "shouldDisplayMessage" : false,
    "hasContent" : false,
    "stepsCount" : 0
  } ],
  "labels" : [ {
    "name" : "package",
    "value" : "testCases.IqSoft_API_4_Credit_Negative_Test"
  }, {
    "name" : "testClass",
    "value" : "testCases.IqSoft_API_4_Credit_Negative_Test"
  }, {
    "name" : "testMethod",
    "value" : "CreditAPIValidateResponseWithInvalidAmount"
  }, {
    "name" : "parentSuite",
    "value" : "IQsoft API Integration"
  }, {
    "name" : "suite",
    "value" : "API Integration Automation Test"
  }, {
    "name" : "subSuite",
    "value" : "testCases.IqSoft_API_4_Credit_Negative_Test"
  }, {
    "name" : "host",
    "value" : "DESKTOP-52C1ANV"
  }, {
    "name" : "thread",
    "value" : "21028@DESKTOP-52C1ANV.main(1)"
  }, {
    "name" : "framework",
    "value" : "testng"
  }, {
    "name" : "language",
    "value" : "java"
  }, {
    "name" : "severity",
    "value" : "blocker"
  }, {
    "name" : "resultFormat",
    "value" : "allure2"
  } ],
  "parameters" : [ {
    "name" : "arg0",
    "value" : "-1.005"
  } ],
  "links" : [ ],
  "hidden" : false,
  "retry" : false,
  "extra" : {
    "severity" : "blocker",
    "retries" : [ ],
    "categories" : [ {
      "name" : "Product defects",
      "matchedStatuses" : [ ],
      "flaky" : false
    } ],
    "tags" : [ ]
  },
  "source" : "95f3fc2eb7c926f9.json",
  "parameterValues" : [ "-1.005" ]
}