{
  "uid" : "9ea8eb3318359e7c",
  "name" : "GetBalanceAPIValidateResponseWithOtherCurrencyID",
  "fullName" : "testCases.IqSoft_API_3_GetBalance_Negative_Test.GetBalanceAPIValidateResponseWithOtherCurrencyID",
  "historyId" : "83e9d81fbb1e671bd2643e2b84d61778",
  "time" : {
    "start" : 1665411208743,
    "stop" : 1665411209162,
    "duration" : 419
  },
  "description" : "Verify GetBalance API_s response with other CurrencyID",
  "descriptionHtml" : "<p>Verify GetBalance API_s response with other CurrencyID</p>\n",
  "status" : "failed",
  "statusMessage" : "balanceUSD VS balanceEUR did not expect [9682.0] but found [9682.0]",
  "statusTrace" : "java.lang.AssertionError: balanceUSD VS balanceEUR did not expect [9682.0] but found [9682.0]\r\n\tat org.testng.Assert.fail(Assert.java:110)\r\n\tat org.testng.Assert.failEquals(Assert.java:1417)\r\n\tat org.testng.Assert.assertNotEqualsImpl(Assert.java:156)\r\n\tat org.testng.Assert.assertNotEquals(Assert.java:2033)\r\n\tat testCases.IqSoft_API_3_GetBalance_Negative_Test.GetBalanceAPIValidateResponseWithOtherCurrencyID(IqSoft_API_3_GetBalance_Negative_Test.java:121)\r\n\tat java.base/jdk.internal.reflect.NativeMethodAccessorImpl.invoke0(Native Method)\r\n\tat java.base/jdk.internal.reflect.NativeMethodAccessorImpl.invoke(NativeMethodAccessorImpl.java:77)\r\n\tat java.base/jdk.internal.reflect.DelegatingMethodAccessorImpl.invoke(DelegatingMethodAccessorImpl.java:43)\r\n\tat java.base/java.lang.reflect.Method.invoke(Method.java:568)\r\n\tat org.testng.internal.invokers.MethodInvocationHelper.invokeMethod(MethodInvocationHelper.java:139)\r\n\tat org.testng.internal.invokers.TestInvoker.invokeMethod(TestInvoker.java:677)\r\n\tat org.testng.internal.invokers.TestInvoker.invokeTestMethod(TestInvoker.java:221)\r\n\tat org.testng.internal.invokers.MethodRunner.runInSequence(MethodRunner.java:50)\r\n\tat org.testng.internal.invokers.TestInvoker$MethodInvocationAgent.invoke(TestInvoker.java:962)\r\n\tat org.testng.internal.invokers.TestInvoker.invokeTestMethods(TestInvoker.java:194)\r\n\tat org.testng.internal.invokers.TestMethodWorker.invokeTestMethods(TestMethodWorker.java:148)\r\n\tat org.testng.internal.invokers.TestMethodWorker.run(TestMethodWorker.java:128)\r\n\tat java.base/java.util.ArrayList.forEach(ArrayList.java:1511)\r\n\tat org.testng.TestRunner.privateRun(TestRunner.java:806)\r\n\tat org.testng.TestRunner.run(TestRunner.java:601)\r\n\tat org.testng.SuiteRunner.runTest(SuiteRunner.java:433)\r\n\tat org.testng.SuiteRunner.runSequentially(SuiteRunner.java:427)\r\n\tat org.testng.SuiteRunner.privateRun(SuiteRunner.java:387)\r\n\tat org.testng.SuiteRunner.run(SuiteRunner.java:330)\r\n\tat org.testng.SuiteRunnerWorker.runSuite(SuiteRunnerWorker.java:52)\r\n\tat org.testng.SuiteRunnerWorker.run(SuiteRunnerWorker.java:95)\r\n\tat org.testng.TestNG.runSuitesSequentially(TestNG.java:1256)\r\n\tat org.testng.TestNG.runSuitesLocally(TestNG.java:1176)\r\n\tat org.testng.TestNG.runSuites(TestNG.java:1099)\r\n\tat org.testng.TestNG.run(TestNG.java:1067)\r\n\tat org.apache.maven.surefire.testng.TestNGExecutor.run(TestNGExecutor.java:295)\r\n\tat org.apache.maven.surefire.testng.TestNGXmlTestSuite.execute(TestNGXmlTestSuite.java:84)\r\n\tat org.apache.maven.surefire.testng.TestNGProvider.invoke(TestNGProvider.java:90)\r\n\tat org.apache.maven.surefire.booter.ForkedBooter.invokeProviderInSameClassLoader(ForkedBooter.java:203)\r\n\tat org.apache.maven.surefire.booter.ForkedBooter.runSuitesInProcess(ForkedBooter.java:155)\r\n\tat org.apache.maven.surefire.booter.ForkedBooter.main(ForkedBooter.java:103)\r\n",
  "flaky" : false,
  "newFailed" : false,
  "newBroken" : false,
  "newPassed" : false,
  "retriesCount" : 1,
  "retriesStatusChange" : false,
  "beforeStages" : [ {
    "name" : "setupSuite",
    "time" : {
      "start" : 1665411198122,
      "stop" : 1665411198179,
      "duration" : 57
    },
    "description" : "",
    "status" : "passed",
    "steps" : [ ],
    "attachments" : [ ],
    "parameters" : [ ],
    "attachmentsCount" : 0,
    "shouldDisplayMessage" : false,
    "stepsCount" : 0,
    "hasContent" : false
  } ],
  "testStage" : {
    "description" : "Verify GetBalance API_s response with other CurrencyID",
    "status" : "failed",
    "statusMessage" : "balanceUSD VS balanceEUR did not expect [9682.0] but found [9682.0]",
    "statusTrace" : "java.lang.AssertionError: balanceUSD VS balanceEUR did not expect [9682.0] but found [9682.0]\r\n\tat org.testng.Assert.fail(Assert.java:110)\r\n\tat org.testng.Assert.failEquals(Assert.java:1417)\r\n\tat org.testng.Assert.assertNotEqualsImpl(Assert.java:156)\r\n\tat org.testng.Assert.assertNotEquals(Assert.java:2033)\r\n\tat testCases.IqSoft_API_3_GetBalance_Negative_Test.GetBalanceAPIValidateResponseWithOtherCurrencyID(IqSoft_API_3_GetBalance_Negative_Test.java:121)\r\n\tat java.base/jdk.internal.reflect.NativeMethodAccessorImpl.invoke0(Native Method)\r\n\tat java.base/jdk.internal.reflect.NativeMethodAccessorImpl.invoke(NativeMethodAccessorImpl.java:77)\r\n\tat java.base/jdk.internal.reflect.DelegatingMethodAccessorImpl.invoke(DelegatingMethodAccessorImpl.java:43)\r\n\tat java.base/java.lang.reflect.Method.invoke(Method.java:568)\r\n\tat org.testng.internal.invokers.MethodInvocationHelper.invokeMethod(MethodInvocationHelper.java:139)\r\n\tat org.testng.internal.invokers.TestInvoker.invokeMethod(TestInvoker.java:677)\r\n\tat org.testng.internal.invokers.TestInvoker.invokeTestMethod(TestInvoker.java:221)\r\n\tat org.testng.internal.invokers.MethodRunner.runInSequence(MethodRunner.java:50)\r\n\tat org.testng.internal.invokers.TestInvoker$MethodInvocationAgent.invoke(TestInvoker.java:962)\r\n\tat org.testng.internal.invokers.TestInvoker.invokeTestMethods(TestInvoker.java:194)\r\n\tat org.testng.internal.invokers.TestMethodWorker.invokeTestMethods(TestMethodWorker.java:148)\r\n\tat org.testng.internal.invokers.TestMethodWorker.run(TestMethodWorker.java:128)\r\n\tat java.base/java.util.ArrayList.forEach(ArrayList.java:1511)\r\n\tat org.testng.TestRunner.privateRun(TestRunner.java:806)\r\n\tat org.testng.TestRunner.run(TestRunner.java:601)\r\n\tat org.testng.SuiteRunner.runTest(SuiteRunner.java:433)\r\n\tat org.testng.SuiteRunner.runSequentially(SuiteRunner.java:427)\r\n\tat org.testng.SuiteRunner.privateRun(SuiteRunner.java:387)\r\n\tat org.testng.SuiteRunner.run(SuiteRunner.java:330)\r\n\tat org.testng.SuiteRunnerWorker.runSuite(SuiteRunnerWorker.java:52)\r\n\tat org.testng.SuiteRunnerWorker.run(SuiteRunnerWorker.java:95)\r\n\tat org.testng.TestNG.runSuitesSequentially(TestNG.java:1256)\r\n\tat org.testng.TestNG.runSuitesLocally(TestNG.java:1176)\r\n\tat org.testng.TestNG.runSuites(TestNG.java:1099)\r\n\tat org.testng.TestNG.run(TestNG.java:1067)\r\n\tat org.apache.maven.surefire.testng.TestNGExecutor.run(TestNGExecutor.java:295)\r\n\tat org.apache.maven.surefire.testng.TestNGXmlTestSuite.execute(TestNGXmlTestSuite.java:84)\r\n\tat org.apache.maven.surefire.testng.TestNGProvider.invoke(TestNGProvider.java:90)\r\n\tat org.apache.maven.surefire.booter.ForkedBooter.invokeProviderInSameClassLoader(ForkedBooter.java:203)\r\n\tat org.apache.maven.surefire.booter.ForkedBooter.runSuitesInProcess(ForkedBooter.java:155)\r\n\tat org.apache.maven.surefire.booter.ForkedBooter.main(ForkedBooter.java:103)\r\n",
    "steps" : [ ],
    "attachments" : [ {
      "uid" : "f227b35939d1078",
      "name" : "GetBalanceAPI RequestBody",
      "source" : "f227b35939d1078.txt",
      "type" : "text/plain",
      "size" : 67
    }, {
      "uid" : "4bbff34a5f2fb618",
      "name" : "GetBalanceAPI ResponseBody",
      "source" : "4bbff34a5f2fb618.txt",
      "type" : "text/plain",
      "size" : 82
    }, {
      "uid" : "cc99c7bc1dbcc6bf",
      "name" : "GetBalanceAPI RequestBody",
      "source" : "cc99c7bc1dbcc6bf.txt",
      "type" : "text/plain",
      "size" : 67
    }, {
      "uid" : "4ab5eb4a4a8e3ac3",
      "name" : "GetBalanceAPI ResponseBody",
      "source" : "4ab5eb4a4a8e3ac3.txt",
      "type" : "text/plain",
      "size" : 82
    } ],
    "parameters" : [ ],
    "attachmentsCount" : 4,
    "shouldDisplayMessage" : true,
    "stepsCount" : 0,
    "hasContent" : true
  },
  "afterStages" : [ {
    "name" : "tearDownSuite",
    "time" : {
      "start" : 1665411229807,
      "stop" : 1665411229807,
      "duration" : 0
    },
    "description" : "",
    "status" : "passed",
    "steps" : [ ],
    "attachments" : [ ],
    "parameters" : [ ],
    "attachmentsCount" : 0,
    "shouldDisplayMessage" : false,
    "stepsCount" : 0,
    "hasContent" : false
  } ],
  "labels" : [ {
    "name" : "package",
    "value" : "testCases.IqSoft_API_3_GetBalance_Negative_Test"
  }, {
    "name" : "testClass",
    "value" : "testCases.IqSoft_API_3_GetBalance_Negative_Test"
  }, {
    "name" : "testMethod",
    "value" : "GetBalanceAPIValidateResponseWithOtherCurrencyID"
  }, {
    "name" : "parentSuite",
    "value" : "IQsoft API Integration"
  }, {
    "name" : "suite",
    "value" : "API Integration Automation Test"
  }, {
    "name" : "subSuite",
    "value" : "testCases.IqSoft_API_3_GetBalance_Negative_Test"
  }, {
    "name" : "host",
    "value" : "DESKTOP-PO3T4V3"
  }, {
    "name" : "thread",
    "value" : "7328@DESKTOP-PO3T4V3.main(1)"
  }, {
    "name" : "framework",
    "value" : "testng"
  }, {
    "name" : "language",
    "value" : "java"
  }, {
    "name" : "severity",
    "value" : "blocker"
  }, {
    "name" : "resultFormat",
    "value" : "allure2"
  } ],
  "parameters" : [ ],
  "links" : [ ],
  "hidden" : false,
  "retry" : false,
  "extra" : {
    "severity" : "blocker",
    "retries" : [ {
      "uid" : "df40f53270eb77d8",
      "status" : "failed",
      "statusDetails" : "balanceUSD VS balanceEUR did not expect [9689.0] but found [9689.0]",
      "time" : {
        "start" : 1665411021137,
        "stop" : 1665411021515,
        "duration" : 378
      }
    } ],
    "categories" : [ {
      "name" : "Product defects",
      "matchedStatuses" : [ ],
      "flaky" : false
    } ],
    "tags" : [ ]
  },
  "source" : "9ea8eb3318359e7c.json",
  "parameterValues" : [ ]
}