{
  "uid" : "a357b2eb2661b719",
  "name" : "RollBackAPIValidateResponseUsingInvalidProductID",
  "fullName" : "testCases.IqSoft_API_6_RollBack_Negative_Test.RollBackAPIValidateResponseUsingInvalidProductID",
  "historyId" : "badd8f700559d0535d927d532a418904",
  "time" : {
    "start" : 1665476271639,
    "stop" : 1665476272559,
    "duration" : 920
  },
  "description" : "Verify RollBack API_s response with Invalid ProductID",
  "descriptionHtml" : "<p>Verify RollBack API_s response with Invalid ProductID</p>\n",
  "status" : "failed",
  "statusMessage" : "The following asserts failed:\n\tamountAfterRollBack : 9657.5 = amountAfterCredit: 9656.5 expected [9656.5] but found [9657.5]",
  "statusTrace" : "java.lang.AssertionError: The following asserts failed:\n\tamountAfterRollBack : 9657.5 = amountAfterCredit: 9656.5 expected [9656.5] but found [9657.5]\r\n\tat org.testng.asserts.SoftAssert.assertAll(SoftAssert.java:46)\r\n\tat org.testng.asserts.SoftAssert.assertAll(SoftAssert.java:30)\r\n\tat testCases.IqSoft_API_6_RollBack_Negative_Test.RollBackAPIValidateResponseUsingInvalidProductID(IqSoft_API_6_RollBack_Negative_Test.java:125)\r\n\tat java.base/jdk.internal.reflect.NativeMethodAccessorImpl.invoke0(Native Method)\r\n\tat java.base/jdk.internal.reflect.NativeMethodAccessorImpl.invoke(NativeMethodAccessorImpl.java:77)\r\n\tat java.base/jdk.internal.reflect.DelegatingMethodAccessorImpl.invoke(DelegatingMethodAccessorImpl.java:43)\r\n\tat java.base/java.lang.reflect.Method.invoke(Method.java:568)\r\n\tat org.testng.internal.invokers.MethodInvocationHelper.invokeMethod(MethodInvocationHelper.java:139)\r\n\tat org.testng.internal.invokers.TestInvoker.invokeMethod(TestInvoker.java:677)\r\n\tat org.testng.internal.invokers.TestInvoker.invokeTestMethod(TestInvoker.java:221)\r\n\tat org.testng.internal.invokers.MethodRunner.runInSequence(MethodRunner.java:50)\r\n\tat org.testng.internal.invokers.TestInvoker$MethodInvocationAgent.invoke(TestInvoker.java:962)\r\n\tat org.testng.internal.invokers.TestInvoker.invokeTestMethods(TestInvoker.java:194)\r\n\tat org.testng.internal.invokers.TestMethodWorker.invokeTestMethods(TestMethodWorker.java:148)\r\n\tat org.testng.internal.invokers.TestMethodWorker.run(TestMethodWorker.java:128)\r\n\tat java.base/java.util.ArrayList.forEach(ArrayList.java:1511)\r\n\tat org.testng.TestRunner.privateRun(TestRunner.java:806)\r\n\tat org.testng.TestRunner.run(TestRunner.java:601)\r\n\tat org.testng.SuiteRunner.runTest(SuiteRunner.java:433)\r\n\tat org.testng.SuiteRunner.runSequentially(SuiteRunner.java:427)\r\n\tat org.testng.SuiteRunner.privateRun(SuiteRunner.java:387)\r\n\tat org.testng.SuiteRunner.run(SuiteRunner.java:330)\r\n\tat org.testng.SuiteRunnerWorker.runSuite(SuiteRunnerWorker.java:52)\r\n\tat org.testng.SuiteRunnerWorker.run(SuiteRunnerWorker.java:95)\r\n\tat org.testng.TestNG.runSuitesSequentially(TestNG.java:1256)\r\n\tat org.testng.TestNG.runSuitesLocally(TestNG.java:1176)\r\n\tat org.testng.TestNG.runSuites(TestNG.java:1099)\r\n\tat org.testng.TestNG.run(TestNG.java:1067)\r\n\tat org.apache.maven.surefire.testng.TestNGExecutor.run(TestNGExecutor.java:295)\r\n\tat org.apache.maven.surefire.testng.TestNGXmlTestSuite.execute(TestNGXmlTestSuite.java:84)\r\n\tat org.apache.maven.surefire.testng.TestNGProvider.invoke(TestNGProvider.java:90)\r\n\tat org.apache.maven.surefire.booter.ForkedBooter.invokeProviderInSameClassLoader(ForkedBooter.java:203)\r\n\tat org.apache.maven.surefire.booter.ForkedBooter.runSuitesInProcess(ForkedBooter.java:155)\r\n\tat org.apache.maven.surefire.booter.ForkedBooter.main(ForkedBooter.java:103)\r\n",
  "flaky" : false,
  "newFailed" : false,
  "newBroken" : false,
  "newPassed" : false,
  "retriesCount" : 0,
  "retriesStatusChange" : false,
  "beforeStages" : [ {
    "name" : "setupSuite",
    "time" : {
      "start" : 1665476245177,
      "stop" : 1665476245246,
      "duration" : 69
    },
    "description" : "",
    "status" : "passed",
    "steps" : [ ],
    "attachments" : [ ],
    "parameters" : [ ],
    "shouldDisplayMessage" : false,
    "attachmentsCount" : 0,
    "stepsCount" : 0,
    "hasContent" : false
  } ],
  "testStage" : {
    "description" : "Verify RollBack API_s response with Invalid ProductID",
    "status" : "failed",
    "statusMessage" : "The following asserts failed:\n\tamountAfterRollBack : 9657.5 = amountAfterCredit: 9656.5 expected [9656.5] but found [9657.5]",
    "statusTrace" : "java.lang.AssertionError: The following asserts failed:\n\tamountAfterRollBack : 9657.5 = amountAfterCredit: 9656.5 expected [9656.5] but found [9657.5]\r\n\tat org.testng.asserts.SoftAssert.assertAll(SoftAssert.java:46)\r\n\tat org.testng.asserts.SoftAssert.assertAll(SoftAssert.java:30)\r\n\tat testCases.IqSoft_API_6_RollBack_Negative_Test.RollBackAPIValidateResponseUsingInvalidProductID(IqSoft_API_6_RollBack_Negative_Test.java:125)\r\n\tat java.base/jdk.internal.reflect.NativeMethodAccessorImpl.invoke0(Native Method)\r\n\tat java.base/jdk.internal.reflect.NativeMethodAccessorImpl.invoke(NativeMethodAccessorImpl.java:77)\r\n\tat java.base/jdk.internal.reflect.DelegatingMethodAccessorImpl.invoke(DelegatingMethodAccessorImpl.java:43)\r\n\tat java.base/java.lang.reflect.Method.invoke(Method.java:568)\r\n\tat org.testng.internal.invokers.MethodInvocationHelper.invokeMethod(MethodInvocationHelper.java:139)\r\n\tat org.testng.internal.invokers.TestInvoker.invokeMethod(TestInvoker.java:677)\r\n\tat org.testng.internal.invokers.TestInvoker.invokeTestMethod(TestInvoker.java:221)\r\n\tat org.testng.internal.invokers.MethodRunner.runInSequence(MethodRunner.java:50)\r\n\tat org.testng.internal.invokers.TestInvoker$MethodInvocationAgent.invoke(TestInvoker.java:962)\r\n\tat org.testng.internal.invokers.TestInvoker.invokeTestMethods(TestInvoker.java:194)\r\n\tat org.testng.internal.invokers.TestMethodWorker.invokeTestMethods(TestMethodWorker.java:148)\r\n\tat org.testng.internal.invokers.TestMethodWorker.run(TestMethodWorker.java:128)\r\n\tat java.base/java.util.ArrayList.forEach(ArrayList.java:1511)\r\n\tat org.testng.TestRunner.privateRun(TestRunner.java:806)\r\n\tat org.testng.TestRunner.run(TestRunner.java:601)\r\n\tat org.testng.SuiteRunner.runTest(SuiteRunner.java:433)\r\n\tat org.testng.SuiteRunner.runSequentially(SuiteRunner.java:427)\r\n\tat org.testng.SuiteRunner.privateRun(SuiteRunner.java:387)\r\n\tat org.testng.SuiteRunner.run(SuiteRunner.java:330)\r\n\tat org.testng.SuiteRunnerWorker.runSuite(SuiteRunnerWorker.java:52)\r\n\tat org.testng.SuiteRunnerWorker.run(SuiteRunnerWorker.java:95)\r\n\tat org.testng.TestNG.runSuitesSequentially(TestNG.java:1256)\r\n\tat org.testng.TestNG.runSuitesLocally(TestNG.java:1176)\r\n\tat org.testng.TestNG.runSuites(TestNG.java:1099)\r\n\tat org.testng.TestNG.run(TestNG.java:1067)\r\n\tat org.apache.maven.surefire.testng.TestNGExecutor.run(TestNGExecutor.java:295)\r\n\tat org.apache.maven.surefire.testng.TestNGXmlTestSuite.execute(TestNGXmlTestSuite.java:84)\r\n\tat org.apache.maven.surefire.testng.TestNGProvider.invoke(TestNGProvider.java:90)\r\n\tat org.apache.maven.surefire.booter.ForkedBooter.invokeProviderInSameClassLoader(ForkedBooter.java:203)\r\n\tat org.apache.maven.surefire.booter.ForkedBooter.runSuitesInProcess(ForkedBooter.java:155)\r\n\tat org.apache.maven.surefire.booter.ForkedBooter.main(ForkedBooter.java:103)\r\n",
    "steps" : [ ],
    "attachments" : [ {
      "uid" : "3dd8098531c031bd",
      "name" : "GetBalanceAPI RequestBody",
      "source" : "3dd8098531c031bd.txt",
      "type" : "text/plain",
      "size" : 67
    }, {
      "uid" : "b0ee90e02f5e12c",
      "name" : "GetBalanceAPI ResponseBody",
      "source" : "b0ee90e02f5e12c.txt",
      "type" : "text/plain",
      "size" : 82
    }, {
      "uid" : "839c8047c2e3c58a",
      "name" : "CreditAPI RequestBody",
      "source" : "839c8047c2e3c58a.txt",
      "type" : "text/plain",
      "size" : 177
    }, {
      "uid" : "c91d2e941f9ca157",
      "name" : "CreditAPI ResponseBody",
      "source" : "c91d2e941f9ca157.txt",
      "type" : "text/plain",
      "size" : 132
    }, {
      "uid" : "53a30339fcc7dd2b",
      "name" : "GetBalanceAPI RequestBody",
      "source" : "53a30339fcc7dd2b.txt",
      "type" : "text/plain",
      "size" : 67
    }, {
      "uid" : "7c32b30bad935210",
      "name" : "GetBalanceAPI ResponseBody",
      "source" : "7c32b30bad935210.txt",
      "type" : "text/plain",
      "size" : 82
    }, {
      "uid" : "fc61937ce97eaf64",
      "name" : "RollBackAPI RequestBody",
      "source" : "fc61937ce97eaf64.txt",
      "type" : "text/plain",
      "size" : 209
    }, {
      "uid" : "b6c1b4ad62c04f1d",
      "name" : "RollBackAPI ResponseBody",
      "source" : "b6c1b4ad62c04f1d.txt",
      "type" : "text/plain",
      "size" : 37
    }, {
      "uid" : "c1157d24cb126096",
      "name" : "GetBalanceAPI RequestBody",
      "source" : "c1157d24cb126096.txt",
      "type" : "text/plain",
      "size" : 67
    }, {
      "uid" : "a101ad5da0fdeab9",
      "name" : "GetBalanceAPI ResponseBody",
      "source" : "a101ad5da0fdeab9.txt",
      "type" : "text/plain",
      "size" : 82
    } ],
    "parameters" : [ ],
    "shouldDisplayMessage" : true,
    "attachmentsCount" : 10,
    "stepsCount" : 0,
    "hasContent" : true
  },
  "afterStages" : [ {
    "name" : "tearDownSuite",
    "time" : {
      "start" : 1665476276076,
      "stop" : 1665476276077,
      "duration" : 1
    },
    "description" : "",
    "status" : "passed",
    "steps" : [ ],
    "attachments" : [ ],
    "parameters" : [ ],
    "shouldDisplayMessage" : false,
    "attachmentsCount" : 0,
    "stepsCount" : 0,
    "hasContent" : false
  } ],
  "labels" : [ {
    "name" : "package",
    "value" : "testCases.IqSoft_API_6_RollBack_Negative_Test"
  }, {
    "name" : "testClass",
    "value" : "testCases.IqSoft_API_6_RollBack_Negative_Test"
  }, {
    "name" : "testMethod",
    "value" : "RollBackAPIValidateResponseUsingInvalidProductID"
  }, {
    "name" : "parentSuite",
    "value" : "IQsoft API Integration"
  }, {
    "name" : "suite",
    "value" : "API Integration Automation Test"
  }, {
    "name" : "subSuite",
    "value" : "testCases.IqSoft_API_6_RollBack_Negative_Test"
  }, {
    "name" : "host",
    "value" : "DESKTOP-PO3T4V3"
  }, {
    "name" : "thread",
    "value" : "10040@DESKTOP-PO3T4V3.main(1)"
  }, {
    "name" : "framework",
    "value" : "testng"
  }, {
    "name" : "language",
    "value" : "java"
  }, {
    "name" : "severity",
    "value" : "blocker"
  }, {
    "name" : "resultFormat",
    "value" : "allure2"
  } ],
  "parameters" : [ ],
  "links" : [ ],
  "hidden" : false,
  "retry" : false,
  "extra" : {
    "severity" : "blocker",
    "retries" : [ ],
    "categories" : [ {
      "name" : "Product defects",
      "matchedStatuses" : [ ],
      "flaky" : false
    } ],
    "tags" : [ ]
  },
  "source" : "a357b2eb2661b719.json",
  "parameterValues" : [ ]
}