{
  "uid" : "b2ad593361b34adf",
  "name" : "DebitAPIValidateResponseUsingInvalidCreditTransactionID",
  "fullName" : "testCases.IqSoft_API_5_Debit_Negative_Test.DebitAPIValidateResponseUsingInvalidCreditTransactionID",
  "historyId" : "b37c45feba2ed46f55ea2e8b13be95f4",
  "time" : {
    "start" : 1665498335021,
    "stop" : 1665498335599,
    "duration" : 578
  },
  "description" : "Verify Debit API_s response using Invalid Amount",
  "descriptionHtml" : "<p>Verify Debit API_s response using Invalid Amount</p>\n",
  "status" : "failed",
  "statusMessage" : "The following asserts failed:\n\tResponseCode: 0 expected [50] but found [0],\n\tError Description: null expected [CanNotConnectCreditAndDebit] but found [null],\n\tamountBeforeDebit: 9589.0 = amountAfterDebit: 9591.0 expected [9591.0] but found [9589.0]",
  "statusTrace" : "java.lang.AssertionError: The following asserts failed:\n\tResponseCode: 0 expected [50] but found [0],\n\tError Description: null expected [CanNotConnectCreditAndDebit] but found [null],\n\tamountBeforeDebit: 9589.0 = amountAfterDebit: 9591.0 expected [9591.0] but found [9589.0]\r\n\tat org.testng.asserts.SoftAssert.assertAll(SoftAssert.java:46)\r\n\tat org.testng.asserts.SoftAssert.assertAll(SoftAssert.java:30)\r\n\tat testCases.IqSoft_API_5_Debit_Negative_Test.DebitAPIValidateResponseUsingInvalidCreditTransactionID(IqSoft_API_5_Debit_Negative_Test.java:242)\r\n\tat java.base/jdk.internal.reflect.NativeMethodAccessorImpl.invoke0(Native Method)\r\n\tat java.base/jdk.internal.reflect.NativeMethodAccessorImpl.invoke(NativeMethodAccessorImpl.java:77)\r\n\tat java.base/jdk.internal.reflect.DelegatingMethodAccessorImpl.invoke(DelegatingMethodAccessorImpl.java:43)\r\n\tat java.base/java.lang.reflect.Method.invoke(Method.java:568)\r\n\tat org.testng.internal.invokers.MethodInvocationHelper.invokeMethod(MethodInvocationHelper.java:139)\r\n\tat org.testng.internal.invokers.TestInvoker.invokeMethod(TestInvoker.java:677)\r\n\tat org.testng.internal.invokers.TestInvoker.invokeTestMethod(TestInvoker.java:221)\r\n\tat org.testng.internal.invokers.MethodRunner.runInSequence(MethodRunner.java:50)\r\n\tat org.testng.internal.invokers.TestInvoker$MethodInvocationAgent.invoke(TestInvoker.java:962)\r\n\tat org.testng.internal.invokers.TestInvoker.invokeTestMethods(TestInvoker.java:194)\r\n\tat org.testng.internal.invokers.TestMethodWorker.invokeTestMethods(TestMethodWorker.java:148)\r\n\tat org.testng.internal.invokers.TestMethodWorker.run(TestMethodWorker.java:128)\r\n\tat java.base/java.util.ArrayList.forEach(ArrayList.java:1511)\r\n\tat org.testng.TestRunner.privateRun(TestRunner.java:806)\r\n\tat org.testng.TestRunner.run(TestRunner.java:601)\r\n\tat org.testng.SuiteRunner.runTest(SuiteRunner.java:433)\r\n\tat org.testng.SuiteRunner.runSequentially(SuiteRunner.java:427)\r\n\tat org.testng.SuiteRunner.privateRun(SuiteRunner.java:387)\r\n\tat org.testng.SuiteRunner.run(SuiteRunner.java:330)\r\n\tat org.testng.SuiteRunnerWorker.runSuite(SuiteRunnerWorker.java:52)\r\n\tat org.testng.SuiteRunnerWorker.run(SuiteRunnerWorker.java:95)\r\n\tat org.testng.TestNG.runSuitesSequentially(TestNG.java:1256)\r\n\tat org.testng.TestNG.runSuitesLocally(TestNG.java:1176)\r\n\tat org.testng.TestNG.runSuites(TestNG.java:1099)\r\n\tat org.testng.TestNG.run(TestNG.java:1067)\r\n\tat org.apache.maven.surefire.testng.TestNGExecutor.run(TestNGExecutor.java:295)\r\n\tat org.apache.maven.surefire.testng.TestNGXmlTestSuite.execute(TestNGXmlTestSuite.java:84)\r\n\tat org.apache.maven.surefire.testng.TestNGProvider.invoke(TestNGProvider.java:90)\r\n\tat org.apache.maven.surefire.booter.ForkedBooter.invokeProviderInSameClassLoader(ForkedBooter.java:203)\r\n\tat org.apache.maven.surefire.booter.ForkedBooter.runSuitesInProcess(ForkedBooter.java:155)\r\n\tat org.apache.maven.surefire.booter.ForkedBooter.main(ForkedBooter.java:103)\r\n",
  "flaky" : false,
  "newFailed" : false,
  "newBroken" : false,
  "newPassed" : false,
  "retriesCount" : 1,
  "retriesStatusChange" : false,
  "beforeStages" : [ {
    "name" : "setupSuite",
    "time" : {
      "start" : 1665498314332,
      "stop" : 1665498314390,
      "duration" : 58
    },
    "description" : "",
    "status" : "passed",
    "steps" : [ ],
    "attachments" : [ ],
    "parameters" : [ ],
    "stepsCount" : 0,
    "hasContent" : false,
    "shouldDisplayMessage" : false,
    "attachmentsCount" : 0
  } ],
  "testStage" : {
    "description" : "Verify Debit API_s response using Invalid Amount",
    "status" : "failed",
    "statusMessage" : "The following asserts failed:\n\tResponseCode: 0 expected [50] but found [0],\n\tError Description: null expected [CanNotConnectCreditAndDebit] but found [null],\n\tamountBeforeDebit: 9589.0 = amountAfterDebit: 9591.0 expected [9591.0] but found [9589.0]",
    "statusTrace" : "java.lang.AssertionError: The following asserts failed:\n\tResponseCode: 0 expected [50] but found [0],\n\tError Description: null expected [CanNotConnectCreditAndDebit] but found [null],\n\tamountBeforeDebit: 9589.0 = amountAfterDebit: 9591.0 expected [9591.0] but found [9589.0]\r\n\tat org.testng.asserts.SoftAssert.assertAll(SoftAssert.java:46)\r\n\tat org.testng.asserts.SoftAssert.assertAll(SoftAssert.java:30)\r\n\tat testCases.IqSoft_API_5_Debit_Negative_Test.DebitAPIValidateResponseUsingInvalidCreditTransactionID(IqSoft_API_5_Debit_Negative_Test.java:242)\r\n\tat java.base/jdk.internal.reflect.NativeMethodAccessorImpl.invoke0(Native Method)\r\n\tat java.base/jdk.internal.reflect.NativeMethodAccessorImpl.invoke(NativeMethodAccessorImpl.java:77)\r\n\tat java.base/jdk.internal.reflect.DelegatingMethodAccessorImpl.invoke(DelegatingMethodAccessorImpl.java:43)\r\n\tat java.base/java.lang.reflect.Method.invoke(Method.java:568)\r\n\tat org.testng.internal.invokers.MethodInvocationHelper.invokeMethod(MethodInvocationHelper.java:139)\r\n\tat org.testng.internal.invokers.TestInvoker.invokeMethod(TestInvoker.java:677)\r\n\tat org.testng.internal.invokers.TestInvoker.invokeTestMethod(TestInvoker.java:221)\r\n\tat org.testng.internal.invokers.MethodRunner.runInSequence(MethodRunner.java:50)\r\n\tat org.testng.internal.invokers.TestInvoker$MethodInvocationAgent.invoke(TestInvoker.java:962)\r\n\tat org.testng.internal.invokers.TestInvoker.invokeTestMethods(TestInvoker.java:194)\r\n\tat org.testng.internal.invokers.TestMethodWorker.invokeTestMethods(TestMethodWorker.java:148)\r\n\tat org.testng.internal.invokers.TestMethodWorker.run(TestMethodWorker.java:128)\r\n\tat java.base/java.util.ArrayList.forEach(ArrayList.java:1511)\r\n\tat org.testng.TestRunner.privateRun(TestRunner.java:806)\r\n\tat org.testng.TestRunner.run(TestRunner.java:601)\r\n\tat org.testng.SuiteRunner.runTest(SuiteRunner.java:433)\r\n\tat org.testng.SuiteRunner.runSequentially(SuiteRunner.java:427)\r\n\tat org.testng.SuiteRunner.privateRun(SuiteRunner.java:387)\r\n\tat org.testng.SuiteRunner.run(SuiteRunner.java:330)\r\n\tat org.testng.SuiteRunnerWorker.runSuite(SuiteRunnerWorker.java:52)\r\n\tat org.testng.SuiteRunnerWorker.run(SuiteRunnerWorker.java:95)\r\n\tat org.testng.TestNG.runSuitesSequentially(TestNG.java:1256)\r\n\tat org.testng.TestNG.runSuitesLocally(TestNG.java:1176)\r\n\tat org.testng.TestNG.runSuites(TestNG.java:1099)\r\n\tat org.testng.TestNG.run(TestNG.java:1067)\r\n\tat org.apache.maven.surefire.testng.TestNGExecutor.run(TestNGExecutor.java:295)\r\n\tat org.apache.maven.surefire.testng.TestNGXmlTestSuite.execute(TestNGXmlTestSuite.java:84)\r\n\tat org.apache.maven.surefire.testng.TestNGProvider.invoke(TestNGProvider.java:90)\r\n\tat org.apache.maven.surefire.booter.ForkedBooter.invokeProviderInSameClassLoader(ForkedBooter.java:203)\r\n\tat org.apache.maven.surefire.booter.ForkedBooter.runSuitesInProcess(ForkedBooter.java:155)\r\n\tat org.apache.maven.surefire.booter.ForkedBooter.main(ForkedBooter.java:103)\r\n",
    "steps" : [ ],
    "attachments" : [ {
      "uid" : "85106afecd4f53c0",
      "name" : "GetBalanceAPI RequestBody",
      "source" : "85106afecd4f53c0.txt",
      "type" : "text/plain",
      "size" : 67
    }, {
      "uid" : "9f8c5e88e24abd9f",
      "name" : "GetBalanceAPI ResponseBody",
      "source" : "9f8c5e88e24abd9f.txt",
      "type" : "{\"CurrencyId\":\"TND\",\"Description\":null,\"ResponseCode\":0,\"AvailableBalance\":9589.0}  ResponseTime ",
      "size" : 6
    }, {
      "uid" : "c86bda265be097bb",
      "name" : "DebitAPI RequestBody",
      "source" : "c86bda265be097bb.txt",
      "type" : "text/plain",
      "size" : 267
    }, {
      "uid" : "f547692822753d78",
      "name" : "DebitAPI ResponseBody",
      "source" : "f547692822753d78.txt",
      "type" : "{\"Description\":null,\"ResponseCode\":\"0\",\"OperationItems\":[{\"BetId\":1836,\"Balance\":9591.0,\"ClientId\":\"dazzabet10130\",\"CurrencyId\":\"TND\"}]}  ResponseTime ",
      "size" : 6
    }, {
      "uid" : "81166412b5a26629",
      "name" : "GetBalanceAPI RequestBody",
      "source" : "81166412b5a26629.txt",
      "type" : "text/plain",
      "size" : 67
    }, {
      "uid" : "2fa17c55474432aa",
      "name" : "GetBalanceAPI ResponseBody",
      "source" : "2fa17c55474432aa.txt",
      "type" : "{\"CurrencyId\":\"TND\",\"Description\":null,\"ResponseCode\":0,\"AvailableBalance\":9591.0}  ResponseTime ",
      "size" : 6
    } ],
    "parameters" : [ ],
    "stepsCount" : 0,
    "hasContent" : true,
    "shouldDisplayMessage" : true,
    "attachmentsCount" : 6
  },
  "afterStages" : [ {
    "name" : "tearDownSuite",
    "time" : {
      "start" : 1665498345967,
      "stop" : 1665498345967,
      "duration" : 0
    },
    "description" : "",
    "status" : "passed",
    "steps" : [ ],
    "attachments" : [ ],
    "parameters" : [ ],
    "stepsCount" : 0,
    "hasContent" : false,
    "shouldDisplayMessage" : false,
    "attachmentsCount" : 0
  } ],
  "labels" : [ {
    "name" : "package",
    "value" : "testCases.IqSoft_API_5_Debit_Negative_Test"
  }, {
    "name" : "testClass",
    "value" : "testCases.IqSoft_API_5_Debit_Negative_Test"
  }, {
    "name" : "testMethod",
    "value" : "DebitAPIValidateResponseUsingInvalidCreditTransactionID"
  }, {
    "name" : "parentSuite",
    "value" : "IQsoft API Integration"
  }, {
    "name" : "suite",
    "value" : "API Integration Automation Test"
  }, {
    "name" : "subSuite",
    "value" : "testCases.IqSoft_API_5_Debit_Negative_Test"
  }, {
    "name" : "host",
    "value" : "DESKTOP-PO3T4V3"
  }, {
    "name" : "thread",
    "value" : "7564@DESKTOP-PO3T4V3.main(1)"
  }, {
    "name" : "framework",
    "value" : "testng"
  }, {
    "name" : "language",
    "value" : "java"
  }, {
    "name" : "severity",
    "value" : "blocker"
  }, {
    "name" : "resultFormat",
    "value" : "allure2"
  } ],
  "parameters" : [ ],
  "links" : [ ],
  "hidden" : false,
  "retry" : false,
  "extra" : {
    "severity" : "blocker",
    "retries" : [ {
      "uid" : "1d91741a12b50417",
      "status" : "failed",
      "statusDetails" : "The following asserts failed:\n\tResponseCode: 0 expected [50] but found [0],\n\tError Description: null expected [CanNotConnectCreditAndDebit] but found [null],\n\tamountBeforeDebit: 9596.0 = amountAfterDebit: 9598.0 expected [9598.0] but found [9596.0]",
      "time" : {
        "start" : 1665497119496,
        "stop" : 1665497120047,
        "duration" : 551
      }
    } ],
    "categories" : [ {
      "name" : "Product defects",
      "matchedStatuses" : [ ],
      "flaky" : false
    } ],
    "tags" : [ ]
  },
  "source" : "b2ad593361b34adf.json",
  "parameterValues" : [ ]
}