{
  "uid" : "b7fb3b19bedea6ac",
  "name" : "RollBackAPIValidateResponseWithInvalidToken",
  "fullName" : "testCases.IqSoft_API_6_RollBack_Negative_Test.RollBackAPIValidateResponseWithInvalidToken",
  "historyId" : "862603de78c00916407b08539cebcc50",
  "time" : {
    "start" : 1665497124684,
    "stop" : 1665497125618,
    "duration" : 934
  },
  "description" : "Verify RollBack API_s response with Invalid Token",
  "descriptionHtml" : "<p>Verify RollBack API_s response with Invalid Token</p>\n",
  "status" : "failed",
  "statusMessage" : "The following asserts failed:\n\tamountAfterCredit: 9592.0 = amountAfterRollBack : 9593.0 expected [9593.0] but found [9592.0]",
  "statusTrace" : "java.lang.AssertionError: The following asserts failed:\n\tamountAfterCredit: 9592.0 = amountAfterRollBack : 9593.0 expected [9593.0] but found [9592.0]\r\n\tat org.testng.asserts.SoftAssert.assertAll(SoftAssert.java:46)\r\n\tat org.testng.asserts.SoftAssert.assertAll(SoftAssert.java:30)\r\n\tat testCases.IqSoft_API_6_RollBack_Negative_Test.RollBackAPIValidateResponseWithInvalidToken(IqSoft_API_6_RollBack_Negative_Test.java:70)\r\n\tat java.base/jdk.internal.reflect.NativeMethodAccessorImpl.invoke0(Native Method)\r\n\tat java.base/jdk.internal.reflect.NativeMethodAccessorImpl.invoke(NativeMethodAccessorImpl.java:77)\r\n\tat java.base/jdk.internal.reflect.DelegatingMethodAccessorImpl.invoke(DelegatingMethodAccessorImpl.java:43)\r\n\tat java.base/java.lang.reflect.Method.invoke(Method.java:568)\r\n\tat org.testng.internal.invokers.MethodInvocationHelper.invokeMethod(MethodInvocationHelper.java:139)\r\n\tat org.testng.internal.invokers.TestInvoker.invokeMethod(TestInvoker.java:677)\r\n\tat org.testng.internal.invokers.TestInvoker.invokeTestMethod(TestInvoker.java:221)\r\n\tat org.testng.internal.invokers.MethodRunner.runInSequence(MethodRunner.java:50)\r\n\tat org.testng.internal.invokers.TestInvoker$MethodInvocationAgent.invoke(TestInvoker.java:962)\r\n\tat org.testng.internal.invokers.TestInvoker.invokeTestMethods(TestInvoker.java:194)\r\n\tat org.testng.internal.invokers.TestMethodWorker.invokeTestMethods(TestMethodWorker.java:148)\r\n\tat org.testng.internal.invokers.TestMethodWorker.run(TestMethodWorker.java:128)\r\n\tat java.base/java.util.ArrayList.forEach(ArrayList.java:1511)\r\n\tat org.testng.TestRunner.privateRun(TestRunner.java:806)\r\n\tat org.testng.TestRunner.run(TestRunner.java:601)\r\n\tat org.testng.SuiteRunner.runTest(SuiteRunner.java:433)\r\n\tat org.testng.SuiteRunner.runSequentially(SuiteRunner.java:427)\r\n\tat org.testng.SuiteRunner.privateRun(SuiteRunner.java:387)\r\n\tat org.testng.SuiteRunner.run(SuiteRunner.java:330)\r\n\tat org.testng.SuiteRunnerWorker.runSuite(SuiteRunnerWorker.java:52)\r\n\tat org.testng.SuiteRunnerWorker.run(SuiteRunnerWorker.java:95)\r\n\tat org.testng.TestNG.runSuitesSequentially(TestNG.java:1256)\r\n\tat org.testng.TestNG.runSuitesLocally(TestNG.java:1176)\r\n\tat org.testng.TestNG.runSuites(TestNG.java:1099)\r\n\tat org.testng.TestNG.run(TestNG.java:1067)\r\n\tat org.apache.maven.surefire.testng.TestNGExecutor.run(TestNGExecutor.java:295)\r\n\tat org.apache.maven.surefire.testng.TestNGXmlTestSuite.execute(TestNGXmlTestSuite.java:84)\r\n\tat org.apache.maven.surefire.testng.TestNGProvider.invoke(TestNGProvider.java:90)\r\n\tat org.apache.maven.surefire.booter.ForkedBooter.invokeProviderInSameClassLoader(ForkedBooter.java:203)\r\n\tat org.apache.maven.surefire.booter.ForkedBooter.runSuitesInProcess(ForkedBooter.java:155)\r\n\tat org.apache.maven.surefire.booter.ForkedBooter.main(ForkedBooter.java:103)\r\n",
  "flaky" : false,
  "newFailed" : false,
  "newBroken" : false,
  "newPassed" : false,
  "retriesCount" : 0,
  "retriesStatusChange" : false,
  "beforeStages" : [ {
    "name" : "setupSuite",
    "time" : {
      "start" : 1665497099359,
      "stop" : 1665497099417,
      "duration" : 58
    },
    "description" : "",
    "status" : "passed",
    "steps" : [ ],
    "attachments" : [ ],
    "parameters" : [ ],
    "stepsCount" : 0,
    "hasContent" : false,
    "shouldDisplayMessage" : false,
    "attachmentsCount" : 0
  } ],
  "testStage" : {
    "description" : "Verify RollBack API_s response with Invalid Token",
    "status" : "failed",
    "statusMessage" : "The following asserts failed:\n\tamountAfterCredit: 9592.0 = amountAfterRollBack : 9593.0 expected [9593.0] but found [9592.0]",
    "statusTrace" : "java.lang.AssertionError: The following asserts failed:\n\tamountAfterCredit: 9592.0 = amountAfterRollBack : 9593.0 expected [9593.0] but found [9592.0]\r\n\tat org.testng.asserts.SoftAssert.assertAll(SoftAssert.java:46)\r\n\tat org.testng.asserts.SoftAssert.assertAll(SoftAssert.java:30)\r\n\tat testCases.IqSoft_API_6_RollBack_Negative_Test.RollBackAPIValidateResponseWithInvalidToken(IqSoft_API_6_RollBack_Negative_Test.java:70)\r\n\tat java.base/jdk.internal.reflect.NativeMethodAccessorImpl.invoke0(Native Method)\r\n\tat java.base/jdk.internal.reflect.NativeMethodAccessorImpl.invoke(NativeMethodAccessorImpl.java:77)\r\n\tat java.base/jdk.internal.reflect.DelegatingMethodAccessorImpl.invoke(DelegatingMethodAccessorImpl.java:43)\r\n\tat java.base/java.lang.reflect.Method.invoke(Method.java:568)\r\n\tat org.testng.internal.invokers.MethodInvocationHelper.invokeMethod(MethodInvocationHelper.java:139)\r\n\tat org.testng.internal.invokers.TestInvoker.invokeMethod(TestInvoker.java:677)\r\n\tat org.testng.internal.invokers.TestInvoker.invokeTestMethod(TestInvoker.java:221)\r\n\tat org.testng.internal.invokers.MethodRunner.runInSequence(MethodRunner.java:50)\r\n\tat org.testng.internal.invokers.TestInvoker$MethodInvocationAgent.invoke(TestInvoker.java:962)\r\n\tat org.testng.internal.invokers.TestInvoker.invokeTestMethods(TestInvoker.java:194)\r\n\tat org.testng.internal.invokers.TestMethodWorker.invokeTestMethods(TestMethodWorker.java:148)\r\n\tat org.testng.internal.invokers.TestMethodWorker.run(TestMethodWorker.java:128)\r\n\tat java.base/java.util.ArrayList.forEach(ArrayList.java:1511)\r\n\tat org.testng.TestRunner.privateRun(TestRunner.java:806)\r\n\tat org.testng.TestRunner.run(TestRunner.java:601)\r\n\tat org.testng.SuiteRunner.runTest(SuiteRunner.java:433)\r\n\tat org.testng.SuiteRunner.runSequentially(SuiteRunner.java:427)\r\n\tat org.testng.SuiteRunner.privateRun(SuiteRunner.java:387)\r\n\tat org.testng.SuiteRunner.run(SuiteRunner.java:330)\r\n\tat org.testng.SuiteRunnerWorker.runSuite(SuiteRunnerWorker.java:52)\r\n\tat org.testng.SuiteRunnerWorker.run(SuiteRunnerWorker.java:95)\r\n\tat org.testng.TestNG.runSuitesSequentially(TestNG.java:1256)\r\n\tat org.testng.TestNG.runSuitesLocally(TestNG.java:1176)\r\n\tat org.testng.TestNG.runSuites(TestNG.java:1099)\r\n\tat org.testng.TestNG.run(TestNG.java:1067)\r\n\tat org.apache.maven.surefire.testng.TestNGExecutor.run(TestNGExecutor.java:295)\r\n\tat org.apache.maven.surefire.testng.TestNGXmlTestSuite.execute(TestNGXmlTestSuite.java:84)\r\n\tat org.apache.maven.surefire.testng.TestNGProvider.invoke(TestNGProvider.java:90)\r\n\tat org.apache.maven.surefire.booter.ForkedBooter.invokeProviderInSameClassLoader(ForkedBooter.java:203)\r\n\tat org.apache.maven.surefire.booter.ForkedBooter.runSuitesInProcess(ForkedBooter.java:155)\r\n\tat org.apache.maven.surefire.booter.ForkedBooter.main(ForkedBooter.java:103)\r\n",
    "steps" : [ ],
    "attachments" : [ {
      "uid" : "6eda12e8cce6af39",
      "name" : "GetBalanceAPI ResponseTime",
      "source" : "6eda12e8cce6af39.txt",
      "type" : "text/plain",
      "size" : 6
    }, {
      "uid" : "3a8830abb9fb75fc",
      "name" : "GetBalanceAPI RequestBody",
      "source" : "3a8830abb9fb75fc.txt",
      "type" : "text/plain",
      "size" : 67
    }, {
      "uid" : "c3103cc06f2c461a",
      "name" : "GetBalanceAPI ResponseBody",
      "source" : "c3103cc06f2c461a.txt",
      "type" : "text/plain",
      "size" : 82
    }, {
      "uid" : "c5625a28b598032f",
      "name" : "CreditAPI ResponseTime",
      "source" : "c5625a28b598032f.txt",
      "type" : "text/plain",
      "size" : 6
    }, {
      "uid" : "959377ad2dbcc319",
      "name" : "CreditAPI RequestBody",
      "source" : "959377ad2dbcc319.txt",
      "type" : "text/plain",
      "size" : 177
    }, {
      "uid" : "fa5e65a895f337a1",
      "name" : "CreditAPI ResponseBody",
      "source" : "fa5e65a895f337a1.txt",
      "type" : "text/plain",
      "size" : 134
    }, {
      "uid" : "67dc745ac7d72b31",
      "name" : "GetBalanceAPI ResponseTime",
      "source" : "67dc745ac7d72b31.txt",
      "type" : "text/plain",
      "size" : 6
    }, {
      "uid" : "3706c8f6963ed55e",
      "name" : "GetBalanceAPI RequestBody",
      "source" : "3706c8f6963ed55e.txt",
      "type" : "text/plain",
      "size" : 67
    }, {
      "uid" : "6d53e762eacf631d",
      "name" : "GetBalanceAPI ResponseBody",
      "source" : "6d53e762eacf631d.txt",
      "type" : "text/plain",
      "size" : 82
    }, {
      "uid" : "d9963fb4b87d8247",
      "name" : "RollBackAPI ResponseTime",
      "source" : "d9963fb4b87d8247.txt",
      "type" : "text/plain",
      "size" : 6
    }, {
      "uid" : "c4d5ecc6da2df27e",
      "name" : "RollBackAPI RequestBody",
      "source" : "c4d5ecc6da2df27e.txt",
      "type" : "text/plain",
      "size" : 216
    }, {
      "uid" : "9283a1ac2f08a597",
      "name" : "RollBackAPI ResponseBody",
      "source" : "9283a1ac2f08a597.txt",
      "type" : "text/plain",
      "size" : 37
    }, {
      "uid" : "639bddc73f1fa755",
      "name" : "GetBalanceAPI ResponseTime",
      "source" : "639bddc73f1fa755.txt",
      "type" : "text/plain",
      "size" : 6
    }, {
      "uid" : "f70a9e5d71d910ca",
      "name" : "GetBalanceAPI RequestBody",
      "source" : "f70a9e5d71d910ca.txt",
      "type" : "text/plain",
      "size" : 67
    }, {
      "uid" : "edf4abaf055e8513",
      "name" : "GetBalanceAPI ResponseBody",
      "source" : "edf4abaf055e8513.txt",
      "type" : "text/plain",
      "size" : 82
    } ],
    "parameters" : [ ],
    "stepsCount" : 0,
    "hasContent" : true,
    "shouldDisplayMessage" : true,
    "attachmentsCount" : 15
  },
  "afterStages" : [ {
    "name" : "tearDownSuite",
    "time" : {
      "start" : 1665497130153,
      "stop" : 1665497130154,
      "duration" : 1
    },
    "description" : "",
    "status" : "passed",
    "steps" : [ ],
    "attachments" : [ ],
    "parameters" : [ ],
    "stepsCount" : 0,
    "hasContent" : false,
    "shouldDisplayMessage" : false,
    "attachmentsCount" : 0
  } ],
  "labels" : [ {
    "name" : "package",
    "value" : "testCases.IqSoft_API_6_RollBack_Negative_Test"
  }, {
    "name" : "testClass",
    "value" : "testCases.IqSoft_API_6_RollBack_Negative_Test"
  }, {
    "name" : "testMethod",
    "value" : "RollBackAPIValidateResponseWithInvalidToken"
  }, {
    "name" : "parentSuite",
    "value" : "IQsoft API Integration"
  }, {
    "name" : "suite",
    "value" : "API Integration Automation Test"
  }, {
    "name" : "subSuite",
    "value" : "testCases.IqSoft_API_6_RollBack_Negative_Test"
  }, {
    "name" : "host",
    "value" : "DESKTOP-PO3T4V3"
  }, {
    "name" : "thread",
    "value" : "15084@DESKTOP-PO3T4V3.main(1)"
  }, {
    "name" : "framework",
    "value" : "testng"
  }, {
    "name" : "language",
    "value" : "java"
  }, {
    "name" : "severity",
    "value" : "blocker"
  }, {
    "name" : "resultFormat",
    "value" : "allure2"
  } ],
  "parameters" : [ ],
  "links" : [ ],
  "hidden" : true,
  "retry" : true,
  "extra" : {
    "categories" : [ ],
    "tags" : [ ]
  },
  "source" : "b7fb3b19bedea6ac.json",
  "parameterValues" : [ ]
}