{
  "uid" : "c46a1310262a8e5f",
  "name" : "RollBackAPIValidateResponseUsingInvalidProductID",
  "fullName" : "testCases.IqSoft_API_6_RollBack_Negative_Test.RollBackAPIValidateResponseUsingInvalidProductID",
  "historyId" : "badd8f700559d0535d927d532a418904",
  "time" : {
    "start" : 1665498341172,
    "stop" : 1665498342199,
    "duration" : 1027
  },
  "description" : "Verify RollBack API_s response with Invalid ProductID",
  "descriptionHtml" : "<p>Verify RollBack API_s response with Invalid ProductID</p>\n",
  "status" : "failed",
  "statusMessage" : "The following asserts failed:\n\tamountAfterRollBack : 9586.0 = amountAfterCredit: 9585.0 expected [9585.0] but found [9586.0]",
  "statusTrace" : "java.lang.AssertionError: The following asserts failed:\n\tamountAfterRollBack : 9586.0 = amountAfterCredit: 9585.0 expected [9585.0] but found [9586.0]\r\n\tat org.testng.asserts.SoftAssert.assertAll(SoftAssert.java:46)\r\n\tat org.testng.asserts.SoftAssert.assertAll(SoftAssert.java:30)\r\n\tat testCases.IqSoft_API_6_RollBack_Negative_Test.RollBackAPIValidateResponseUsingInvalidProductID(IqSoft_API_6_RollBack_Negative_Test.java:125)\r\n\tat java.base/jdk.internal.reflect.NativeMethodAccessorImpl.invoke0(Native Method)\r\n\tat java.base/jdk.internal.reflect.NativeMethodAccessorImpl.invoke(NativeMethodAccessorImpl.java:77)\r\n\tat java.base/jdk.internal.reflect.DelegatingMethodAccessorImpl.invoke(DelegatingMethodAccessorImpl.java:43)\r\n\tat java.base/java.lang.reflect.Method.invoke(Method.java:568)\r\n\tat org.testng.internal.invokers.MethodInvocationHelper.invokeMethod(MethodInvocationHelper.java:139)\r\n\tat org.testng.internal.invokers.TestInvoker.invokeMethod(TestInvoker.java:677)\r\n\tat org.testng.internal.invokers.TestInvoker.invokeTestMethod(TestInvoker.java:221)\r\n\tat org.testng.internal.invokers.MethodRunner.runInSequence(MethodRunner.java:50)\r\n\tat org.testng.internal.invokers.TestInvoker$MethodInvocationAgent.invoke(TestInvoker.java:962)\r\n\tat org.testng.internal.invokers.TestInvoker.invokeTestMethods(TestInvoker.java:194)\r\n\tat org.testng.internal.invokers.TestMethodWorker.invokeTestMethods(TestMethodWorker.java:148)\r\n\tat org.testng.internal.invokers.TestMethodWorker.run(TestMethodWorker.java:128)\r\n\tat java.base/java.util.ArrayList.forEach(ArrayList.java:1511)\r\n\tat org.testng.TestRunner.privateRun(TestRunner.java:806)\r\n\tat org.testng.TestRunner.run(TestRunner.java:601)\r\n\tat org.testng.SuiteRunner.runTest(SuiteRunner.java:433)\r\n\tat org.testng.SuiteRunner.runSequentially(SuiteRunner.java:427)\r\n\tat org.testng.SuiteRunner.privateRun(SuiteRunner.java:387)\r\n\tat org.testng.SuiteRunner.run(SuiteRunner.java:330)\r\n\tat org.testng.SuiteRunnerWorker.runSuite(SuiteRunnerWorker.java:52)\r\n\tat org.testng.SuiteRunnerWorker.run(SuiteRunnerWorker.java:95)\r\n\tat org.testng.TestNG.runSuitesSequentially(TestNG.java:1256)\r\n\tat org.testng.TestNG.runSuitesLocally(TestNG.java:1176)\r\n\tat org.testng.TestNG.runSuites(TestNG.java:1099)\r\n\tat org.testng.TestNG.run(TestNG.java:1067)\r\n\tat org.apache.maven.surefire.testng.TestNGExecutor.run(TestNGExecutor.java:295)\r\n\tat org.apache.maven.surefire.testng.TestNGXmlTestSuite.execute(TestNGXmlTestSuite.java:84)\r\n\tat org.apache.maven.surefire.testng.TestNGProvider.invoke(TestNGProvider.java:90)\r\n\tat org.apache.maven.surefire.booter.ForkedBooter.invokeProviderInSameClassLoader(ForkedBooter.java:203)\r\n\tat org.apache.maven.surefire.booter.ForkedBooter.runSuitesInProcess(ForkedBooter.java:155)\r\n\tat org.apache.maven.surefire.booter.ForkedBooter.main(ForkedBooter.java:103)\r\n",
  "flaky" : false,
  "newFailed" : false,
  "newBroken" : false,
  "newPassed" : false,
  "retriesCount" : 1,
  "retriesStatusChange" : false,
  "beforeStages" : [ {
    "name" : "setupSuite",
    "time" : {
      "start" : 1665498314332,
      "stop" : 1665498314390,
      "duration" : 58
    },
    "description" : "",
    "status" : "passed",
    "steps" : [ ],
    "attachments" : [ ],
    "parameters" : [ ],
    "stepsCount" : 0,
    "hasContent" : false,
    "shouldDisplayMessage" : false,
    "attachmentsCount" : 0
  } ],
  "testStage" : {
    "description" : "Verify RollBack API_s response with Invalid ProductID",
    "status" : "failed",
    "statusMessage" : "The following asserts failed:\n\tamountAfterRollBack : 9586.0 = amountAfterCredit: 9585.0 expected [9585.0] but found [9586.0]",
    "statusTrace" : "java.lang.AssertionError: The following asserts failed:\n\tamountAfterRollBack : 9586.0 = amountAfterCredit: 9585.0 expected [9585.0] but found [9586.0]\r\n\tat org.testng.asserts.SoftAssert.assertAll(SoftAssert.java:46)\r\n\tat org.testng.asserts.SoftAssert.assertAll(SoftAssert.java:30)\r\n\tat testCases.IqSoft_API_6_RollBack_Negative_Test.RollBackAPIValidateResponseUsingInvalidProductID(IqSoft_API_6_RollBack_Negative_Test.java:125)\r\n\tat java.base/jdk.internal.reflect.NativeMethodAccessorImpl.invoke0(Native Method)\r\n\tat java.base/jdk.internal.reflect.NativeMethodAccessorImpl.invoke(NativeMethodAccessorImpl.java:77)\r\n\tat java.base/jdk.internal.reflect.DelegatingMethodAccessorImpl.invoke(DelegatingMethodAccessorImpl.java:43)\r\n\tat java.base/java.lang.reflect.Method.invoke(Method.java:568)\r\n\tat org.testng.internal.invokers.MethodInvocationHelper.invokeMethod(MethodInvocationHelper.java:139)\r\n\tat org.testng.internal.invokers.TestInvoker.invokeMethod(TestInvoker.java:677)\r\n\tat org.testng.internal.invokers.TestInvoker.invokeTestMethod(TestInvoker.java:221)\r\n\tat org.testng.internal.invokers.MethodRunner.runInSequence(MethodRunner.java:50)\r\n\tat org.testng.internal.invokers.TestInvoker$MethodInvocationAgent.invoke(TestInvoker.java:962)\r\n\tat org.testng.internal.invokers.TestInvoker.invokeTestMethods(TestInvoker.java:194)\r\n\tat org.testng.internal.invokers.TestMethodWorker.invokeTestMethods(TestMethodWorker.java:148)\r\n\tat org.testng.internal.invokers.TestMethodWorker.run(TestMethodWorker.java:128)\r\n\tat java.base/java.util.ArrayList.forEach(ArrayList.java:1511)\r\n\tat org.testng.TestRunner.privateRun(TestRunner.java:806)\r\n\tat org.testng.TestRunner.run(TestRunner.java:601)\r\n\tat org.testng.SuiteRunner.runTest(SuiteRunner.java:433)\r\n\tat org.testng.SuiteRunner.runSequentially(SuiteRunner.java:427)\r\n\tat org.testng.SuiteRunner.privateRun(SuiteRunner.java:387)\r\n\tat org.testng.SuiteRunner.run(SuiteRunner.java:330)\r\n\tat org.testng.SuiteRunnerWorker.runSuite(SuiteRunnerWorker.java:52)\r\n\tat org.testng.SuiteRunnerWorker.run(SuiteRunnerWorker.java:95)\r\n\tat org.testng.TestNG.runSuitesSequentially(TestNG.java:1256)\r\n\tat org.testng.TestNG.runSuitesLocally(TestNG.java:1176)\r\n\tat org.testng.TestNG.runSuites(TestNG.java:1099)\r\n\tat org.testng.TestNG.run(TestNG.java:1067)\r\n\tat org.apache.maven.surefire.testng.TestNGExecutor.run(TestNGExecutor.java:295)\r\n\tat org.apache.maven.surefire.testng.TestNGXmlTestSuite.execute(TestNGXmlTestSuite.java:84)\r\n\tat org.apache.maven.surefire.testng.TestNGProvider.invoke(TestNGProvider.java:90)\r\n\tat org.apache.maven.surefire.booter.ForkedBooter.invokeProviderInSameClassLoader(ForkedBooter.java:203)\r\n\tat org.apache.maven.surefire.booter.ForkedBooter.runSuitesInProcess(ForkedBooter.java:155)\r\n\tat org.apache.maven.surefire.booter.ForkedBooter.main(ForkedBooter.java:103)\r\n",
    "steps" : [ ],
    "attachments" : [ {
      "uid" : "65373365a9a5a7f3",
      "name" : "GetBalanceAPI RequestBody",
      "source" : "65373365a9a5a7f3.txt",
      "type" : "text/plain",
      "size" : 67
    }, {
      "uid" : "995f32249c56f433",
      "name" : "GetBalanceAPI ResponseBody",
      "source" : "995f32249c56f433.txt",
      "type" : "{\"CurrencyId\":\"TND\",\"Description\":null,\"ResponseCode\":0,\"AvailableBalance\":9586.0}  ResponseTime ",
      "size" : 6
    }, {
      "uid" : "2504f68ac620e013",
      "name" : "CreditAPI RequestBody",
      "source" : "2504f68ac620e013.txt",
      "type" : "text/plain",
      "size" : 177
    }, {
      "uid" : "95e2071b960a209b",
      "name" : "CreditAPI ResponseBody",
      "source" : "95e2071b960a209b.txt",
      "type" : "{\"Description\":null,\"ResponseCode\":0,\"OperationItems\":[{\"BetId\":1845,\"Balance\":9585.0,\"ClientId\":\"dazzabet10130\",\"CurrencyId\":\"TND\"}]}  ResponseTime ",
      "size" : 6
    }, {
      "uid" : "521c510fd66f776d",
      "name" : "GetBalanceAPI RequestBody",
      "source" : "521c510fd66f776d.txt",
      "type" : "text/plain",
      "size" : 67
    }, {
      "uid" : "9fef97de107f3c23",
      "name" : "GetBalanceAPI ResponseBody",
      "source" : "9fef97de107f3c23.txt",
      "type" : "{\"CurrencyId\":\"TND\",\"Description\":null,\"ResponseCode\":0,\"AvailableBalance\":9585.0}  ResponseTime ",
      "size" : 6
    }, {
      "uid" : "4920ad25ef710b46",
      "name" : "RollBackAPI RequestBody",
      "source" : "4920ad25ef710b46.txt",
      "type" : "text/plain",
      "size" : 209
    }, {
      "uid" : "bdc534eb3974de86",
      "name" : "RollBackAPI ResponseBody",
      "source" : "bdc534eb3974de86.txt",
      "type" : "{\"Description\":null,\"ResponseCode\":0}  ResponseTime ",
      "size" : 6
    }, {
      "uid" : "a938067d35936b5d",
      "name" : "GetBalanceAPI RequestBody",
      "source" : "a938067d35936b5d.txt",
      "type" : "text/plain",
      "size" : 67
    }, {
      "uid" : "da86b45a5e5f6e6e",
      "name" : "GetBalanceAPI ResponseBody",
      "source" : "da86b45a5e5f6e6e.txt",
      "type" : "{\"CurrencyId\":\"TND\",\"Description\":null,\"ResponseCode\":0,\"AvailableBalance\":9586.0}  ResponseTime ",
      "size" : 6
    } ],
    "parameters" : [ ],
    "stepsCount" : 0,
    "hasContent" : true,
    "shouldDisplayMessage" : true,
    "attachmentsCount" : 10
  },
  "afterStages" : [ {
    "name" : "tearDownSuite",
    "time" : {
      "start" : 1665498345967,
      "stop" : 1665498345967,
      "duration" : 0
    },
    "description" : "",
    "status" : "passed",
    "steps" : [ ],
    "attachments" : [ ],
    "parameters" : [ ],
    "stepsCount" : 0,
    "hasContent" : false,
    "shouldDisplayMessage" : false,
    "attachmentsCount" : 0
  } ],
  "labels" : [ {
    "name" : "package",
    "value" : "testCases.IqSoft_API_6_RollBack_Negative_Test"
  }, {
    "name" : "testClass",
    "value" : "testCases.IqSoft_API_6_RollBack_Negative_Test"
  }, {
    "name" : "testMethod",
    "value" : "RollBackAPIValidateResponseUsingInvalidProductID"
  }, {
    "name" : "parentSuite",
    "value" : "IQsoft API Integration"
  }, {
    "name" : "suite",
    "value" : "API Integration Automation Test"
  }, {
    "name" : "subSuite",
    "value" : "testCases.IqSoft_API_6_RollBack_Negative_Test"
  }, {
    "name" : "host",
    "value" : "DESKTOP-PO3T4V3"
  }, {
    "name" : "thread",
    "value" : "7564@DESKTOP-PO3T4V3.main(1)"
  }, {
    "name" : "framework",
    "value" : "testng"
  }, {
    "name" : "language",
    "value" : "java"
  }, {
    "name" : "severity",
    "value" : "normal"
  }, {
    "name" : "resultFormat",
    "value" : "allure2"
  } ],
  "parameters" : [ ],
  "links" : [ ],
  "hidden" : false,
  "retry" : false,
  "extra" : {
    "severity" : "normal",
    "retries" : [ {
      "uid" : "1176da7a68f19f8",
      "status" : "failed",
      "statusDetails" : "The following asserts failed:\n\tamountAfterRollBack : 9593.0 = amountAfterCredit: 9592.0 expected [9592.0] but found [9593.0]",
      "time" : {
        "start" : 1665497125622,
        "stop" : 1665497126602,
        "duration" : 980
      }
    } ],
    "categories" : [ {
      "name" : "Product defects",
      "matchedStatuses" : [ ],
      "flaky" : false
    } ],
    "tags" : [ ]
  },
  "source" : "c46a1310262a8e5f.json",
  "parameterValues" : [ ]
}