{
  "uid" : "e8ccb028dc46066",
  "name" : "CreditAPIValidateResponseUsingAmountHigherThenBalance",
  "fullName" : "testCases.IqSoft_API_4_Credit_Negative_Test.CreditAPIValidateResponseUsingAmountHigherThenBalance",
  "historyId" : "61c113a1005fc4fa1f63d23a4d84997c",
  "time" : {
    "start" : 1666984249798,
    "stop" : 1666984250342,
    "duration" : 544
  },
  "description" : "Verify Credit API_s response  using Amount Higher Then Balance",
  "descriptionHtml" : "<p>Verify Credit API_s response  using Amount Higher Then Balance</p>\n",
  "status" : "failed",
  "statusMessage" : "The following asserts failed:\n\tResponseCode: 21 expected [63] but found [21],\n\tError Description: Insufficient funds expected [balance less then bet Amount] but found [Insufficient funds]",
  "statusTrace" : "java.lang.AssertionError: The following asserts failed:\n\tResponseCode: 21 expected [63] but found [21],\n\tError Description: Insufficient funds expected [balance less then bet Amount] but found [Insufficient funds]\r\n\tat org.testng.asserts.SoftAssert.assertAll(SoftAssert.java:46)\r\n\tat org.testng.asserts.SoftAssert.assertAll(SoftAssert.java:30)\r\n\tat testCases.IqSoft_API_4_Credit_Negative_Test.CreditAPIValidateResponseUsingAmountHigherThenBalance(IqSoft_API_4_Credit_Negative_Test.java:236)\r\n\tat java.base/jdk.internal.reflect.NativeMethodAccessorImpl.invoke0(Native Method)\r\n\tat java.base/jdk.internal.reflect.NativeMethodAccessorImpl.invoke(NativeMethodAccessorImpl.java:77)\r\n\tat java.base/jdk.internal.reflect.DelegatingMethodAccessorImpl.invoke(DelegatingMethodAccessorImpl.java:43)\r\n\tat java.base/java.lang.reflect.Method.invoke(Method.java:568)\r\n\tat org.testng.internal.invokers.MethodInvocationHelper.invokeMethod(MethodInvocationHelper.java:139)\r\n\tat org.testng.internal.invokers.TestInvoker.invokeMethod(TestInvoker.java:677)\r\n\tat org.testng.internal.invokers.TestInvoker.invokeTestMethod(TestInvoker.java:221)\r\n\tat org.testng.internal.invokers.MethodRunner.runInSequence(MethodRunner.java:50)\r\n\tat org.testng.internal.invokers.TestInvoker$MethodInvocationAgent.invoke(TestInvoker.java:962)\r\n\tat org.testng.internal.invokers.TestInvoker.invokeTestMethods(TestInvoker.java:194)\r\n\tat org.testng.internal.invokers.TestMethodWorker.invokeTestMethods(TestMethodWorker.java:148)\r\n\tat org.testng.internal.invokers.TestMethodWorker.run(TestMethodWorker.java:128)\r\n\tat java.base/java.util.ArrayList.forEach(ArrayList.java:1511)\r\n\tat org.testng.TestRunner.privateRun(TestRunner.java:806)\r\n\tat org.testng.TestRunner.run(TestRunner.java:601)\r\n\tat org.testng.SuiteRunner.runTest(SuiteRunner.java:433)\r\n\tat org.testng.SuiteRunner.runSequentially(SuiteRunner.java:427)\r\n\tat org.testng.SuiteRunner.privateRun(SuiteRunner.java:387)\r\n\tat org.testng.SuiteRunner.run(SuiteRunner.java:330)\r\n\tat org.testng.SuiteRunnerWorker.runSuite(SuiteRunnerWorker.java:52)\r\n\tat org.testng.SuiteRunnerWorker.run(SuiteRunnerWorker.java:95)\r\n\tat org.testng.TestNG.runSuitesSequentially(TestNG.java:1256)\r\n\tat org.testng.TestNG.runSuitesLocally(TestNG.java:1176)\r\n\tat org.testng.TestNG.runSuites(TestNG.java:1099)\r\n\tat org.testng.TestNG.run(TestNG.java:1067)\r\n\tat com.intellij.rt.testng.IDEARemoteTestNG.run(IDEARemoteTestNG.java:66)\r\n\tat com.intellij.rt.testng.RemoteTestNGStarter.main(RemoteTestNGStarter.java:109)\r\n",
  "flaky" : false,
  "newFailed" : false,
  "newBroken" : false,
  "newPassed" : false,
  "retriesCount" : 0,
  "retriesStatusChange" : false,
  "beforeStages" : [ {
    "name" : "setupSuite",
    "time" : {
      "start" : 1666984239704,
      "stop" : 1666984239738,
      "duration" : 34
    },
    "description" : "",
    "status" : "passed",
    "steps" : [ ],
    "attachments" : [ ],
    "parameters" : [ ],
    "attachmentsCount" : 0,
    "shouldDisplayMessage" : false,
    "hasContent" : false,
    "stepsCount" : 0
  } ],
  "testStage" : {
    "description" : "Verify Credit API_s response  using Amount Higher Then Balance",
    "status" : "failed",
    "statusMessage" : "The following asserts failed:\n\tResponseCode: 21 expected [63] but found [21],\n\tError Description: Insufficient funds expected [balance less then bet Amount] but found [Insufficient funds]",
    "statusTrace" : "java.lang.AssertionError: The following asserts failed:\n\tResponseCode: 21 expected [63] but found [21],\n\tError Description: Insufficient funds expected [balance less then bet Amount] but found [Insufficient funds]\r\n\tat org.testng.asserts.SoftAssert.assertAll(SoftAssert.java:46)\r\n\tat org.testng.asserts.SoftAssert.assertAll(SoftAssert.java:30)\r\n\tat testCases.IqSoft_API_4_Credit_Negative_Test.CreditAPIValidateResponseUsingAmountHigherThenBalance(IqSoft_API_4_Credit_Negative_Test.java:236)\r\n\tat java.base/jdk.internal.reflect.NativeMethodAccessorImpl.invoke0(Native Method)\r\n\tat java.base/jdk.internal.reflect.NativeMethodAccessorImpl.invoke(NativeMethodAccessorImpl.java:77)\r\n\tat java.base/jdk.internal.reflect.DelegatingMethodAccessorImpl.invoke(DelegatingMethodAccessorImpl.java:43)\r\n\tat java.base/java.lang.reflect.Method.invoke(Method.java:568)\r\n\tat org.testng.internal.invokers.MethodInvocationHelper.invokeMethod(MethodInvocationHelper.java:139)\r\n\tat org.testng.internal.invokers.TestInvoker.invokeMethod(TestInvoker.java:677)\r\n\tat org.testng.internal.invokers.TestInvoker.invokeTestMethod(TestInvoker.java:221)\r\n\tat org.testng.internal.invokers.MethodRunner.runInSequence(MethodRunner.java:50)\r\n\tat org.testng.internal.invokers.TestInvoker$MethodInvocationAgent.invoke(TestInvoker.java:962)\r\n\tat org.testng.internal.invokers.TestInvoker.invokeTestMethods(TestInvoker.java:194)\r\n\tat org.testng.internal.invokers.TestMethodWorker.invokeTestMethods(TestMethodWorker.java:148)\r\n\tat org.testng.internal.invokers.TestMethodWorker.run(TestMethodWorker.java:128)\r\n\tat java.base/java.util.ArrayList.forEach(ArrayList.java:1511)\r\n\tat org.testng.TestRunner.privateRun(TestRunner.java:806)\r\n\tat org.testng.TestRunner.run(TestRunner.java:601)\r\n\tat org.testng.SuiteRunner.runTest(SuiteRunner.java:433)\r\n\tat org.testng.SuiteRunner.runSequentially(SuiteRunner.java:427)\r\n\tat org.testng.SuiteRunner.privateRun(SuiteRunner.java:387)\r\n\tat org.testng.SuiteRunner.run(SuiteRunner.java:330)\r\n\tat org.testng.SuiteRunnerWorker.runSuite(SuiteRunnerWorker.java:52)\r\n\tat org.testng.SuiteRunnerWorker.run(SuiteRunnerWorker.java:95)\r\n\tat org.testng.TestNG.runSuitesSequentially(TestNG.java:1256)\r\n\tat org.testng.TestNG.runSuitesLocally(TestNG.java:1176)\r\n\tat org.testng.TestNG.runSuites(TestNG.java:1099)\r\n\tat org.testng.TestNG.run(TestNG.java:1067)\r\n\tat com.intellij.rt.testng.IDEARemoteTestNG.run(IDEARemoteTestNG.java:66)\r\n\tat com.intellij.rt.testng.RemoteTestNGStarter.main(RemoteTestNGStarter.java:109)\r\n",
    "steps" : [ ],
    "attachments" : [ {
      "uid" : "37a589bc2ceeab3a",
      "name" : "GetBalanceAPI:  Url:  https://gobet.tn/iapi/iq/GetBalance        RequestBody",
      "source" : "37a589bc2ceeab3a.txt",
      "type" : "text/plain",
      "size" : 50
    }, {
      "uid" : "3d26bbbfd974a978",
      "name" : "GetBalanceAPI:  ResponseTime  161ms        ResponseBody",
      "source" : "3d26bbbfd974a978.txt",
      "type" : "text/plain",
      "size" : 83
    }, {
      "uid" : "363535d5d0deee60",
      "name" : "CreditAPI:  Url:  https://gobet.tn/iapi/iq/Credit        RequestBody",
      "source" : "363535d5d0deee60.txt",
      "type" : "text/plain",
      "size" : 164
    }, {
      "uid" : "84cb474862dc26fd",
      "name" : "CreditAPI:  ResponseTime  176ms        ResponseBody",
      "source" : "84cb474862dc26fd.txt",
      "type" : "text/plain",
      "size" : 54
    }, {
      "uid" : "6b1a4cc74f51e14c",
      "name" : "GetBalanceAPI:  Url:  https://gobet.tn/iapi/iq/GetBalance        RequestBody",
      "source" : "6b1a4cc74f51e14c.txt",
      "type" : "text/plain",
      "size" : 50
    }, {
      "uid" : "df64b62462206fca",
      "name" : "GetBalanceAPI:  ResponseTime  189ms        ResponseBody",
      "source" : "df64b62462206fca.txt",
      "type" : "text/plain",
      "size" : 83
    } ],
    "parameters" : [ ],
    "attachmentsCount" : 6,
    "shouldDisplayMessage" : true,
    "hasContent" : true,
    "stepsCount" : 0
  },
  "afterStages" : [ {
    "name" : "tearDownSuite",
    "time" : {
      "start" : 1666984267260,
      "stop" : 1666984267260,
      "duration" : 0
    },
    "description" : "",
    "status" : "passed",
    "steps" : [ ],
    "attachments" : [ ],
    "parameters" : [ ],
    "attachmentsCount" : 0,
    "shouldDisplayMessage" : false,
    "hasContent" : false,
    "stepsCount" : 0
  } ],
  "labels" : [ {
    "name" : "package",
    "value" : "testCases.IqSoft_API_4_Credit_Negative_Test"
  }, {
    "name" : "testClass",
    "value" : "testCases.IqSoft_API_4_Credit_Negative_Test"
  }, {
    "name" : "testMethod",
    "value" : "CreditAPIValidateResponseUsingAmountHigherThenBalance"
  }, {
    "name" : "parentSuite",
    "value" : "IQsoft API Integration"
  }, {
    "name" : "suite",
    "value" : "API Integration Automation Test"
  }, {
    "name" : "subSuite",
    "value" : "testCases.IqSoft_API_4_Credit_Negative_Test"
  }, {
    "name" : "host",
    "value" : "DESKTOP-52C1ANV"
  }, {
    "name" : "thread",
    "value" : "21028@DESKTOP-52C1ANV.main(1)"
  }, {
    "name" : "framework",
    "value" : "testng"
  }, {
    "name" : "language",
    "value" : "java"
  }, {
    "name" : "severity",
    "value" : "blocker"
  }, {
    "name" : "resultFormat",
    "value" : "allure2"
  } ],
  "parameters" : [ ],
  "links" : [ ],
  "hidden" : false,
  "retry" : false,
  "extra" : {
    "severity" : "blocker",
    "retries" : [ ],
    "categories" : [ {
      "name" : "Product defects",
      "matchedStatuses" : [ ],
      "flaky" : false
    } ],
    "tags" : [ ]
  },
  "source" : "e8ccb028dc46066.json",
  "parameterValues" : [ ]
}